2025/06/13 13:00:59 - mmengine - INFO - 
------------------------------------------------------------
System environment:
    sys.platform: win32
    Python: 3.10.18 | packaged by Anaconda, Inc. | (main, Jun  5 2025, 13:08:55) [MSC v.1929 64 bit (AMD64)]
    CUDA available: True
    MUSA available: False
    numpy_random_seed: 590445018
    GPU 0: NVIDIA GeForce GTX 1660
    CUDA_HOME: C:\Users\Sagi\Miniconda3\envs\gcp-env\Library
    NVCC: Not Available
    MSVC: Оптимизирующий компилятор Microsoft (R) C/C++ версии 19.43.34810 для x64
    GCC: n/a
    PyTorch: 2.3.0
    PyTorch compiling details: PyTorch built with:
  - C++ Version: 201703
  - MSVC 192930151
  - Intel(R) oneAPI Math Kernel Library Version 2021.4-Product Build 20210904 for Intel(R) 64 architecture applications
  - Intel(R) MKL-DNN v3.3.6 (Git Hash 86e6af5974177e513fd3fee58425e1063e7f1361)
  - OpenMP 2019
  - LAPACK is enabled (usually provided by MKL)
  - CPU capability usage: AVX2
  - CUDA Runtime 12.1
  - NVCC architecture flags: -gencode;arch=compute_50,code=sm_50;-gencode;arch=compute_60,code=sm_60;-gencode;arch=compute_61,code=sm_61;-gencode;arch=compute_70,code=sm_70;-gencode;arch=compute_75,code=sm_75;-gencode;arch=compute_80,code=sm_80;-gencode;arch=compute_86,code=sm_86;-gencode;arch=compute_90,code=sm_90
  - CuDNN 8.8.1  (built against CUDA 12.0)
  - Magma 2.5.4
  - Build settings: BLAS_INFO=mkl, BUILD_TYPE=Release, CUDA_VERSION=12.1, CUDNN_VERSION=8.8.1, CXX_COMPILER=C:/cb/pytorch_1000000000000/work/tmp_bin/sccache-cl.exe, CXX_FLAGS=/DWIN32 /D_WINDOWS /GR /EHsc /Zc:__cplusplus /bigobj /FS /utf-8 -DUSE_PTHREADPOOL -DNDEBUG -DUSE_KINETO -DLIBKINETO_NOCUPTI -DLIBKINETO_NOROCTRACER -DUSE_FBGEMM -DUSE_XNNPACK -DSYMBOLICATE_MOBILE_DEBUG_HANDLE /wd4624 /wd4068 /wd4067 /wd4267 /wd4661 /wd4717 /wd4244 /wd4804 /wd4273, LAPACK_INFO=mkl, PERF_WITH_AVX=1, PERF_WITH_AVX2=1, PERF_WITH_AVX512=1, TORCH_VERSION=2.3.0, USE_CUDA=ON, USE_CUDNN=ON, USE_CUSPARSELT=OFF, USE_EXCEPTION_PTR=1, USE_GFLAGS=OFF, USE_GLOG=OFF, USE_GLOO=ON, USE_MKL=ON, USE_MKLDNN=ON, USE_MPI=OFF, USE_NCCL=OFF, USE_NNPACK=OFF, USE_OPENMP=ON, USE_ROCM=OFF, USE_ROCM_KERNEL_ASSERT=OFF, 

    TorchVision: 0.18.0
    OpenCV: 4.11.0
    MMEngine: 0.10.7

Runtime environment:
    cudnn_benchmark: False
    mp_cfg: {'mp_start_method': 'fork', 'opencv_num_threads': 0}
    dist_cfg: {'backend': 'nccl'}
    seed: 590445018
    Distributed launcher: none
    Distributed training: False
    GPU number: 1
------------------------------------------------------------

2025/06/13 13:00:59 - mmengine - INFO - Config:
auto_scale_lr = dict(base_batch_size=8, enable=False)
backend_args = None
batch_augments = [
    dict(
        img_pad_value=0,
        mask_pad_value=0,
        pad_mask=True,
        pad_seg=True,
        seg_pad_value=255,
        size=(
            512,
            512,
        ),
        type='BatchFixedSizePad'),
]
crop_size = (
    512,
    512,
)
data_preprocessor = dict(
    batch_augments=[
        dict(
            img_pad_value=0,
            mask_pad_value=0,
            pad_mask=True,
            pad_seg=True,
            seg_pad_value=255,
            size=(
                512,
                512,
            ),
            type='BatchFixedSizePad'),
    ],
    bgr_to_rgb=True,
    mask_pad_value=0,
    mean=[
        123.675,
        116.28,
        103.53,
    ],
    pad_mask=True,
    pad_seg=True,
    pad_size_divisor=32,
    seg_pad_value=255,
    std=[
        58.395,
        57.12,
        57.375,
    ],
    type='DetDataPreprocessor')
data_root = 'D:\\Sagi\\GCP\\GCP\\data\\kazgisa-kostanai-test'
dataset_type = 'WHUMixVectorDataset'
default_hooks = dict(
    checkpoint=dict(
        by_epoch=True,
        interval=1,
        max_keep_ckpts=10,
        save_last=True,
        type='CheckpointHook'),
    logger=dict(interval=50, type='LoggerHook'),
    param_scheduler=dict(type='ParamSchedulerHook'),
    sampler_seed=dict(type='DistSamplerSeedHook'),
    timer=dict(type='IterTimerHook'),
    visualization=dict(
        draw=True, test_out_dir='results', type='DetVisualizationHook'))
default_scope = 'mmdet'
embed_multi = dict(decay_mult=0.0, lr_mult=1.0)
env_cfg = dict(
    cudnn_benchmark=False,
    dist_cfg=dict(backend='nccl'),
    mp_cfg=dict(mp_start_method='fork', opencv_num_threads=0))
img_norm_cfg = dict(
    mean=[
        123.675,
        116.28,
        103.53,
    ],
    std=[
        58.395,
        57.12,
        57.375,
    ],
    to_rgb=True)
launcher = 'none'
load_from = 'work_dirs/gcp_r50_query-300_12e_whu-mix-vector/epoch_12.pth'
log_level = 'INFO'
log_processor = dict(by_epoch=True, type='LogProcessor', window_size=50)
max_epochs = 12
model = dict(
    backbone=dict(
        depth=50,
        frozen_stages=-1,
        init_cfg=dict(checkpoint='torchvision://resnet50', type='Pretrained'),
        norm_cfg=dict(requires_grad=False, type='BN'),
        norm_eval=True,
        num_stages=4,
        out_indices=(
            0,
            1,
            2,
            3,
        ),
        style='pytorch',
        type='ResNet'),
    data_preprocessor=dict(
        bgr_to_rgb=True,
        mask_pad_value=0,
        mean=[
            123.675,
            116.28,
            103.53,
        ],
        pad_mask=True,
        pad_seg=True,
        pad_size_divisor=32,
        seg_pad_value=255,
        std=[
            58.395,
            57.12,
            57.375,
        ],
        type='DetDataPreprocessor'),
    frozen_parameters=[
        'backbone',
        'panoptic_head.pixel_decoder',
        'panoptic_head.transformer_decoder',
        'panoptic_head.decoder_input_projs',
        'panoptic_head.query_embed',
        'panoptic_head.query_feat',
        'panoptic_head.level_embed',
        'panoptic_head.cls_embed',
        'panoptic_head.mask_embed',
    ],
    init_cfg=None,
    panoptic_fusion_head=dict(
        init_cfg=None,
        loss_panoptic=None,
        num_stuff_classes=0,
        num_things_classes=1,
        type='PolyFormerFusionHeadV2'),
    panoptic_head=dict(
        dp_polygonize_head=dict(
            init_cfg=None,
            layer_cfg=dict(
                cross_attn_cfg=dict(
                    batch_first=True, dropout=0.0, embed_dims=256,
                    num_heads=8),
                ffn_cfg=dict(
                    act_cfg=dict(inplace=True, type='ReLU'),
                    embed_dims=256,
                    feedforward_channels=2048,
                    ffn_drop=0.0,
                    num_fcs=2),
                self_attn_cfg=dict(
                    batch_first=True, dropout=0.0, embed_dims=256,
                    num_heads=8)),
            num_layers=3,
            return_intermediate=True),
        enforce_decoder_input_project=False,
        feat_channels=256,
        in_channels=[
            256,
            512,
            1024,
            2048,
        ],
        loss_cls=dict(
            class_weight=[
                1.0,
                0.1,
            ],
            loss_weight=2.0,
            reduction='mean',
            type='CrossEntropyLoss',
            use_sigmoid=False),
        loss_dice=dict(
            activate=True,
            eps=1.0,
            loss_weight=5.0,
            naive_dice=True,
            reduction='mean',
            type='DiceLoss',
            use_sigmoid=True),
        loss_mask=dict(
            loss_weight=5.0,
            reduction='mean',
            type='CrossEntropyLoss',
            use_sigmoid=True),
        loss_poly_ang=dict(
            loss_weight=1.0, reduction='mean', type='SmoothL1Loss'),
        loss_poly_reg=dict(
            loss_weight=1.0, reduction='mean', type='SmoothL1Loss'),
        num_queries=300,
        num_stuff_classes=0,
        num_things_classes=1,
        num_transformer_feat_level=3,
        out_channels=256,
        pixel_decoder=dict(
            act_cfg=dict(type='ReLU'),
            encoder=dict(
                layer_cfg=dict(
                    ffn_cfg=dict(
                        act_cfg=dict(inplace=True, type='ReLU'),
                        embed_dims=256,
                        feedforward_channels=1024,
                        ffn_drop=0.0,
                        num_fcs=2),
                    self_attn_cfg=dict(
                        batch_first=True,
                        dropout=0.0,
                        embed_dims=256,
                        num_heads=8,
                        num_levels=3,
                        num_points=4)),
                num_layers=6),
            norm_cfg=dict(num_groups=32, type='GN'),
            num_outs=3,
            positional_encoding=dict(normalize=True, num_feats=128),
            type='MSDeformAttnPixelDecoder'),
        poly_cfg=dict(
            align_iou_thre=0.5,
            apply_angle_loss=True,
            apply_prim_pred=True,
            lam=4,
            loss_weight_dp=0.01,
            map_features=True,
            mask_cls_thre=0.0,
            max_align_dis=15,
            max_match_dis=10,
            max_offsets=5,
            max_step_size=128,
            num_cls_channels=2,
            num_inter_points=64,
            num_min_bins=32,
            point_as_prim=True,
            poly_decode_type='dp',
            polygonize_mode='cv2_single_mask',
            polygonized_scale=4.0,
            pred_angle=False,
            prim_cls_thre=0.1,
            proj_gt=False,
            reg_targets_type='vertice',
            return_poly_json=False,
            sample_points=True,
            step_size=4,
            stride_size=64,
            use_coords_in_poly_feat=True,
            use_decoded_feat_in_poly_feat=True,
            use_gt_jsons=False,
            use_ind_offset=True,
            use_point_feat_in_poly_feat=True,
            use_ref_rings=False),
        positional_encoding=dict(normalize=True, num_feats=128),
        strides=[
            4,
            8,
            16,
            32,
        ],
        transformer_decoder=dict(
            init_cfg=None,
            layer_cfg=dict(
                cross_attn_cfg=dict(
                    batch_first=True, dropout=0.0, embed_dims=256,
                    num_heads=8),
                ffn_cfg=dict(
                    act_cfg=dict(inplace=True, type='ReLU'),
                    embed_dims=256,
                    feedforward_channels=2048,
                    ffn_drop=0.0,
                    num_fcs=2),
                self_attn_cfg=dict(
                    batch_first=True, dropout=0.0, embed_dims=256,
                    num_heads=8)),
            num_layers=9,
            return_intermediate=True),
        type='PolygonizerHead'),
    test_cfg=dict(
        filter_low_score=False,
        instance_on=True,
        iou_thr=0.8,
        max_per_image=300,
        panoptic_on=False,
        semantic_on=False),
    train_cfg=dict(
        add_target_to_data_samples=True,
        assigner=dict(
            match_costs=[
                dict(type='ClassificationCost', weight=2.0),
                dict(
                    type='CrossEntropyLossCost', use_sigmoid=True, weight=5.0),
                dict(eps=1.0, pred_act=True, type='DiceCost', weight=5.0),
            ],
            type='HungarianAssigner'),
        importance_sample_ratio=0.75,
        num_points=12544,
        oversample_ratio=3.0,
        prim_assigner=dict(
            match_costs=[
                dict(type='PointL1Cost', weight=0.1),
            ],
            type='HungarianAssigner'),
        sampler=dict(type='MaskPseudoSampler')),
    type='PolyFormerV2')
num_classes = 1
num_stuff_classes = 0
num_things_classes = 1
optim_wrapper = dict(
    clip_grad=dict(max_norm=0.01, norm_type=2),
    optimizer=dict(
        betas=(
            0.9,
            0.999,
        ),
        eps=1e-08,
        lr=0.0001,
        type='AdamW',
        weight_decay=0.05),
    paramwise_cfg=dict(
        custom_keys=dict(
            backbone=dict(decay_mult=1.0, lr_mult=0.1),
            level_embed=dict(decay_mult=0.0, lr_mult=1.0),
            query_embed=dict(decay_mult=0.0, lr_mult=1.0),
            query_feat=dict(decay_mult=0.0, lr_mult=1.0)),
        norm_decay_mult=0.0),
    type='OptimWrapper')
param_scheduler = [
    dict(
        begin=0,
        by_epoch=True,
        end=12,
        gamma=0.1,
        milestones=[
            9,
        ],
        type='MultiStepLR'),
]
resume = False
test_cfg = dict(type='TestLoop')
test_dataloader = dict(
    batch_size=1,
    dataset=dict(
        ann_file='test.json',
        backend_args=None,
        data_prefix=dict(img='test'),
        data_root='D:\\Sagi\\GCP\\GCP\\data\\kazgisa-kostanai-test',
        pipeline=[
            dict(backend_args=None, type='LoadImageFromFile'),
            dict(keep_ratio=True, scale=(
                512,
                512,
            ), type='Resize'),
            dict(
                poly2mask=False,
                type='LoadAnnotations',
                with_bbox=False,
                with_mask=True,
                with_poly_json=False),
            dict(
                meta_keys=(
                    'img_id',
                    'img_path',
                    'ori_shape',
                    'img_shape',
                    'scale_factor',
                ),
                type='PackDetInputs'),
        ],
        test_mode=True,
        type='WHUMixVectorDataset'),
    drop_last=False,
    num_workers=1,
    persistent_workers=False,
    sampler=dict(shuffle=False, type='DefaultSampler'))
test_evaluator = [
    dict(
        ann_file='D:\\Sagi\\GCP\\GCP\\data\\kazgisa-kostanai-test\\test.json',
        backend_args=None,
        calculate_iou_ciou=True,
        calculate_mta=True,
        mask_type='polygon',
        metric=[
            'segm',
        ],
        score_thre=0.5,
        type='CocoMetric'),
]
test_pipeline = [
    dict(backend_args=None, type='LoadImageFromFile'),
    dict(keep_ratio=True, scale=(
        512,
        512,
    ), type='Resize'),
    dict(
        poly2mask=False,
        type='LoadAnnotations',
        with_bbox=False,
        with_mask=True,
        with_poly_json=False),
    dict(
        meta_keys=(
            'img_id',
            'img_path',
            'ori_shape',
            'img_shape',
            'scale_factor',
        ),
        type='PackDetInputs'),
]
train_cfg = dict(max_epochs=12, type='EpochBasedTrainLoop', val_interval=1)
train_dataloader = dict(
    batch_sampler=dict(type='AspectRatioBatchSampler'),
    batch_size=2,
    dataset=dict(
        ann_file='train/train.json',
        backend_args=None,
        data_prefix=dict(img='train/image'),
        data_root='D:\\Sagi\\GCP\\GCP\\data\\kazgisa-kostanai-test',
        pipeline=[
            dict(backend_args=None, type='LoadImageFromFile'),
            dict(
                poly2mask=False,
                type='LoadAnnotations',
                with_bbox=True,
                with_mask=True,
                with_poly_json=False),
            dict(keep_ratio=True, scale=(
                512,
                512,
            ), type='Resize'),
            dict(
                direction=[
                    'horizontal',
                    'vertical',
                    'diagonal',
                ],
                prob=0.75,
                type='RandomFlip'),
            dict(prob=0.75, type='Rotate90'),
            dict(
                meta_keys=(
                    'img_id',
                    'img_path',
                    'ori_shape',
                    'img_shape',
                    'scale_factor',
                ),
                type='PackDetInputs'),
        ],
        type='WHUMixVectorDataset'),
    num_workers=2,
    persistent_workers=False,
    sampler=dict(shuffle=True, type='DefaultSampler'))
train_pipeline = [
    dict(backend_args=None, type='LoadImageFromFile'),
    dict(
        poly2mask=False,
        type='LoadAnnotations',
        with_bbox=True,
        with_mask=True,
        with_poly_json=False),
    dict(keep_ratio=True, scale=(
        512,
        512,
    ), type='Resize'),
    dict(
        direction=[
            'horizontal',
            'vertical',
            'diagonal',
        ],
        prob=0.75,
        type='RandomFlip'),
    dict(prob=0.75, type='Rotate90'),
    dict(
        meta_keys=(
            'img_id',
            'img_path',
            'ori_shape',
            'img_shape',
            'scale_factor',
        ),
        type='PackDetInputs'),
]
val_cfg = dict(type='ValLoop')
val_dataloader = dict(
    batch_size=1,
    dataset=dict(
        ann_file='test1/test-small.json',
        backend_args=None,
        data_prefix=dict(img='test1/image'),
        data_root='D:\\Sagi\\GCP\\GCP\\data\\kazgisa-kostanai-test',
        pipeline=[
            dict(backend_args=None, type='LoadImageFromFile'),
            dict(keep_ratio=True, scale=(
                512,
                512,
            ), type='Resize'),
            dict(
                poly2mask=False,
                type='LoadAnnotations',
                with_bbox=False,
                with_mask=True,
                with_poly_json=False),
            dict(
                meta_keys=(
                    'img_id',
                    'img_path',
                    'ori_shape',
                    'img_shape',
                    'scale_factor',
                ),
                type='PackDetInputs'),
        ],
        test_mode=True,
        type='WHUMixVectorDataset'),
    drop_last=False,
    num_workers=2,
    persistent_workers=False,
    sampler=dict(shuffle=False, type='DefaultSampler'))
val_evaluator = [
    dict(
        ann_file='D:\\Sagi\\GCP\\GCP\\data\\kazgisa-kostanai-test\\test.json',
        backend_args=None,
        calculate_iou_ciou=True,
        calculate_mta=True,
        mask_type='polygon',
        metric=[
            'segm',
        ],
        score_thre=0.5,
        type='CocoMetric'),
]
vis_backends = [
    dict(type='LocalVisBackend'),
]
visualizer = dict(
    name='visualizer',
    type='TanmlhVisualizer',
    vis_backends=[
        dict(type='LocalVisBackend'),
    ])
work_dir = './work_dirs\\gcp_r50_query-300_12e_whu-mix-vector'

2025/06/13 13:01:00 - mmengine - INFO - Distributed training is not used, all SyncBatchNorm (SyncBN) layers in the model will be automatically reverted to BatchNormXd layers if they are used.
2025/06/13 13:01:00 - mmengine - INFO - Hooks will be executed in the following order:
before_run:
(VERY_HIGH   ) RuntimeInfoHook                    
(BELOW_NORMAL) LoggerHook                         
 -------------------- 
before_train:
(VERY_HIGH   ) RuntimeInfoHook                    
(NORMAL      ) IterTimerHook                      
(VERY_LOW    ) CheckpointHook                     
 -------------------- 
before_train_epoch:
(VERY_HIGH   ) RuntimeInfoHook                    
(NORMAL      ) IterTimerHook                      
(NORMAL      ) DistSamplerSeedHook                
 -------------------- 
before_train_iter:
(VERY_HIGH   ) RuntimeInfoHook                    
(NORMAL      ) IterTimerHook                      
 -------------------- 
after_train_iter:
(VERY_HIGH   ) RuntimeInfoHook                    
(NORMAL      ) IterTimerHook                      
(BELOW_NORMAL) LoggerHook                         
(LOW         ) ParamSchedulerHook                 
(VERY_LOW    ) CheckpointHook                     
 -------------------- 
after_train_epoch:
(NORMAL      ) IterTimerHook                      
(LOW         ) ParamSchedulerHook                 
(VERY_LOW    ) CheckpointHook                     
 -------------------- 
before_val:
(VERY_HIGH   ) RuntimeInfoHook                    
 -------------------- 
before_val_epoch:
(NORMAL      ) IterTimerHook                      
 -------------------- 
before_val_iter:
(NORMAL      ) IterTimerHook                      
 -------------------- 
after_val_iter:
(NORMAL      ) IterTimerHook                      
(NORMAL      ) DetVisualizationHook               
(BELOW_NORMAL) LoggerHook                         
 -------------------- 
after_val_epoch:
(VERY_HIGH   ) RuntimeInfoHook                    
(NORMAL      ) IterTimerHook                      
(BELOW_NORMAL) LoggerHook                         
(LOW         ) ParamSchedulerHook                 
(VERY_LOW    ) CheckpointHook                     
 -------------------- 
after_val:
(VERY_HIGH   ) RuntimeInfoHook                    
 -------------------- 
after_train:
(VERY_HIGH   ) RuntimeInfoHook                    
(VERY_LOW    ) CheckpointHook                     
 -------------------- 
before_test:
(VERY_HIGH   ) RuntimeInfoHook                    
 -------------------- 
before_test_epoch:
(NORMAL      ) IterTimerHook                      
 -------------------- 
before_test_iter:
(NORMAL      ) IterTimerHook                      
 -------------------- 
after_test_iter:
(NORMAL      ) IterTimerHook                      
(NORMAL      ) DetVisualizationHook               
(BELOW_NORMAL) LoggerHook                         
 -------------------- 
after_test_epoch:
(VERY_HIGH   ) RuntimeInfoHook                    
(NORMAL      ) IterTimerHook                      
(BELOW_NORMAL) LoggerHook                         
 -------------------- 
after_test:
(VERY_HIGH   ) RuntimeInfoHook                    
 -------------------- 
after_run:
(BELOW_NORMAL) LoggerHook                         
 -------------------- 
2025/06/13 13:01:01 - mmengine - INFO - Load checkpoint from work_dirs/gcp_r50_query-300_12e_whu-mix-vector/epoch_12.pth
