2025/06/30 10:49:03 - mmengine - INFO - 
------------------------------------------------------------
System environment:
    sys.platform: win32
    Python: 3.10.18 | packaged by Anaconda, Inc. | (main, Jun  5 2025, 13:08:55) [MSC v.1929 64 bit (AMD64)]
    CUDA available: True
    MUSA available: False
    numpy_random_seed: 1285948742
    GPU 0: NVIDIA GeForce GTX 1660
    CUDA_HOME: C:\Users\Sagi\Miniconda3\envs\gcp-env\Library
    NVCC: Not Available
    MSVC: Оптимизирующий компилятор Microsoft (R) C/C++ версии 19.43.34810 для x64
    GCC: n/a
    PyTorch: 2.2.2+cu118
    PyTorch compiling details: PyTorch built with:
  - C++ Version: 201703
  - MSVC 192930151
  - Intel(R) Math Kernel Library Version 2020.0.2 Product Build 20200624 for Intel(R) 64 architecture applications
  - Intel(R) MKL-DNN v3.3.2 (Git Hash 2dc95a2ad0841e29db8b22fbccaf3e5da7992b01)
  - OpenMP 2019
  - LAPACK is enabled (usually provided by MKL)
  - CPU capability usage: AVX2
  - CUDA Runtime 11.8
  - NVCC architecture flags: -gencode;arch=compute_37,code=sm_37;-gencode;arch=compute_50,code=sm_50;-gencode;arch=compute_60,code=sm_60;-gencode;arch=compute_61,code=sm_61;-gencode;arch=compute_70,code=sm_70;-gencode;arch=compute_75,code=sm_75;-gencode;arch=compute_80,code=sm_80;-gencode;arch=compute_86,code=sm_86;-gencode;arch=compute_90,code=sm_90;-gencode;arch=compute_37,code=compute_37
  - CuDNN 8.7
  - Magma 2.5.4
  - Build settings: BLAS_INFO=mkl, BUILD_TYPE=Release, CUDA_VERSION=11.8, CUDNN_VERSION=8.7.0, CXX_COMPILER=C:/actions-runner/_work/pytorch/pytorch/builder/windows/tmp_bin/sccache-cl.exe, CXX_FLAGS=/DWIN32 /D_WINDOWS /GR /EHsc /Zc:__cplusplus /bigobj /FS /utf-8 -DUSE_PTHREADPOOL -DNDEBUG -DUSE_KINETO -DLIBKINETO_NOCUPTI -DLIBKINETO_NOROCTRACER -DUSE_FBGEMM -DUSE_XNNPACK -DSYMBOLICATE_MOBILE_DEBUG_HANDLE /wd4624 /wd4068 /wd4067 /wd4267 /wd4661 /wd4717 /wd4244 /wd4804 /wd4273, LAPACK_INFO=mkl, PERF_WITH_AVX=1, PERF_WITH_AVX2=1, PERF_WITH_AVX512=1, TORCH_VERSION=2.2.2, USE_CUDA=ON, USE_CUDNN=ON, USE_EXCEPTION_PTR=1, USE_GFLAGS=OFF, USE_GLOG=OFF, USE_MKL=ON, USE_MKLDNN=ON, USE_MPI=OFF, USE_NCCL=OFF, USE_NNPACK=OFF, USE_OPENMP=ON, USE_ROCM=OFF, USE_ROCM_KERNEL_ASSERT=OFF, 

    TorchVision: 0.17.2+cu118
    OpenCV: 4.11.0
    MMEngine: 0.10.7

Runtime environment:
    cudnn_benchmark: False
    mp_cfg: {'mp_start_method': 'fork', 'opencv_num_threads': 0}
    dist_cfg: {'backend': 'nccl'}
    seed: 1285948742
    Distributed launcher: none
    Distributed training: False
    GPU number: 1
------------------------------------------------------------

2025/06/30 10:49:03 - mmengine - INFO - Config:
auto_scale_lr = dict(base_batch_size=4, enable=False)
backend_args = None
batch_augments = [
    dict(
        img_pad_value=0,
        mask_pad_value=0,
        pad_mask=True,
        pad_seg=True,
        seg_pad_value=255,
        size=(
            512,
            512,
        ),
        type='BatchFixedSizePad'),
]
crop_size = (
    512,
    512,
)
data_preprocessor = dict(
    batch_augments=[
        dict(
            img_pad_value=0,
            mask_pad_value=0,
            pad_mask=True,
            pad_seg=True,
            seg_pad_value=255,
            size=(
                512,
                512,
            ),
            type='BatchFixedSizePad'),
    ],
    bgr_to_rgb=True,
    mask_pad_value=0,
    mean=[
        123.675,
        116.28,
        103.53,
    ],
    pad_mask=True,
    pad_seg=True,
    pad_size_divisor=32,
    seg_pad_value=255,
    std=[
        58.395,
        57.12,
        57.375,
    ],
    type='DetDataPreprocessor')
data_root = 'data/kostanai'
dataset_type = 'WHUMixVectorDataset'
default_hooks = dict(
    checkpoint=dict(
        by_epoch=True,
        interval=1,
        max_keep_ckpts=3,
        save_last=True,
        type='CheckpointHook'),
    logger=dict(interval=50, type='LoggerHook'),
    param_scheduler=dict(type='ParamSchedulerHook'),
    sampler_seed=dict(type='DistSamplerSeedHook'),
    timer=dict(type='IterTimerHook'),
    visualization=dict(
        draw=True, interval=3, score_thr=0.6, type='TanmlhVisualizationHook'))
default_scope = 'mmdet'
embed_multi = dict(decay_mult=0.0, lr_mult=1.0)
env_cfg = dict(
    cudnn_benchmark=False,
    dist_cfg=dict(backend='nccl'),
    mp_cfg=dict(mp_start_method='fork', opencv_num_threads=0))
img_norm_cfg = dict(
    mean=[
        123.675,
        116.28,
        103.53,
    ],
    std=[
        58.395,
        57.12,
        57.375,
    ],
    to_rgb=True)
launcher = 'none'
load_from = 'checkpoints/mask2former_e10_lre-5_kostanai-afs_v1.pth'
log_level = 'INFO'
log_processor = dict(by_epoch=True, type='LogProcessor', window_size=10)
max_epochs = 8
model = dict(
    backbone=dict(
        depth=50,
        frozen_stages=-1,
        init_cfg=dict(checkpoint='torchvision://resnet50', type='Pretrained'),
        norm_cfg=dict(requires_grad=False, type='BN'),
        norm_eval=True,
        num_stages=4,
        out_indices=(
            0,
            1,
            2,
            3,
        ),
        style='pytorch',
        type='ResNet'),
    data_preprocessor=dict(
        bgr_to_rgb=True,
        mask_pad_value=0,
        mean=[
            123.675,
            116.28,
            103.53,
        ],
        pad_mask=True,
        pad_seg=True,
        pad_size_divisor=32,
        seg_pad_value=255,
        std=[
            58.395,
            57.12,
            57.375,
        ],
        type='DetDataPreprocessor'),
    frozen_parameters=[
        'backbone',
        'panoptic_head.pixel_decoder',
        'panoptic_head.transformer_decoder',
        'panoptic_head.decoder_input_projs',
        'panoptic_head.query_embed',
        'panoptic_head.query_feat',
        'panoptic_head.level_embed',
        'panoptic_head.cls_embed',
        'panoptic_head.mask_embed',
    ],
    init_cfg=None,
    panoptic_fusion_head=dict(
        init_cfg=None,
        loss_panoptic=None,
        num_stuff_classes=0,
        num_things_classes=1,
        type='PolyFormerFusionHeadV2'),
    panoptic_head=dict(
        dp_polygonize_head=dict(
            init_cfg=None,
            layer_cfg=dict(
                cross_attn_cfg=dict(
                    batch_first=True, dropout=0.0, embed_dims=256,
                    num_heads=8),
                ffn_cfg=dict(
                    act_cfg=dict(inplace=True, type='ReLU'),
                    embed_dims=256,
                    feedforward_channels=2048,
                    ffn_drop=0.0,
                    num_fcs=2),
                self_attn_cfg=dict(
                    batch_first=True, dropout=0.0, embed_dims=256,
                    num_heads=8)),
            num_layers=3,
            return_intermediate=True),
        enforce_decoder_input_project=False,
        feat_channels=256,
        in_channels=[
            256,
            512,
            1024,
            2048,
        ],
        loss_cls=dict(
            class_weight=[
                1.0,
                0.1,
            ],
            loss_weight=2.0,
            reduction='mean',
            type='CrossEntropyLoss',
            use_sigmoid=False),
        loss_dice=dict(
            activate=True,
            eps=1.0,
            loss_weight=5.0,
            naive_dice=True,
            reduction='mean',
            type='DiceLoss',
            use_sigmoid=True),
        loss_mask=dict(
            loss_weight=5.0,
            reduction='mean',
            type='CrossEntropyLoss',
            use_sigmoid=True),
        loss_poly_ang=dict(
            loss_weight=1.0, reduction='mean', type='SmoothL1Loss'),
        loss_poly_reg=dict(
            loss_weight=1.0, reduction='mean', type='SmoothL1Loss'),
        num_queries=300,
        num_stuff_classes=0,
        num_things_classes=1,
        num_transformer_feat_level=3,
        out_channels=256,
        pixel_decoder=dict(
            act_cfg=dict(type='ReLU'),
            encoder=dict(
                layer_cfg=dict(
                    ffn_cfg=dict(
                        act_cfg=dict(inplace=True, type='ReLU'),
                        embed_dims=256,
                        feedforward_channels=1024,
                        ffn_drop=0.0,
                        num_fcs=2),
                    self_attn_cfg=dict(
                        batch_first=True,
                        dropout=0.0,
                        embed_dims=256,
                        num_heads=8,
                        num_levels=3,
                        num_points=4)),
                num_layers=6),
            norm_cfg=dict(num_groups=32, type='GN'),
            num_outs=3,
            positional_encoding=dict(normalize=True, num_feats=128),
            type='MSDeformAttnPixelDecoder'),
        poly_cfg=dict(
            align_iou_thre=0.5,
            apply_angle_loss=True,
            apply_prim_pred=True,
            lam=4,
            loss_weight_dp=0.01,
            map_features=True,
            mask_cls_thre=0.0,
            max_align_dis=15,
            max_match_dis=10,
            max_offsets=5,
            max_step_size=128,
            num_cls_channels=2,
            num_inter_points=64,
            num_min_bins=32,
            point_as_prim=True,
            poly_decode_type='dp',
            polygonize_mode='cv2_single_mask',
            polygonized_scale=4.0,
            pred_angle=False,
            prim_cls_thre=0.1,
            proj_gt=False,
            reg_targets_type='vertice',
            return_poly_json=False,
            sample_points=True,
            step_size=4,
            stride_size=64,
            use_coords_in_poly_feat=True,
            use_decoded_feat_in_poly_feat=True,
            use_gt_jsons=False,
            use_ind_offset=True,
            use_point_feat_in_poly_feat=True,
            use_ref_rings=False),
        positional_encoding=dict(normalize=True, num_feats=128),
        strides=[
            4,
            8,
            16,
            32,
        ],
        transformer_decoder=dict(
            init_cfg=None,
            layer_cfg=dict(
                cross_attn_cfg=dict(
                    batch_first=True, dropout=0.0, embed_dims=256,
                    num_heads=8),
                ffn_cfg=dict(
                    act_cfg=dict(inplace=True, type='ReLU'),
                    embed_dims=256,
                    feedforward_channels=2048,
                    ffn_drop=0.0,
                    num_fcs=2),
                self_attn_cfg=dict(
                    batch_first=True, dropout=0.0, embed_dims=256,
                    num_heads=8)),
            num_layers=9,
            return_intermediate=True),
        type='PolygonizerHead'),
    test_cfg=dict(
        filter_low_score=True,
        instance_on=True,
        iou_thr=0.8,
        max_per_image=300,
        panoptic_on=False,
        score_thr=0.6,
        semantic_on=False),
    train_cfg=dict(
        add_target_to_data_samples=True,
        assigner=dict(
            match_costs=[
                dict(type='ClassificationCost', weight=2.0),
                dict(
                    type='CrossEntropyLossCost', use_sigmoid=True, weight=5.0),
                dict(eps=1.0, pred_act=True, type='DiceCost', weight=5.0),
            ],
            type='HungarianAssigner'),
        importance_sample_ratio=0.75,
        num_points=12544,
        oversample_ratio=3.0,
        prim_assigner=dict(
            match_costs=[
                dict(type='PointL1Cost', weight=0.1),
            ],
            type='HungarianAssigner'),
        sampler=dict(type='MaskPseudoSampler')),
    type='PolyFormerV2')
num_classes = 1
num_stuff_classes = 0
num_things_classes = 1
optim_wrapper = dict(
    clip_grad=dict(max_norm=0.01, norm_type=2),
    optimizer=dict(
        betas=(
            0.9,
            0.999,
        ),
        eps=1e-08,
        lr=1e-05,
        type='AdamW',
        weight_decay=0.05),
    paramwise_cfg=dict(
        custom_keys=dict(
            backbone=dict(decay_mult=1.0, lr_mult=0.01),
            level_embed=dict(decay_mult=0.0, lr_mult=1.0),
            query_embed=dict(decay_mult=0.0, lr_mult=1.0),
            query_feat=dict(decay_mult=0.0, lr_mult=1.0)),
        norm_decay_mult=0.0),
    type='OptimWrapper')
param_scheduler = [
    dict(
        begin=0,
        by_epoch=True,
        end=8,
        gamma=0.1,
        milestones=[
            9,
        ],
        type='MultiStepLR'),
]
resume = False
test_cfg = dict(type='TestLoop')
test_dataloader = dict(
    batch_size=1,
    dataset=dict(
        ann_file='test/test.json',
        backend_args=None,
        data_prefix=dict(img='test/images'),
        data_root='data/kostanai',
        pipeline=[
            dict(backend_args=None, type='LoadImageFromFile'),
            dict(keep_ratio=True, scale=(
                512,
                512,
            ), type='Resize'),
            dict(
                poly2mask=False,
                type='LoadAnnotations',
                with_bbox=False,
                with_mask=True,
                with_poly_json=False),
            dict(
                meta_keys=(
                    'img_id',
                    'img_path',
                    'ori_shape',
                    'img_shape',
                    'scale_factor',
                ),
                type='PackDetInputs'),
        ],
        test_mode=True,
        type='WHUMixVectorDataset'),
    drop_last=False,
    num_workers=1,
    persistent_workers=False,
    sampler=dict(shuffle=False, type='DefaultSampler'))
test_evaluator = [
    dict(
        ann_file='data/kostanai/test/test.json',
        backend_args=None,
        calculate_iou_ciou=True,
        calculate_mta=True,
        mask_type='polygon',
        metric=[
            'segm',
        ],
        score_thre=0.5,
        type='CocoMetric'),
]
test_pipeline = [
    dict(backend_args=None, type='LoadImageFromFile'),
    dict(keep_ratio=True, scale=(
        512,
        512,
    ), type='Resize'),
    dict(
        poly2mask=False,
        type='LoadAnnotations',
        with_bbox=False,
        with_mask=True,
        with_poly_json=False),
    dict(
        meta_keys=(
            'img_id',
            'img_path',
            'ori_shape',
            'img_shape',
            'scale_factor',
        ),
        type='PackDetInputs'),
]
train_cfg = dict(max_epochs=8, type='EpochBasedTrainLoop', val_interval=1)
train_dataloader = dict(
    batch_sampler=dict(type='AspectRatioBatchSampler'),
    batch_size=2,
    dataset=dict(
        ann_file='train/train.json',
        backend_args=None,
        data_prefix=dict(img='train/images'),
        data_root='data/kostanai',
        pipeline=[
            dict(backend_args=None, type='LoadImageFromFile'),
            dict(
                poly2mask=False,
                type='LoadAnnotations',
                with_bbox=True,
                with_mask=True,
                with_poly_json=False),
            dict(keep_ratio=True, scale=(
                512,
                512,
            ), type='Resize'),
            dict(
                direction=[
                    'horizontal',
                    'vertical',
                    'diagonal',
                ],
                prob=0.75,
                type='RandomFlip'),
            dict(prob=0.75, type='Rotate90'),
            dict(
                meta_keys=(
                    'img_id',
                    'img_path',
                    'ori_shape',
                    'img_shape',
                    'scale_factor',
                ),
                type='PackDetInputs'),
        ],
        type='WHUMixVectorDataset'),
    num_workers=2,
    persistent_workers=False,
    sampler=dict(shuffle=True, type='DefaultSampler'))
train_pipeline = [
    dict(backend_args=None, type='LoadImageFromFile'),
    dict(
        poly2mask=False,
        type='LoadAnnotations',
        with_bbox=True,
        with_mask=True,
        with_poly_json=False),
    dict(keep_ratio=True, scale=(
        512,
        512,
    ), type='Resize'),
    dict(
        direction=[
            'horizontal',
            'vertical',
            'diagonal',
        ],
        prob=0.75,
        type='RandomFlip'),
    dict(prob=0.75, type='Rotate90'),
    dict(
        meta_keys=(
            'img_id',
            'img_path',
            'ori_shape',
            'img_shape',
            'scale_factor',
        ),
        type='PackDetInputs'),
]
val_cfg = dict(type='ValLoop')
val_dataloader = dict(
    batch_size=2,
    dataset=dict(
        ann_file='val/val.json',
        backend_args=None,
        data_prefix=dict(img='val/images'),
        data_root='data/kostanai',
        pipeline=[
            dict(backend_args=None, type='LoadImageFromFile'),
            dict(keep_ratio=True, scale=(
                512,
                512,
            ), type='Resize'),
            dict(
                poly2mask=False,
                type='LoadAnnotations',
                with_bbox=False,
                with_mask=True,
                with_poly_json=False),
            dict(
                meta_keys=(
                    'img_id',
                    'img_path',
                    'ori_shape',
                    'img_shape',
                    'scale_factor',
                ),
                type='PackDetInputs'),
        ],
        test_mode=True,
        type='WHUMixVectorDataset'),
    drop_last=False,
    num_workers=2,
    persistent_workers=False,
    sampler=dict(shuffle=False, type='DefaultSampler'))
val_evaluator = [
    dict(
        ann_file='data/kostanai/val/val.json',
        backend_args=None,
        calculate_iou_ciou=True,
        calculate_mta=True,
        mask_type='polygon',
        metric=[
            'segm',
        ],
        score_thre=0.5,
        type='CocoMetric'),
]
vis_backends = [
    dict(
        init_kwargs=dict(
            allow_val_change=True,
            group='gcp_training',
            name='gcp_e5_lre-5_kostanai_afs_v1',
            project='building-segmentation-gcp',
            resume='never'),
        save_dir='work_dir\\gcp_training\\gcp_e5_lre-5_kostanai_afs_v1\\wandb',
        type='WandbVisBackend'),
]
visualizer = dict(
    name='visualizer',
    type='TanmlhVisualizer',
    vis_backends=[
        dict(
            init_kwargs=dict(
                allow_val_change=True,
                group='gcp_training',
                name='gcp_e5_lre-5_kostanai_afs_v1',
                project='building-segmentation-gcp',
                resume='never'),
            save_dir=
            'work_dir\\gcp_training\\gcp_e5_lre-5_kostanai_afs_v1\\wandb',
            type='WandbVisBackend'),
    ])
work_dir = 'work_dir\\gcp_training\\gcp_e5_lre-5_kostanai_afs_v1'

2025/06/30 10:49:09 - mmengine - INFO - Distributed training is not used, all SyncBatchNorm (SyncBN) layers in the model will be automatically reverted to BatchNormXd layers if they are used.
2025/06/30 10:49:09 - mmengine - INFO - Hooks will be executed in the following order:
before_run:
(VERY_HIGH   ) RuntimeInfoHook                    
(BELOW_NORMAL) LoggerHook                         
 -------------------- 
before_train:
(VERY_HIGH   ) RuntimeInfoHook                    
(NORMAL      ) IterTimerHook                      
(VERY_LOW    ) CheckpointHook                     
 -------------------- 
before_train_epoch:
(VERY_HIGH   ) RuntimeInfoHook                    
(NORMAL      ) IterTimerHook                      
(NORMAL      ) DistSamplerSeedHook                
 -------------------- 
before_train_iter:
(VERY_HIGH   ) RuntimeInfoHook                    
(NORMAL      ) IterTimerHook                      
 -------------------- 
after_train_iter:
(VERY_HIGH   ) RuntimeInfoHook                    
(NORMAL      ) IterTimerHook                      
(BELOW_NORMAL) LoggerHook                         
(LOW         ) ParamSchedulerHook                 
(VERY_LOW    ) CheckpointHook                     
 -------------------- 
after_train_epoch:
(NORMAL      ) IterTimerHook                      
(LOW         ) ParamSchedulerHook                 
(VERY_LOW    ) CheckpointHook                     
 -------------------- 
before_val:
(VERY_HIGH   ) RuntimeInfoHook                    
 -------------------- 
before_val_epoch:
(NORMAL      ) IterTimerHook                      
 -------------------- 
before_val_iter:
(NORMAL      ) IterTimerHook                      
 -------------------- 
after_val_iter:
(NORMAL      ) IterTimerHook                      
(NORMAL      ) TanmlhVisualizationHook            
(BELOW_NORMAL) LoggerHook                         
 -------------------- 
after_val_epoch:
(VERY_HIGH   ) RuntimeInfoHook                    
(NORMAL      ) IterTimerHook                      
(BELOW_NORMAL) LoggerHook                         
(LOW         ) ParamSchedulerHook                 
(VERY_LOW    ) CheckpointHook                     
 -------------------- 
after_val:
(VERY_HIGH   ) RuntimeInfoHook                    
 -------------------- 
after_train:
(VERY_HIGH   ) RuntimeInfoHook                    
(VERY_LOW    ) CheckpointHook                     
 -------------------- 
before_test:
(VERY_HIGH   ) RuntimeInfoHook                    
 -------------------- 
before_test_epoch:
(NORMAL      ) IterTimerHook                      
 -------------------- 
before_test_iter:
(NORMAL      ) IterTimerHook                      
 -------------------- 
after_test_iter:
(NORMAL      ) IterTimerHook                      
(NORMAL      ) TanmlhVisualizationHook            
(BELOW_NORMAL) LoggerHook                         
 -------------------- 
after_test_epoch:
(VERY_HIGH   ) RuntimeInfoHook                    
(NORMAL      ) IterTimerHook                      
(BELOW_NORMAL) LoggerHook                         
 -------------------- 
after_test:
(VERY_HIGH   ) RuntimeInfoHook                    
 -------------------- 
after_run:
(BELOW_NORMAL) LoggerHook                         
 -------------------- 
2025/06/30 10:49:12 - mmengine - INFO - paramwise_options -- backbone.conv1.weight:lr=1.0000000000000001e-07
2025/06/30 10:49:12 - mmengine - INFO - paramwise_options -- backbone.conv1.weight:weight_decay=0.05
2025/06/30 10:49:12 - mmengine - INFO - paramwise_options -- backbone.conv1.weight:lr_mult=0.01
2025/06/30 10:49:12 - mmengine - INFO - paramwise_options -- backbone.conv1.weight:decay_mult=1.0
2025/06/30 10:49:12 - mmengine - WARNING - backbone.bn1.weight is skipped since its requires_grad=False
2025/06/30 10:49:12 - mmengine - WARNING - backbone.bn1.bias is skipped since its requires_grad=False
2025/06/30 10:49:12 - mmengine - INFO - paramwise_options -- backbone.layer1.0.conv1.weight:lr=1.0000000000000001e-07
2025/06/30 10:49:12 - mmengine - INFO - paramwise_options -- backbone.layer1.0.conv1.weight:weight_decay=0.05
2025/06/30 10:49:12 - mmengine - INFO - paramwise_options -- backbone.layer1.0.conv1.weight:lr_mult=0.01
2025/06/30 10:49:12 - mmengine - INFO - paramwise_options -- backbone.layer1.0.conv1.weight:decay_mult=1.0
2025/06/30 10:49:12 - mmengine - WARNING - backbone.layer1.0.bn1.weight is skipped since its requires_grad=False
2025/06/30 10:49:12 - mmengine - WARNING - backbone.layer1.0.bn1.bias is skipped since its requires_grad=False
2025/06/30 10:49:12 - mmengine - INFO - paramwise_options -- backbone.layer1.0.conv2.weight:lr=1.0000000000000001e-07
2025/06/30 10:49:12 - mmengine - INFO - paramwise_options -- backbone.layer1.0.conv2.weight:weight_decay=0.05
2025/06/30 10:49:12 - mmengine - INFO - paramwise_options -- backbone.layer1.0.conv2.weight:lr_mult=0.01
2025/06/30 10:49:12 - mmengine - INFO - paramwise_options -- backbone.layer1.0.conv2.weight:decay_mult=1.0
2025/06/30 10:49:12 - mmengine - WARNING - backbone.layer1.0.bn2.weight is skipped since its requires_grad=False
2025/06/30 10:49:12 - mmengine - WARNING - backbone.layer1.0.bn2.bias is skipped since its requires_grad=False
2025/06/30 10:49:12 - mmengine - INFO - paramwise_options -- backbone.layer1.0.conv3.weight:lr=1.0000000000000001e-07
2025/06/30 10:49:12 - mmengine - INFO - paramwise_options -- backbone.layer1.0.conv3.weight:weight_decay=0.05
2025/06/30 10:49:12 - mmengine - INFO - paramwise_options -- backbone.layer1.0.conv3.weight:lr_mult=0.01
2025/06/30 10:49:12 - mmengine - INFO - paramwise_options -- backbone.layer1.0.conv3.weight:decay_mult=1.0
2025/06/30 10:49:12 - mmengine - WARNING - backbone.layer1.0.bn3.weight is skipped since its requires_grad=False
2025/06/30 10:49:12 - mmengine - WARNING - backbone.layer1.0.bn3.bias is skipped since its requires_grad=False
2025/06/30 10:49:12 - mmengine - INFO - paramwise_options -- backbone.layer1.0.downsample.0.weight:lr=1.0000000000000001e-07
2025/06/30 10:49:12 - mmengine - INFO - paramwise_options -- backbone.layer1.0.downsample.0.weight:weight_decay=0.05
2025/06/30 10:49:12 - mmengine - INFO - paramwise_options -- backbone.layer1.0.downsample.0.weight:lr_mult=0.01
2025/06/30 10:49:12 - mmengine - INFO - paramwise_options -- backbone.layer1.0.downsample.0.weight:decay_mult=1.0
2025/06/30 10:49:12 - mmengine - WARNING - backbone.layer1.0.downsample.1.weight is skipped since its requires_grad=False
2025/06/30 10:49:12 - mmengine - WARNING - backbone.layer1.0.downsample.1.bias is skipped since its requires_grad=False
2025/06/30 10:49:12 - mmengine - INFO - paramwise_options -- backbone.layer1.1.conv1.weight:lr=1.0000000000000001e-07
2025/06/30 10:49:12 - mmengine - INFO - paramwise_options -- backbone.layer1.1.conv1.weight:weight_decay=0.05
2025/06/30 10:49:12 - mmengine - INFO - paramwise_options -- backbone.layer1.1.conv1.weight:lr_mult=0.01
2025/06/30 10:49:12 - mmengine - INFO - paramwise_options -- backbone.layer1.1.conv1.weight:decay_mult=1.0
2025/06/30 10:49:12 - mmengine - WARNING - backbone.layer1.1.bn1.weight is skipped since its requires_grad=False
2025/06/30 10:49:12 - mmengine - WARNING - backbone.layer1.1.bn1.bias is skipped since its requires_grad=False
2025/06/30 10:49:12 - mmengine - INFO - paramwise_options -- backbone.layer1.1.conv2.weight:lr=1.0000000000000001e-07
2025/06/30 10:49:12 - mmengine - INFO - paramwise_options -- backbone.layer1.1.conv2.weight:weight_decay=0.05
2025/06/30 10:49:12 - mmengine - INFO - paramwise_options -- backbone.layer1.1.conv2.weight:lr_mult=0.01
2025/06/30 10:49:12 - mmengine - INFO - paramwise_options -- backbone.layer1.1.conv2.weight:decay_mult=1.0
2025/06/30 10:49:12 - mmengine - WARNING - backbone.layer1.1.bn2.weight is skipped since its requires_grad=False
2025/06/30 10:49:12 - mmengine - WARNING - backbone.layer1.1.bn2.bias is skipped since its requires_grad=False
2025/06/30 10:49:12 - mmengine - INFO - paramwise_options -- backbone.layer1.1.conv3.weight:lr=1.0000000000000001e-07
2025/06/30 10:49:12 - mmengine - INFO - paramwise_options -- backbone.layer1.1.conv3.weight:weight_decay=0.05
2025/06/30 10:49:12 - mmengine - INFO - paramwise_options -- backbone.layer1.1.conv3.weight:lr_mult=0.01
2025/06/30 10:49:12 - mmengine - INFO - paramwise_options -- backbone.layer1.1.conv3.weight:decay_mult=1.0
2025/06/30 10:49:12 - mmengine - WARNING - backbone.layer1.1.bn3.weight is skipped since its requires_grad=False
2025/06/30 10:49:12 - mmengine - WARNING - backbone.layer1.1.bn3.bias is skipped since its requires_grad=False
2025/06/30 10:49:12 - mmengine - INFO - paramwise_options -- backbone.layer1.2.conv1.weight:lr=1.0000000000000001e-07
2025/06/30 10:49:12 - mmengine - INFO - paramwise_options -- backbone.layer1.2.conv1.weight:weight_decay=0.05
2025/06/30 10:49:12 - mmengine - INFO - paramwise_options -- backbone.layer1.2.conv1.weight:lr_mult=0.01
2025/06/30 10:49:12 - mmengine - INFO - paramwise_options -- backbone.layer1.2.conv1.weight:decay_mult=1.0
2025/06/30 10:49:12 - mmengine - WARNING - backbone.layer1.2.bn1.weight is skipped since its requires_grad=False
2025/06/30 10:49:12 - mmengine - WARNING - backbone.layer1.2.bn1.bias is skipped since its requires_grad=False
2025/06/30 10:49:12 - mmengine - INFO - paramwise_options -- backbone.layer1.2.conv2.weight:lr=1.0000000000000001e-07
2025/06/30 10:49:12 - mmengine - INFO - paramwise_options -- backbone.layer1.2.conv2.weight:weight_decay=0.05
2025/06/30 10:49:12 - mmengine - INFO - paramwise_options -- backbone.layer1.2.conv2.weight:lr_mult=0.01
2025/06/30 10:49:12 - mmengine - INFO - paramwise_options -- backbone.layer1.2.conv2.weight:decay_mult=1.0
2025/06/30 10:49:12 - mmengine - WARNING - backbone.layer1.2.bn2.weight is skipped since its requires_grad=False
2025/06/30 10:49:12 - mmengine - WARNING - backbone.layer1.2.bn2.bias is skipped since its requires_grad=False
2025/06/30 10:49:12 - mmengine - INFO - paramwise_options -- backbone.layer1.2.conv3.weight:lr=1.0000000000000001e-07
2025/06/30 10:49:12 - mmengine - INFO - paramwise_options -- backbone.layer1.2.conv3.weight:weight_decay=0.05
2025/06/30 10:49:12 - mmengine - INFO - paramwise_options -- backbone.layer1.2.conv3.weight:lr_mult=0.01
2025/06/30 10:49:12 - mmengine - INFO - paramwise_options -- backbone.layer1.2.conv3.weight:decay_mult=1.0
2025/06/30 10:49:12 - mmengine - WARNING - backbone.layer1.2.bn3.weight is skipped since its requires_grad=False
2025/06/30 10:49:12 - mmengine - WARNING - backbone.layer1.2.bn3.bias is skipped since its requires_grad=False
2025/06/30 10:49:12 - mmengine - INFO - paramwise_options -- backbone.layer2.0.conv1.weight:lr=1.0000000000000001e-07
2025/06/30 10:49:12 - mmengine - INFO - paramwise_options -- backbone.layer2.0.conv1.weight:weight_decay=0.05
2025/06/30 10:49:12 - mmengine - INFO - paramwise_options -- backbone.layer2.0.conv1.weight:lr_mult=0.01
2025/06/30 10:49:12 - mmengine - INFO - paramwise_options -- backbone.layer2.0.conv1.weight:decay_mult=1.0
2025/06/30 10:49:12 - mmengine - WARNING - backbone.layer2.0.bn1.weight is skipped since its requires_grad=False
2025/06/30 10:49:12 - mmengine - WARNING - backbone.layer2.0.bn1.bias is skipped since its requires_grad=False
2025/06/30 10:49:12 - mmengine - INFO - paramwise_options -- backbone.layer2.0.conv2.weight:lr=1.0000000000000001e-07
2025/06/30 10:49:12 - mmengine - INFO - paramwise_options -- backbone.layer2.0.conv2.weight:weight_decay=0.05
2025/06/30 10:49:12 - mmengine - INFO - paramwise_options -- backbone.layer2.0.conv2.weight:lr_mult=0.01
2025/06/30 10:49:12 - mmengine - INFO - paramwise_options -- backbone.layer2.0.conv2.weight:decay_mult=1.0
2025/06/30 10:49:12 - mmengine - WARNING - backbone.layer2.0.bn2.weight is skipped since its requires_grad=False
2025/06/30 10:49:12 - mmengine - WARNING - backbone.layer2.0.bn2.bias is skipped since its requires_grad=False
2025/06/30 10:49:12 - mmengine - INFO - paramwise_options -- backbone.layer2.0.conv3.weight:lr=1.0000000000000001e-07
2025/06/30 10:49:12 - mmengine - INFO - paramwise_options -- backbone.layer2.0.conv3.weight:weight_decay=0.05
2025/06/30 10:49:12 - mmengine - INFO - paramwise_options -- backbone.layer2.0.conv3.weight:lr_mult=0.01
2025/06/30 10:49:12 - mmengine - INFO - paramwise_options -- backbone.layer2.0.conv3.weight:decay_mult=1.0
2025/06/30 10:49:12 - mmengine - WARNING - backbone.layer2.0.bn3.weight is skipped since its requires_grad=False
2025/06/30 10:49:12 - mmengine - WARNING - backbone.layer2.0.bn3.bias is skipped since its requires_grad=False
2025/06/30 10:49:12 - mmengine - INFO - paramwise_options -- backbone.layer2.0.downsample.0.weight:lr=1.0000000000000001e-07
2025/06/30 10:49:12 - mmengine - INFO - paramwise_options -- backbone.layer2.0.downsample.0.weight:weight_decay=0.05
2025/06/30 10:49:12 - mmengine - INFO - paramwise_options -- backbone.layer2.0.downsample.0.weight:lr_mult=0.01
2025/06/30 10:49:12 - mmengine - INFO - paramwise_options -- backbone.layer2.0.downsample.0.weight:decay_mult=1.0
2025/06/30 10:49:12 - mmengine - WARNING - backbone.layer2.0.downsample.1.weight is skipped since its requires_grad=False
2025/06/30 10:49:12 - mmengine - WARNING - backbone.layer2.0.downsample.1.bias is skipped since its requires_grad=False
2025/06/30 10:49:12 - mmengine - INFO - paramwise_options -- backbone.layer2.1.conv1.weight:lr=1.0000000000000001e-07
2025/06/30 10:49:12 - mmengine - INFO - paramwise_options -- backbone.layer2.1.conv1.weight:weight_decay=0.05
2025/06/30 10:49:12 - mmengine - INFO - paramwise_options -- backbone.layer2.1.conv1.weight:lr_mult=0.01
2025/06/30 10:49:12 - mmengine - INFO - paramwise_options -- backbone.layer2.1.conv1.weight:decay_mult=1.0
2025/06/30 10:49:12 - mmengine - WARNING - backbone.layer2.1.bn1.weight is skipped since its requires_grad=False
2025/06/30 10:49:12 - mmengine - WARNING - backbone.layer2.1.bn1.bias is skipped since its requires_grad=False
2025/06/30 10:49:12 - mmengine - INFO - paramwise_options -- backbone.layer2.1.conv2.weight:lr=1.0000000000000001e-07
2025/06/30 10:49:12 - mmengine - INFO - paramwise_options -- backbone.layer2.1.conv2.weight:weight_decay=0.05
2025/06/30 10:49:12 - mmengine - INFO - paramwise_options -- backbone.layer2.1.conv2.weight:lr_mult=0.01
2025/06/30 10:49:12 - mmengine - INFO - paramwise_options -- backbone.layer2.1.conv2.weight:decay_mult=1.0
2025/06/30 10:49:12 - mmengine - WARNING - backbone.layer2.1.bn2.weight is skipped since its requires_grad=False
2025/06/30 10:49:12 - mmengine - WARNING - backbone.layer2.1.bn2.bias is skipped since its requires_grad=False
2025/06/30 10:49:12 - mmengine - INFO - paramwise_options -- backbone.layer2.1.conv3.weight:lr=1.0000000000000001e-07
2025/06/30 10:49:12 - mmengine - INFO - paramwise_options -- backbone.layer2.1.conv3.weight:weight_decay=0.05
2025/06/30 10:49:12 - mmengine - INFO - paramwise_options -- backbone.layer2.1.conv3.weight:lr_mult=0.01
2025/06/30 10:49:12 - mmengine - INFO - paramwise_options -- backbone.layer2.1.conv3.weight:decay_mult=1.0
2025/06/30 10:49:12 - mmengine - WARNING - backbone.layer2.1.bn3.weight is skipped since its requires_grad=False
2025/06/30 10:49:12 - mmengine - WARNING - backbone.layer2.1.bn3.bias is skipped since its requires_grad=False
2025/06/30 10:49:12 - mmengine - INFO - paramwise_options -- backbone.layer2.2.conv1.weight:lr=1.0000000000000001e-07
2025/06/30 10:49:12 - mmengine - INFO - paramwise_options -- backbone.layer2.2.conv1.weight:weight_decay=0.05
2025/06/30 10:49:12 - mmengine - INFO - paramwise_options -- backbone.layer2.2.conv1.weight:lr_mult=0.01
2025/06/30 10:49:12 - mmengine - INFO - paramwise_options -- backbone.layer2.2.conv1.weight:decay_mult=1.0
2025/06/30 10:49:12 - mmengine - WARNING - backbone.layer2.2.bn1.weight is skipped since its requires_grad=False
2025/06/30 10:49:12 - mmengine - WARNING - backbone.layer2.2.bn1.bias is skipped since its requires_grad=False
2025/06/30 10:49:12 - mmengine - INFO - paramwise_options -- backbone.layer2.2.conv2.weight:lr=1.0000000000000001e-07
2025/06/30 10:49:12 - mmengine - INFO - paramwise_options -- backbone.layer2.2.conv2.weight:weight_decay=0.05
2025/06/30 10:49:12 - mmengine - INFO - paramwise_options -- backbone.layer2.2.conv2.weight:lr_mult=0.01
2025/06/30 10:49:12 - mmengine - INFO - paramwise_options -- backbone.layer2.2.conv2.weight:decay_mult=1.0
2025/06/30 10:49:12 - mmengine - WARNING - backbone.layer2.2.bn2.weight is skipped since its requires_grad=False
2025/06/30 10:49:12 - mmengine - WARNING - backbone.layer2.2.bn2.bias is skipped since its requires_grad=False
2025/06/30 10:49:12 - mmengine - INFO - paramwise_options -- backbone.layer2.2.conv3.weight:lr=1.0000000000000001e-07
2025/06/30 10:49:12 - mmengine - INFO - paramwise_options -- backbone.layer2.2.conv3.weight:weight_decay=0.05
2025/06/30 10:49:12 - mmengine - INFO - paramwise_options -- backbone.layer2.2.conv3.weight:lr_mult=0.01
2025/06/30 10:49:12 - mmengine - INFO - paramwise_options -- backbone.layer2.2.conv3.weight:decay_mult=1.0
2025/06/30 10:49:12 - mmengine - WARNING - backbone.layer2.2.bn3.weight is skipped since its requires_grad=False
2025/06/30 10:49:12 - mmengine - WARNING - backbone.layer2.2.bn3.bias is skipped since its requires_grad=False
2025/06/30 10:49:12 - mmengine - INFO - paramwise_options -- backbone.layer2.3.conv1.weight:lr=1.0000000000000001e-07
2025/06/30 10:49:12 - mmengine - INFO - paramwise_options -- backbone.layer2.3.conv1.weight:weight_decay=0.05
2025/06/30 10:49:12 - mmengine - INFO - paramwise_options -- backbone.layer2.3.conv1.weight:lr_mult=0.01
2025/06/30 10:49:12 - mmengine - INFO - paramwise_options -- backbone.layer2.3.conv1.weight:decay_mult=1.0
2025/06/30 10:49:12 - mmengine - WARNING - backbone.layer2.3.bn1.weight is skipped since its requires_grad=False
2025/06/30 10:49:12 - mmengine - WARNING - backbone.layer2.3.bn1.bias is skipped since its requires_grad=False
2025/06/30 10:49:12 - mmengine - INFO - paramwise_options -- backbone.layer2.3.conv2.weight:lr=1.0000000000000001e-07
2025/06/30 10:49:12 - mmengine - INFO - paramwise_options -- backbone.layer2.3.conv2.weight:weight_decay=0.05
2025/06/30 10:49:12 - mmengine - INFO - paramwise_options -- backbone.layer2.3.conv2.weight:lr_mult=0.01
2025/06/30 10:49:12 - mmengine - INFO - paramwise_options -- backbone.layer2.3.conv2.weight:decay_mult=1.0
2025/06/30 10:49:12 - mmengine - WARNING - backbone.layer2.3.bn2.weight is skipped since its requires_grad=False
2025/06/30 10:49:12 - mmengine - WARNING - backbone.layer2.3.bn2.bias is skipped since its requires_grad=False
2025/06/30 10:49:12 - mmengine - INFO - paramwise_options -- backbone.layer2.3.conv3.weight:lr=1.0000000000000001e-07
2025/06/30 10:49:12 - mmengine - INFO - paramwise_options -- backbone.layer2.3.conv3.weight:weight_decay=0.05
2025/06/30 10:49:12 - mmengine - INFO - paramwise_options -- backbone.layer2.3.conv3.weight:lr_mult=0.01
2025/06/30 10:49:12 - mmengine - INFO - paramwise_options -- backbone.layer2.3.conv3.weight:decay_mult=1.0
2025/06/30 10:49:12 - mmengine - WARNING - backbone.layer2.3.bn3.weight is skipped since its requires_grad=False
2025/06/30 10:49:12 - mmengine - WARNING - backbone.layer2.3.bn3.bias is skipped since its requires_grad=False
2025/06/30 10:49:12 - mmengine - INFO - paramwise_options -- backbone.layer3.0.conv1.weight:lr=1.0000000000000001e-07
2025/06/30 10:49:12 - mmengine - INFO - paramwise_options -- backbone.layer3.0.conv1.weight:weight_decay=0.05
2025/06/30 10:49:12 - mmengine - INFO - paramwise_options -- backbone.layer3.0.conv1.weight:lr_mult=0.01
2025/06/30 10:49:12 - mmengine - INFO - paramwise_options -- backbone.layer3.0.conv1.weight:decay_mult=1.0
2025/06/30 10:49:12 - mmengine - WARNING - backbone.layer3.0.bn1.weight is skipped since its requires_grad=False
2025/06/30 10:49:12 - mmengine - WARNING - backbone.layer3.0.bn1.bias is skipped since its requires_grad=False
2025/06/30 10:49:12 - mmengine - INFO - paramwise_options -- backbone.layer3.0.conv2.weight:lr=1.0000000000000001e-07
2025/06/30 10:49:12 - mmengine - INFO - paramwise_options -- backbone.layer3.0.conv2.weight:weight_decay=0.05
2025/06/30 10:49:12 - mmengine - INFO - paramwise_options -- backbone.layer3.0.conv2.weight:lr_mult=0.01
2025/06/30 10:49:12 - mmengine - INFO - paramwise_options -- backbone.layer3.0.conv2.weight:decay_mult=1.0
2025/06/30 10:49:12 - mmengine - WARNING - backbone.layer3.0.bn2.weight is skipped since its requires_grad=False
2025/06/30 10:49:12 - mmengine - WARNING - backbone.layer3.0.bn2.bias is skipped since its requires_grad=False
2025/06/30 10:49:12 - mmengine - INFO - paramwise_options -- backbone.layer3.0.conv3.weight:lr=1.0000000000000001e-07
2025/06/30 10:49:12 - mmengine - INFO - paramwise_options -- backbone.layer3.0.conv3.weight:weight_decay=0.05
2025/06/30 10:49:12 - mmengine - INFO - paramwise_options -- backbone.layer3.0.conv3.weight:lr_mult=0.01
2025/06/30 10:49:12 - mmengine - INFO - paramwise_options -- backbone.layer3.0.conv3.weight:decay_mult=1.0
2025/06/30 10:49:12 - mmengine - WARNING - backbone.layer3.0.bn3.weight is skipped since its requires_grad=False
2025/06/30 10:49:12 - mmengine - WARNING - backbone.layer3.0.bn3.bias is skipped since its requires_grad=False
2025/06/30 10:49:12 - mmengine - INFO - paramwise_options -- backbone.layer3.0.downsample.0.weight:lr=1.0000000000000001e-07
2025/06/30 10:49:12 - mmengine - INFO - paramwise_options -- backbone.layer3.0.downsample.0.weight:weight_decay=0.05
2025/06/30 10:49:12 - mmengine - INFO - paramwise_options -- backbone.layer3.0.downsample.0.weight:lr_mult=0.01
2025/06/30 10:49:12 - mmengine - INFO - paramwise_options -- backbone.layer3.0.downsample.0.weight:decay_mult=1.0
2025/06/30 10:49:12 - mmengine - WARNING - backbone.layer3.0.downsample.1.weight is skipped since its requires_grad=False
2025/06/30 10:49:12 - mmengine - WARNING - backbone.layer3.0.downsample.1.bias is skipped since its requires_grad=False
2025/06/30 10:49:12 - mmengine - INFO - paramwise_options -- backbone.layer3.1.conv1.weight:lr=1.0000000000000001e-07
2025/06/30 10:49:12 - mmengine - INFO - paramwise_options -- backbone.layer3.1.conv1.weight:weight_decay=0.05
2025/06/30 10:49:12 - mmengine - INFO - paramwise_options -- backbone.layer3.1.conv1.weight:lr_mult=0.01
2025/06/30 10:49:12 - mmengine - INFO - paramwise_options -- backbone.layer3.1.conv1.weight:decay_mult=1.0
2025/06/30 10:49:12 - mmengine - WARNING - backbone.layer3.1.bn1.weight is skipped since its requires_grad=False
2025/06/30 10:49:12 - mmengine - WARNING - backbone.layer3.1.bn1.bias is skipped since its requires_grad=False
2025/06/30 10:49:12 - mmengine - INFO - paramwise_options -- backbone.layer3.1.conv2.weight:lr=1.0000000000000001e-07
2025/06/30 10:49:12 - mmengine - INFO - paramwise_options -- backbone.layer3.1.conv2.weight:weight_decay=0.05
2025/06/30 10:49:12 - mmengine - INFO - paramwise_options -- backbone.layer3.1.conv2.weight:lr_mult=0.01
2025/06/30 10:49:12 - mmengine - INFO - paramwise_options -- backbone.layer3.1.conv2.weight:decay_mult=1.0
2025/06/30 10:49:12 - mmengine - WARNING - backbone.layer3.1.bn2.weight is skipped since its requires_grad=False
2025/06/30 10:49:12 - mmengine - WARNING - backbone.layer3.1.bn2.bias is skipped since its requires_grad=False
2025/06/30 10:49:12 - mmengine - INFO - paramwise_options -- backbone.layer3.1.conv3.weight:lr=1.0000000000000001e-07
2025/06/30 10:49:12 - mmengine - INFO - paramwise_options -- backbone.layer3.1.conv3.weight:weight_decay=0.05
2025/06/30 10:49:12 - mmengine - INFO - paramwise_options -- backbone.layer3.1.conv3.weight:lr_mult=0.01
2025/06/30 10:49:12 - mmengine - INFO - paramwise_options -- backbone.layer3.1.conv3.weight:decay_mult=1.0
2025/06/30 10:49:12 - mmengine - WARNING - backbone.layer3.1.bn3.weight is skipped since its requires_grad=False
2025/06/30 10:49:12 - mmengine - WARNING - backbone.layer3.1.bn3.bias is skipped since its requires_grad=False
2025/06/30 10:49:12 - mmengine - INFO - paramwise_options -- backbone.layer3.2.conv1.weight:lr=1.0000000000000001e-07
2025/06/30 10:49:12 - mmengine - INFO - paramwise_options -- backbone.layer3.2.conv1.weight:weight_decay=0.05
2025/06/30 10:49:12 - mmengine - INFO - paramwise_options -- backbone.layer3.2.conv1.weight:lr_mult=0.01
2025/06/30 10:49:12 - mmengine - INFO - paramwise_options -- backbone.layer3.2.conv1.weight:decay_mult=1.0
2025/06/30 10:49:12 - mmengine - WARNING - backbone.layer3.2.bn1.weight is skipped since its requires_grad=False
2025/06/30 10:49:12 - mmengine - WARNING - backbone.layer3.2.bn1.bias is skipped since its requires_grad=False
2025/06/30 10:49:12 - mmengine - INFO - paramwise_options -- backbone.layer3.2.conv2.weight:lr=1.0000000000000001e-07
2025/06/30 10:49:12 - mmengine - INFO - paramwise_options -- backbone.layer3.2.conv2.weight:weight_decay=0.05
2025/06/30 10:49:12 - mmengine - INFO - paramwise_options -- backbone.layer3.2.conv2.weight:lr_mult=0.01
2025/06/30 10:49:12 - mmengine - INFO - paramwise_options -- backbone.layer3.2.conv2.weight:decay_mult=1.0
2025/06/30 10:49:12 - mmengine - WARNING - backbone.layer3.2.bn2.weight is skipped since its requires_grad=False
2025/06/30 10:49:12 - mmengine - WARNING - backbone.layer3.2.bn2.bias is skipped since its requires_grad=False
2025/06/30 10:49:12 - mmengine - INFO - paramwise_options -- backbone.layer3.2.conv3.weight:lr=1.0000000000000001e-07
2025/06/30 10:49:12 - mmengine - INFO - paramwise_options -- backbone.layer3.2.conv3.weight:weight_decay=0.05
2025/06/30 10:49:12 - mmengine - INFO - paramwise_options -- backbone.layer3.2.conv3.weight:lr_mult=0.01
2025/06/30 10:49:12 - mmengine - INFO - paramwise_options -- backbone.layer3.2.conv3.weight:decay_mult=1.0
2025/06/30 10:49:12 - mmengine - WARNING - backbone.layer3.2.bn3.weight is skipped since its requires_grad=False
2025/06/30 10:49:12 - mmengine - WARNING - backbone.layer3.2.bn3.bias is skipped since its requires_grad=False
2025/06/30 10:49:12 - mmengine - INFO - paramwise_options -- backbone.layer3.3.conv1.weight:lr=1.0000000000000001e-07
2025/06/30 10:49:12 - mmengine - INFO - paramwise_options -- backbone.layer3.3.conv1.weight:weight_decay=0.05
2025/06/30 10:49:12 - mmengine - INFO - paramwise_options -- backbone.layer3.3.conv1.weight:lr_mult=0.01
2025/06/30 10:49:12 - mmengine - INFO - paramwise_options -- backbone.layer3.3.conv1.weight:decay_mult=1.0
2025/06/30 10:49:12 - mmengine - WARNING - backbone.layer3.3.bn1.weight is skipped since its requires_grad=False
2025/06/30 10:49:12 - mmengine - WARNING - backbone.layer3.3.bn1.bias is skipped since its requires_grad=False
2025/06/30 10:49:12 - mmengine - INFO - paramwise_options -- backbone.layer3.3.conv2.weight:lr=1.0000000000000001e-07
2025/06/30 10:49:12 - mmengine - INFO - paramwise_options -- backbone.layer3.3.conv2.weight:weight_decay=0.05
2025/06/30 10:49:12 - mmengine - INFO - paramwise_options -- backbone.layer3.3.conv2.weight:lr_mult=0.01
2025/06/30 10:49:12 - mmengine - INFO - paramwise_options -- backbone.layer3.3.conv2.weight:decay_mult=1.0
2025/06/30 10:49:12 - mmengine - WARNING - backbone.layer3.3.bn2.weight is skipped since its requires_grad=False
2025/06/30 10:49:12 - mmengine - WARNING - backbone.layer3.3.bn2.bias is skipped since its requires_grad=False
2025/06/30 10:49:12 - mmengine - INFO - paramwise_options -- backbone.layer3.3.conv3.weight:lr=1.0000000000000001e-07
2025/06/30 10:49:12 - mmengine - INFO - paramwise_options -- backbone.layer3.3.conv3.weight:weight_decay=0.05
2025/06/30 10:49:12 - mmengine - INFO - paramwise_options -- backbone.layer3.3.conv3.weight:lr_mult=0.01
2025/06/30 10:49:12 - mmengine - INFO - paramwise_options -- backbone.layer3.3.conv3.weight:decay_mult=1.0
2025/06/30 10:49:12 - mmengine - WARNING - backbone.layer3.3.bn3.weight is skipped since its requires_grad=False
2025/06/30 10:49:12 - mmengine - WARNING - backbone.layer3.3.bn3.bias is skipped since its requires_grad=False
2025/06/30 10:49:12 - mmengine - INFO - paramwise_options -- backbone.layer3.4.conv1.weight:lr=1.0000000000000001e-07
2025/06/30 10:49:12 - mmengine - INFO - paramwise_options -- backbone.layer3.4.conv1.weight:weight_decay=0.05
2025/06/30 10:49:12 - mmengine - INFO - paramwise_options -- backbone.layer3.4.conv1.weight:lr_mult=0.01
2025/06/30 10:49:12 - mmengine - INFO - paramwise_options -- backbone.layer3.4.conv1.weight:decay_mult=1.0
2025/06/30 10:49:12 - mmengine - WARNING - backbone.layer3.4.bn1.weight is skipped since its requires_grad=False
2025/06/30 10:49:12 - mmengine - WARNING - backbone.layer3.4.bn1.bias is skipped since its requires_grad=False
2025/06/30 10:49:12 - mmengine - INFO - paramwise_options -- backbone.layer3.4.conv2.weight:lr=1.0000000000000001e-07
2025/06/30 10:49:12 - mmengine - INFO - paramwise_options -- backbone.layer3.4.conv2.weight:weight_decay=0.05
2025/06/30 10:49:12 - mmengine - INFO - paramwise_options -- backbone.layer3.4.conv2.weight:lr_mult=0.01
2025/06/30 10:49:12 - mmengine - INFO - paramwise_options -- backbone.layer3.4.conv2.weight:decay_mult=1.0
2025/06/30 10:49:12 - mmengine - WARNING - backbone.layer3.4.bn2.weight is skipped since its requires_grad=False
2025/06/30 10:49:12 - mmengine - WARNING - backbone.layer3.4.bn2.bias is skipped since its requires_grad=False
2025/06/30 10:49:12 - mmengine - INFO - paramwise_options -- backbone.layer3.4.conv3.weight:lr=1.0000000000000001e-07
2025/06/30 10:49:12 - mmengine - INFO - paramwise_options -- backbone.layer3.4.conv3.weight:weight_decay=0.05
2025/06/30 10:49:12 - mmengine - INFO - paramwise_options -- backbone.layer3.4.conv3.weight:lr_mult=0.01
2025/06/30 10:49:12 - mmengine - INFO - paramwise_options -- backbone.layer3.4.conv3.weight:decay_mult=1.0
2025/06/30 10:49:12 - mmengine - WARNING - backbone.layer3.4.bn3.weight is skipped since its requires_grad=False
2025/06/30 10:49:12 - mmengine - WARNING - backbone.layer3.4.bn3.bias is skipped since its requires_grad=False
2025/06/30 10:49:12 - mmengine - INFO - paramwise_options -- backbone.layer3.5.conv1.weight:lr=1.0000000000000001e-07
2025/06/30 10:49:12 - mmengine - INFO - paramwise_options -- backbone.layer3.5.conv1.weight:weight_decay=0.05
2025/06/30 10:49:12 - mmengine - INFO - paramwise_options -- backbone.layer3.5.conv1.weight:lr_mult=0.01
2025/06/30 10:49:12 - mmengine - INFO - paramwise_options -- backbone.layer3.5.conv1.weight:decay_mult=1.0
2025/06/30 10:49:12 - mmengine - WARNING - backbone.layer3.5.bn1.weight is skipped since its requires_grad=False
2025/06/30 10:49:12 - mmengine - WARNING - backbone.layer3.5.bn1.bias is skipped since its requires_grad=False
2025/06/30 10:49:12 - mmengine - INFO - paramwise_options -- backbone.layer3.5.conv2.weight:lr=1.0000000000000001e-07
2025/06/30 10:49:12 - mmengine - INFO - paramwise_options -- backbone.layer3.5.conv2.weight:weight_decay=0.05
2025/06/30 10:49:12 - mmengine - INFO - paramwise_options -- backbone.layer3.5.conv2.weight:lr_mult=0.01
2025/06/30 10:49:12 - mmengine - INFO - paramwise_options -- backbone.layer3.5.conv2.weight:decay_mult=1.0
2025/06/30 10:49:12 - mmengine - WARNING - backbone.layer3.5.bn2.weight is skipped since its requires_grad=False
2025/06/30 10:49:12 - mmengine - WARNING - backbone.layer3.5.bn2.bias is skipped since its requires_grad=False
2025/06/30 10:49:12 - mmengine - INFO - paramwise_options -- backbone.layer3.5.conv3.weight:lr=1.0000000000000001e-07
2025/06/30 10:49:12 - mmengine - INFO - paramwise_options -- backbone.layer3.5.conv3.weight:weight_decay=0.05
2025/06/30 10:49:12 - mmengine - INFO - paramwise_options -- backbone.layer3.5.conv3.weight:lr_mult=0.01
2025/06/30 10:49:12 - mmengine - INFO - paramwise_options -- backbone.layer3.5.conv3.weight:decay_mult=1.0
2025/06/30 10:49:12 - mmengine - WARNING - backbone.layer3.5.bn3.weight is skipped since its requires_grad=False
2025/06/30 10:49:12 - mmengine - WARNING - backbone.layer3.5.bn3.bias is skipped since its requires_grad=False
2025/06/30 10:49:12 - mmengine - INFO - paramwise_options -- backbone.layer4.0.conv1.weight:lr=1.0000000000000001e-07
2025/06/30 10:49:12 - mmengine - INFO - paramwise_options -- backbone.layer4.0.conv1.weight:weight_decay=0.05
2025/06/30 10:49:12 - mmengine - INFO - paramwise_options -- backbone.layer4.0.conv1.weight:lr_mult=0.01
2025/06/30 10:49:12 - mmengine - INFO - paramwise_options -- backbone.layer4.0.conv1.weight:decay_mult=1.0
2025/06/30 10:49:12 - mmengine - WARNING - backbone.layer4.0.bn1.weight is skipped since its requires_grad=False
2025/06/30 10:49:12 - mmengine - WARNING - backbone.layer4.0.bn1.bias is skipped since its requires_grad=False
2025/06/30 10:49:12 - mmengine - INFO - paramwise_options -- backbone.layer4.0.conv2.weight:lr=1.0000000000000001e-07
2025/06/30 10:49:12 - mmengine - INFO - paramwise_options -- backbone.layer4.0.conv2.weight:weight_decay=0.05
2025/06/30 10:49:12 - mmengine - INFO - paramwise_options -- backbone.layer4.0.conv2.weight:lr_mult=0.01
2025/06/30 10:49:12 - mmengine - INFO - paramwise_options -- backbone.layer4.0.conv2.weight:decay_mult=1.0
2025/06/30 10:49:12 - mmengine - WARNING - backbone.layer4.0.bn2.weight is skipped since its requires_grad=False
2025/06/30 10:49:12 - mmengine - WARNING - backbone.layer4.0.bn2.bias is skipped since its requires_grad=False
2025/06/30 10:49:12 - mmengine - INFO - paramwise_options -- backbone.layer4.0.conv3.weight:lr=1.0000000000000001e-07
2025/06/30 10:49:12 - mmengine - INFO - paramwise_options -- backbone.layer4.0.conv3.weight:weight_decay=0.05
2025/06/30 10:49:12 - mmengine - INFO - paramwise_options -- backbone.layer4.0.conv3.weight:lr_mult=0.01
2025/06/30 10:49:12 - mmengine - INFO - paramwise_options -- backbone.layer4.0.conv3.weight:decay_mult=1.0
2025/06/30 10:49:12 - mmengine - WARNING - backbone.layer4.0.bn3.weight is skipped since its requires_grad=False
2025/06/30 10:49:12 - mmengine - WARNING - backbone.layer4.0.bn3.bias is skipped since its requires_grad=False
2025/06/30 10:49:12 - mmengine - INFO - paramwise_options -- backbone.layer4.0.downsample.0.weight:lr=1.0000000000000001e-07
2025/06/30 10:49:12 - mmengine - INFO - paramwise_options -- backbone.layer4.0.downsample.0.weight:weight_decay=0.05
2025/06/30 10:49:12 - mmengine - INFO - paramwise_options -- backbone.layer4.0.downsample.0.weight:lr_mult=0.01
2025/06/30 10:49:12 - mmengine - INFO - paramwise_options -- backbone.layer4.0.downsample.0.weight:decay_mult=1.0
2025/06/30 10:49:12 - mmengine - WARNING - backbone.layer4.0.downsample.1.weight is skipped since its requires_grad=False
2025/06/30 10:49:12 - mmengine - WARNING - backbone.layer4.0.downsample.1.bias is skipped since its requires_grad=False
2025/06/30 10:49:12 - mmengine - INFO - paramwise_options -- backbone.layer4.1.conv1.weight:lr=1.0000000000000001e-07
2025/06/30 10:49:12 - mmengine - INFO - paramwise_options -- backbone.layer4.1.conv1.weight:weight_decay=0.05
2025/06/30 10:49:12 - mmengine - INFO - paramwise_options -- backbone.layer4.1.conv1.weight:lr_mult=0.01
2025/06/30 10:49:12 - mmengine - INFO - paramwise_options -- backbone.layer4.1.conv1.weight:decay_mult=1.0
2025/06/30 10:49:12 - mmengine - WARNING - backbone.layer4.1.bn1.weight is skipped since its requires_grad=False
2025/06/30 10:49:12 - mmengine - WARNING - backbone.layer4.1.bn1.bias is skipped since its requires_grad=False
2025/06/30 10:49:12 - mmengine - INFO - paramwise_options -- backbone.layer4.1.conv2.weight:lr=1.0000000000000001e-07
2025/06/30 10:49:12 - mmengine - INFO - paramwise_options -- backbone.layer4.1.conv2.weight:weight_decay=0.05
2025/06/30 10:49:12 - mmengine - INFO - paramwise_options -- backbone.layer4.1.conv2.weight:lr_mult=0.01
2025/06/30 10:49:12 - mmengine - INFO - paramwise_options -- backbone.layer4.1.conv2.weight:decay_mult=1.0
2025/06/30 10:49:12 - mmengine - WARNING - backbone.layer4.1.bn2.weight is skipped since its requires_grad=False
2025/06/30 10:49:12 - mmengine - WARNING - backbone.layer4.1.bn2.bias is skipped since its requires_grad=False
2025/06/30 10:49:12 - mmengine - INFO - paramwise_options -- backbone.layer4.1.conv3.weight:lr=1.0000000000000001e-07
2025/06/30 10:49:12 - mmengine - INFO - paramwise_options -- backbone.layer4.1.conv3.weight:weight_decay=0.05
2025/06/30 10:49:12 - mmengine - INFO - paramwise_options -- backbone.layer4.1.conv3.weight:lr_mult=0.01
2025/06/30 10:49:12 - mmengine - INFO - paramwise_options -- backbone.layer4.1.conv3.weight:decay_mult=1.0
2025/06/30 10:49:12 - mmengine - WARNING - backbone.layer4.1.bn3.weight is skipped since its requires_grad=False
2025/06/30 10:49:12 - mmengine - WARNING - backbone.layer4.1.bn3.bias is skipped since its requires_grad=False
2025/06/30 10:49:12 - mmengine - INFO - paramwise_options -- backbone.layer4.2.conv1.weight:lr=1.0000000000000001e-07
2025/06/30 10:49:12 - mmengine - INFO - paramwise_options -- backbone.layer4.2.conv1.weight:weight_decay=0.05
2025/06/30 10:49:12 - mmengine - INFO - paramwise_options -- backbone.layer4.2.conv1.weight:lr_mult=0.01
2025/06/30 10:49:12 - mmengine - INFO - paramwise_options -- backbone.layer4.2.conv1.weight:decay_mult=1.0
2025/06/30 10:49:12 - mmengine - WARNING - backbone.layer4.2.bn1.weight is skipped since its requires_grad=False
2025/06/30 10:49:12 - mmengine - WARNING - backbone.layer4.2.bn1.bias is skipped since its requires_grad=False
2025/06/30 10:49:12 - mmengine - INFO - paramwise_options -- backbone.layer4.2.conv2.weight:lr=1.0000000000000001e-07
2025/06/30 10:49:12 - mmengine - INFO - paramwise_options -- backbone.layer4.2.conv2.weight:weight_decay=0.05
2025/06/30 10:49:12 - mmengine - INFO - paramwise_options -- backbone.layer4.2.conv2.weight:lr_mult=0.01
2025/06/30 10:49:12 - mmengine - INFO - paramwise_options -- backbone.layer4.2.conv2.weight:decay_mult=1.0
2025/06/30 10:49:12 - mmengine - WARNING - backbone.layer4.2.bn2.weight is skipped since its requires_grad=False
2025/06/30 10:49:12 - mmengine - WARNING - backbone.layer4.2.bn2.bias is skipped since its requires_grad=False
2025/06/30 10:49:12 - mmengine - INFO - paramwise_options -- backbone.layer4.2.conv3.weight:lr=1.0000000000000001e-07
2025/06/30 10:49:12 - mmengine - INFO - paramwise_options -- backbone.layer4.2.conv3.weight:weight_decay=0.05
2025/06/30 10:49:12 - mmengine - INFO - paramwise_options -- backbone.layer4.2.conv3.weight:lr_mult=0.01
2025/06/30 10:49:12 - mmengine - INFO - paramwise_options -- backbone.layer4.2.conv3.weight:decay_mult=1.0
2025/06/30 10:49:12 - mmengine - WARNING - backbone.layer4.2.bn3.weight is skipped since its requires_grad=False
2025/06/30 10:49:12 - mmengine - WARNING - backbone.layer4.2.bn3.bias is skipped since its requires_grad=False
2025/06/30 10:49:12 - mmengine - INFO - paramwise_options -- panoptic_head.pixel_decoder.input_convs.0.gn.weight:weight_decay=0.0
2025/06/30 10:49:12 - mmengine - INFO - paramwise_options -- panoptic_head.pixel_decoder.input_convs.0.gn.bias:weight_decay=0.0
2025/06/30 10:49:12 - mmengine - INFO - paramwise_options -- panoptic_head.pixel_decoder.input_convs.1.gn.weight:weight_decay=0.0
2025/06/30 10:49:12 - mmengine - INFO - paramwise_options -- panoptic_head.pixel_decoder.input_convs.1.gn.bias:weight_decay=0.0
2025/06/30 10:49:12 - mmengine - INFO - paramwise_options -- panoptic_head.pixel_decoder.input_convs.2.gn.weight:weight_decay=0.0
2025/06/30 10:49:12 - mmengine - INFO - paramwise_options -- panoptic_head.pixel_decoder.input_convs.2.gn.bias:weight_decay=0.0
2025/06/30 10:49:12 - mmengine - INFO - paramwise_options -- panoptic_head.pixel_decoder.encoder.layers.0.norms.0.weight:weight_decay=0.0
2025/06/30 10:49:12 - mmengine - INFO - paramwise_options -- panoptic_head.pixel_decoder.encoder.layers.0.norms.0.bias:weight_decay=0.0
2025/06/30 10:49:12 - mmengine - INFO - paramwise_options -- panoptic_head.pixel_decoder.encoder.layers.0.norms.1.weight:weight_decay=0.0
2025/06/30 10:49:12 - mmengine - INFO - paramwise_options -- panoptic_head.pixel_decoder.encoder.layers.0.norms.1.bias:weight_decay=0.0
2025/06/30 10:49:12 - mmengine - INFO - paramwise_options -- panoptic_head.pixel_decoder.encoder.layers.1.norms.0.weight:weight_decay=0.0
2025/06/30 10:49:12 - mmengine - INFO - paramwise_options -- panoptic_head.pixel_decoder.encoder.layers.1.norms.0.bias:weight_decay=0.0
2025/06/30 10:49:12 - mmengine - INFO - paramwise_options -- panoptic_head.pixel_decoder.encoder.layers.1.norms.1.weight:weight_decay=0.0
2025/06/30 10:49:12 - mmengine - INFO - paramwise_options -- panoptic_head.pixel_decoder.encoder.layers.1.norms.1.bias:weight_decay=0.0
2025/06/30 10:49:12 - mmengine - INFO - paramwise_options -- panoptic_head.pixel_decoder.encoder.layers.2.norms.0.weight:weight_decay=0.0
2025/06/30 10:49:12 - mmengine - INFO - paramwise_options -- panoptic_head.pixel_decoder.encoder.layers.2.norms.0.bias:weight_decay=0.0
2025/06/30 10:49:12 - mmengine - INFO - paramwise_options -- panoptic_head.pixel_decoder.encoder.layers.2.norms.1.weight:weight_decay=0.0
2025/06/30 10:49:12 - mmengine - INFO - paramwise_options -- panoptic_head.pixel_decoder.encoder.layers.2.norms.1.bias:weight_decay=0.0
2025/06/30 10:49:12 - mmengine - INFO - paramwise_options -- panoptic_head.pixel_decoder.encoder.layers.3.norms.0.weight:weight_decay=0.0
2025/06/30 10:49:12 - mmengine - INFO - paramwise_options -- panoptic_head.pixel_decoder.encoder.layers.3.norms.0.bias:weight_decay=0.0
2025/06/30 10:49:12 - mmengine - INFO - paramwise_options -- panoptic_head.pixel_decoder.encoder.layers.3.norms.1.weight:weight_decay=0.0
2025/06/30 10:49:12 - mmengine - INFO - paramwise_options -- panoptic_head.pixel_decoder.encoder.layers.3.norms.1.bias:weight_decay=0.0
2025/06/30 10:49:12 - mmengine - INFO - paramwise_options -- panoptic_head.pixel_decoder.encoder.layers.4.norms.0.weight:weight_decay=0.0
2025/06/30 10:49:12 - mmengine - INFO - paramwise_options -- panoptic_head.pixel_decoder.encoder.layers.4.norms.0.bias:weight_decay=0.0
2025/06/30 10:49:12 - mmengine - INFO - paramwise_options -- panoptic_head.pixel_decoder.encoder.layers.4.norms.1.weight:weight_decay=0.0
2025/06/30 10:49:12 - mmengine - INFO - paramwise_options -- panoptic_head.pixel_decoder.encoder.layers.4.norms.1.bias:weight_decay=0.0
2025/06/30 10:49:12 - mmengine - INFO - paramwise_options -- panoptic_head.pixel_decoder.encoder.layers.5.norms.0.weight:weight_decay=0.0
2025/06/30 10:49:12 - mmengine - INFO - paramwise_options -- panoptic_head.pixel_decoder.encoder.layers.5.norms.0.bias:weight_decay=0.0
2025/06/30 10:49:12 - mmengine - INFO - paramwise_options -- panoptic_head.pixel_decoder.encoder.layers.5.norms.1.weight:weight_decay=0.0
2025/06/30 10:49:12 - mmengine - INFO - paramwise_options -- panoptic_head.pixel_decoder.encoder.layers.5.norms.1.bias:weight_decay=0.0
2025/06/30 10:49:12 - mmengine - INFO - paramwise_options -- panoptic_head.pixel_decoder.lateral_convs.0.gn.weight:weight_decay=0.0
2025/06/30 10:49:12 - mmengine - INFO - paramwise_options -- panoptic_head.pixel_decoder.lateral_convs.0.gn.bias:weight_decay=0.0
2025/06/30 10:49:12 - mmengine - INFO - paramwise_options -- panoptic_head.pixel_decoder.output_convs.0.gn.weight:weight_decay=0.0
2025/06/30 10:49:12 - mmengine - INFO - paramwise_options -- panoptic_head.pixel_decoder.output_convs.0.gn.bias:weight_decay=0.0
2025/06/30 10:49:12 - mmengine - INFO - paramwise_options -- panoptic_head.transformer_decoder.layers.0.norms.0.weight:weight_decay=0.0
2025/06/30 10:49:12 - mmengine - INFO - paramwise_options -- panoptic_head.transformer_decoder.layers.0.norms.0.bias:weight_decay=0.0
2025/06/30 10:49:12 - mmengine - INFO - paramwise_options -- panoptic_head.transformer_decoder.layers.0.norms.1.weight:weight_decay=0.0
2025/06/30 10:49:12 - mmengine - INFO - paramwise_options -- panoptic_head.transformer_decoder.layers.0.norms.1.bias:weight_decay=0.0
2025/06/30 10:49:12 - mmengine - INFO - paramwise_options -- panoptic_head.transformer_decoder.layers.0.norms.2.weight:weight_decay=0.0
2025/06/30 10:49:12 - mmengine - INFO - paramwise_options -- panoptic_head.transformer_decoder.layers.0.norms.2.bias:weight_decay=0.0
2025/06/30 10:49:12 - mmengine - INFO - paramwise_options -- panoptic_head.transformer_decoder.layers.1.norms.0.weight:weight_decay=0.0
2025/06/30 10:49:12 - mmengine - INFO - paramwise_options -- panoptic_head.transformer_decoder.layers.1.norms.0.bias:weight_decay=0.0
2025/06/30 10:49:12 - mmengine - INFO - paramwise_options -- panoptic_head.transformer_decoder.layers.1.norms.1.weight:weight_decay=0.0
2025/06/30 10:49:12 - mmengine - INFO - paramwise_options -- panoptic_head.transformer_decoder.layers.1.norms.1.bias:weight_decay=0.0
2025/06/30 10:49:12 - mmengine - INFO - paramwise_options -- panoptic_head.transformer_decoder.layers.1.norms.2.weight:weight_decay=0.0
2025/06/30 10:49:12 - mmengine - INFO - paramwise_options -- panoptic_head.transformer_decoder.layers.1.norms.2.bias:weight_decay=0.0
2025/06/30 10:49:12 - mmengine - INFO - paramwise_options -- panoptic_head.transformer_decoder.layers.2.norms.0.weight:weight_decay=0.0
2025/06/30 10:49:12 - mmengine - INFO - paramwise_options -- panoptic_head.transformer_decoder.layers.2.norms.0.bias:weight_decay=0.0
2025/06/30 10:49:12 - mmengine - INFO - paramwise_options -- panoptic_head.transformer_decoder.layers.2.norms.1.weight:weight_decay=0.0
2025/06/30 10:49:12 - mmengine - INFO - paramwise_options -- panoptic_head.transformer_decoder.layers.2.norms.1.bias:weight_decay=0.0
2025/06/30 10:49:12 - mmengine - INFO - paramwise_options -- panoptic_head.transformer_decoder.layers.2.norms.2.weight:weight_decay=0.0
2025/06/30 10:49:12 - mmengine - INFO - paramwise_options -- panoptic_head.transformer_decoder.layers.2.norms.2.bias:weight_decay=0.0
2025/06/30 10:49:12 - mmengine - INFO - paramwise_options -- panoptic_head.transformer_decoder.layers.3.norms.0.weight:weight_decay=0.0
2025/06/30 10:49:12 - mmengine - INFO - paramwise_options -- panoptic_head.transformer_decoder.layers.3.norms.0.bias:weight_decay=0.0
2025/06/30 10:49:12 - mmengine - INFO - paramwise_options -- panoptic_head.transformer_decoder.layers.3.norms.1.weight:weight_decay=0.0
2025/06/30 10:49:12 - mmengine - INFO - paramwise_options -- panoptic_head.transformer_decoder.layers.3.norms.1.bias:weight_decay=0.0
2025/06/30 10:49:12 - mmengine - INFO - paramwise_options -- panoptic_head.transformer_decoder.layers.3.norms.2.weight:weight_decay=0.0
2025/06/30 10:49:12 - mmengine - INFO - paramwise_options -- panoptic_head.transformer_decoder.layers.3.norms.2.bias:weight_decay=0.0
2025/06/30 10:49:12 - mmengine - INFO - paramwise_options -- panoptic_head.transformer_decoder.layers.4.norms.0.weight:weight_decay=0.0
2025/06/30 10:49:12 - mmengine - INFO - paramwise_options -- panoptic_head.transformer_decoder.layers.4.norms.0.bias:weight_decay=0.0
2025/06/30 10:49:12 - mmengine - INFO - paramwise_options -- panoptic_head.transformer_decoder.layers.4.norms.1.weight:weight_decay=0.0
2025/06/30 10:49:12 - mmengine - INFO - paramwise_options -- panoptic_head.transformer_decoder.layers.4.norms.1.bias:weight_decay=0.0
2025/06/30 10:49:12 - mmengine - INFO - paramwise_options -- panoptic_head.transformer_decoder.layers.4.norms.2.weight:weight_decay=0.0
2025/06/30 10:49:12 - mmengine - INFO - paramwise_options -- panoptic_head.transformer_decoder.layers.4.norms.2.bias:weight_decay=0.0
2025/06/30 10:49:12 - mmengine - INFO - paramwise_options -- panoptic_head.transformer_decoder.layers.5.norms.0.weight:weight_decay=0.0
2025/06/30 10:49:12 - mmengine - INFO - paramwise_options -- panoptic_head.transformer_decoder.layers.5.norms.0.bias:weight_decay=0.0
2025/06/30 10:49:12 - mmengine - INFO - paramwise_options -- panoptic_head.transformer_decoder.layers.5.norms.1.weight:weight_decay=0.0
2025/06/30 10:49:12 - mmengine - INFO - paramwise_options -- panoptic_head.transformer_decoder.layers.5.norms.1.bias:weight_decay=0.0
2025/06/30 10:49:12 - mmengine - INFO - paramwise_options -- panoptic_head.transformer_decoder.layers.5.norms.2.weight:weight_decay=0.0
2025/06/30 10:49:12 - mmengine - INFO - paramwise_options -- panoptic_head.transformer_decoder.layers.5.norms.2.bias:weight_decay=0.0
2025/06/30 10:49:12 - mmengine - INFO - paramwise_options -- panoptic_head.transformer_decoder.layers.6.norms.0.weight:weight_decay=0.0
2025/06/30 10:49:12 - mmengine - INFO - paramwise_options -- panoptic_head.transformer_decoder.layers.6.norms.0.bias:weight_decay=0.0
2025/06/30 10:49:12 - mmengine - INFO - paramwise_options -- panoptic_head.transformer_decoder.layers.6.norms.1.weight:weight_decay=0.0
2025/06/30 10:49:12 - mmengine - INFO - paramwise_options -- panoptic_head.transformer_decoder.layers.6.norms.1.bias:weight_decay=0.0
2025/06/30 10:49:12 - mmengine - INFO - paramwise_options -- panoptic_head.transformer_decoder.layers.6.norms.2.weight:weight_decay=0.0
2025/06/30 10:49:12 - mmengine - INFO - paramwise_options -- panoptic_head.transformer_decoder.layers.6.norms.2.bias:weight_decay=0.0
2025/06/30 10:49:12 - mmengine - INFO - paramwise_options -- panoptic_head.transformer_decoder.layers.7.norms.0.weight:weight_decay=0.0
2025/06/30 10:49:12 - mmengine - INFO - paramwise_options -- panoptic_head.transformer_decoder.layers.7.norms.0.bias:weight_decay=0.0
2025/06/30 10:49:12 - mmengine - INFO - paramwise_options -- panoptic_head.transformer_decoder.layers.7.norms.1.weight:weight_decay=0.0
2025/06/30 10:49:12 - mmengine - INFO - paramwise_options -- panoptic_head.transformer_decoder.layers.7.norms.1.bias:weight_decay=0.0
2025/06/30 10:49:12 - mmengine - INFO - paramwise_options -- panoptic_head.transformer_decoder.layers.7.norms.2.weight:weight_decay=0.0
2025/06/30 10:49:12 - mmengine - INFO - paramwise_options -- panoptic_head.transformer_decoder.layers.7.norms.2.bias:weight_decay=0.0
2025/06/30 10:49:12 - mmengine - INFO - paramwise_options -- panoptic_head.transformer_decoder.layers.8.norms.0.weight:weight_decay=0.0
2025/06/30 10:49:12 - mmengine - INFO - paramwise_options -- panoptic_head.transformer_decoder.layers.8.norms.0.bias:weight_decay=0.0
2025/06/30 10:49:12 - mmengine - INFO - paramwise_options -- panoptic_head.transformer_decoder.layers.8.norms.1.weight:weight_decay=0.0
2025/06/30 10:49:12 - mmengine - INFO - paramwise_options -- panoptic_head.transformer_decoder.layers.8.norms.1.bias:weight_decay=0.0
2025/06/30 10:49:12 - mmengine - INFO - paramwise_options -- panoptic_head.transformer_decoder.layers.8.norms.2.weight:weight_decay=0.0
2025/06/30 10:49:12 - mmengine - INFO - paramwise_options -- panoptic_head.transformer_decoder.layers.8.norms.2.bias:weight_decay=0.0
2025/06/30 10:49:12 - mmengine - INFO - paramwise_options -- panoptic_head.transformer_decoder.post_norm.weight:weight_decay=0.0
2025/06/30 10:49:12 - mmengine - INFO - paramwise_options -- panoptic_head.transformer_decoder.post_norm.bias:weight_decay=0.0
2025/06/30 10:49:12 - mmengine - INFO - paramwise_options -- panoptic_head.query_embed.weight:lr=1e-05
2025/06/30 10:49:12 - mmengine - INFO - paramwise_options -- panoptic_head.query_embed.weight:weight_decay=0.0
2025/06/30 10:49:12 - mmengine - INFO - paramwise_options -- panoptic_head.query_embed.weight:lr_mult=1.0
2025/06/30 10:49:12 - mmengine - INFO - paramwise_options -- panoptic_head.query_embed.weight:decay_mult=0.0
2025/06/30 10:49:12 - mmengine - INFO - paramwise_options -- panoptic_head.query_feat.weight:lr=1e-05
2025/06/30 10:49:12 - mmengine - INFO - paramwise_options -- panoptic_head.query_feat.weight:weight_decay=0.0
2025/06/30 10:49:12 - mmengine - INFO - paramwise_options -- panoptic_head.query_feat.weight:lr_mult=1.0
2025/06/30 10:49:12 - mmengine - INFO - paramwise_options -- panoptic_head.query_feat.weight:decay_mult=0.0
2025/06/30 10:49:12 - mmengine - INFO - paramwise_options -- panoptic_head.level_embed.weight:lr=1e-05
2025/06/30 10:49:12 - mmengine - INFO - paramwise_options -- panoptic_head.level_embed.weight:weight_decay=0.0
2025/06/30 10:49:12 - mmengine - INFO - paramwise_options -- panoptic_head.level_embed.weight:lr_mult=1.0
2025/06/30 10:49:12 - mmengine - INFO - paramwise_options -- panoptic_head.level_embed.weight:decay_mult=0.0
2025/06/30 10:49:12 - mmengine - INFO - paramwise_options -- panoptic_head.mask_feat_proj.1.weight:weight_decay=0.0
2025/06/30 10:49:12 - mmengine - INFO - paramwise_options -- panoptic_head.mask_feat_proj.1.bias:weight_decay=0.0
2025/06/30 10:49:12 - mmengine - INFO - paramwise_options -- panoptic_head.mask_feat_proj.4.weight:weight_decay=0.0
2025/06/30 10:49:12 - mmengine - INFO - paramwise_options -- panoptic_head.mask_feat_proj.4.bias:weight_decay=0.0
2025/06/30 10:49:12 - mmengine - INFO - paramwise_options -- panoptic_head.dp_polygonize_head.decoder.layers.0.norms.0.weight:weight_decay=0.0
2025/06/30 10:49:12 - mmengine - INFO - paramwise_options -- panoptic_head.dp_polygonize_head.decoder.layers.0.norms.0.bias:weight_decay=0.0
2025/06/30 10:49:12 - mmengine - INFO - paramwise_options -- panoptic_head.dp_polygonize_head.decoder.layers.0.norms.1.weight:weight_decay=0.0
2025/06/30 10:49:12 - mmengine - INFO - paramwise_options -- panoptic_head.dp_polygonize_head.decoder.layers.0.norms.1.bias:weight_decay=0.0
2025/06/30 10:49:12 - mmengine - INFO - paramwise_options -- panoptic_head.dp_polygonize_head.decoder.layers.0.norms.2.weight:weight_decay=0.0
2025/06/30 10:49:12 - mmengine - INFO - paramwise_options -- panoptic_head.dp_polygonize_head.decoder.layers.0.norms.2.bias:weight_decay=0.0
2025/06/30 10:49:12 - mmengine - INFO - paramwise_options -- panoptic_head.dp_polygonize_head.decoder.layers.1.norms.0.weight:weight_decay=0.0
2025/06/30 10:49:12 - mmengine - INFO - paramwise_options -- panoptic_head.dp_polygonize_head.decoder.layers.1.norms.0.bias:weight_decay=0.0
2025/06/30 10:49:12 - mmengine - INFO - paramwise_options -- panoptic_head.dp_polygonize_head.decoder.layers.1.norms.1.weight:weight_decay=0.0
2025/06/30 10:49:12 - mmengine - INFO - paramwise_options -- panoptic_head.dp_polygonize_head.decoder.layers.1.norms.1.bias:weight_decay=0.0
2025/06/30 10:49:12 - mmengine - INFO - paramwise_options -- panoptic_head.dp_polygonize_head.decoder.layers.1.norms.2.weight:weight_decay=0.0
2025/06/30 10:49:12 - mmengine - INFO - paramwise_options -- panoptic_head.dp_polygonize_head.decoder.layers.1.norms.2.bias:weight_decay=0.0
2025/06/30 10:49:12 - mmengine - INFO - paramwise_options -- panoptic_head.dp_polygonize_head.decoder.layers.2.norms.0.weight:weight_decay=0.0
2025/06/30 10:49:12 - mmengine - INFO - paramwise_options -- panoptic_head.dp_polygonize_head.decoder.layers.2.norms.0.bias:weight_decay=0.0
2025/06/30 10:49:12 - mmengine - INFO - paramwise_options -- panoptic_head.dp_polygonize_head.decoder.layers.2.norms.1.weight:weight_decay=0.0
2025/06/30 10:49:12 - mmengine - INFO - paramwise_options -- panoptic_head.dp_polygonize_head.decoder.layers.2.norms.1.bias:weight_decay=0.0
2025/06/30 10:49:12 - mmengine - INFO - paramwise_options -- panoptic_head.dp_polygonize_head.decoder.layers.2.norms.2.weight:weight_decay=0.0
2025/06/30 10:49:12 - mmengine - INFO - paramwise_options -- panoptic_head.dp_polygonize_head.decoder.layers.2.norms.2.bias:weight_decay=0.0
2025/06/30 10:49:12 - mmengine - INFO - paramwise_options -- panoptic_head.dp_polygonize_head.decoder.post_norm.weight:weight_decay=0.0
2025/06/30 10:49:12 - mmengine - INFO - paramwise_options -- panoptic_head.dp_polygonize_head.decoder.post_norm.bias:weight_decay=0.0
2025/06/30 10:49:13 - mmengine - INFO - Frozen parameters: ['backbone', 'panoptic_head.pixel_decoder', 'panoptic_head.transformer_decoder', 'panoptic_head.decoder_input_projs', 'panoptic_head.query_embed', 'panoptic_head.query_feat', 'panoptic_head.level_embed', 'panoptic_head.cls_embed', 'panoptic_head.mask_embed']
2025/06/30 10:49:13 - mmengine - INFO - Training parameters: panoptic_head.mask_feat_proj.0.weight
2025/06/30 10:49:13 - mmengine - INFO - Training parameters: panoptic_head.mask_feat_proj.0.bias
2025/06/30 10:49:13 - mmengine - INFO - Training parameters: panoptic_head.mask_feat_proj.1.weight
2025/06/30 10:49:13 - mmengine - INFO - Training parameters: panoptic_head.mask_feat_proj.1.bias
2025/06/30 10:49:13 - mmengine - INFO - Training parameters: panoptic_head.mask_feat_proj.3.weight
2025/06/30 10:49:13 - mmengine - INFO - Training parameters: panoptic_head.mask_feat_proj.3.bias
2025/06/30 10:49:13 - mmengine - INFO - Training parameters: panoptic_head.mask_feat_proj.4.weight
2025/06/30 10:49:13 - mmengine - INFO - Training parameters: panoptic_head.mask_feat_proj.4.bias
2025/06/30 10:49:13 - mmengine - INFO - Training parameters: panoptic_head.mask_feat_proj.6.weight
2025/06/30 10:49:13 - mmengine - INFO - Training parameters: panoptic_head.mask_feat_proj.6.bias
2025/06/30 10:49:13 - mmengine - INFO - Training parameters: panoptic_head.dp_polygonize_head.decoder.layers.0.self_attn.attn.in_proj_weight
2025/06/30 10:49:13 - mmengine - INFO - Training parameters: panoptic_head.dp_polygonize_head.decoder.layers.0.self_attn.attn.in_proj_bias
2025/06/30 10:49:13 - mmengine - INFO - Training parameters: panoptic_head.dp_polygonize_head.decoder.layers.0.self_attn.attn.out_proj.weight
2025/06/30 10:49:13 - mmengine - INFO - Training parameters: panoptic_head.dp_polygonize_head.decoder.layers.0.self_attn.attn.out_proj.bias
2025/06/30 10:49:13 - mmengine - INFO - Training parameters: panoptic_head.dp_polygonize_head.decoder.layers.0.cross_attn.attn.in_proj_weight
2025/06/30 10:49:13 - mmengine - INFO - Training parameters: panoptic_head.dp_polygonize_head.decoder.layers.0.cross_attn.attn.in_proj_bias
2025/06/30 10:49:13 - mmengine - INFO - Training parameters: panoptic_head.dp_polygonize_head.decoder.layers.0.cross_attn.attn.out_proj.weight
2025/06/30 10:49:13 - mmengine - INFO - Training parameters: panoptic_head.dp_polygonize_head.decoder.layers.0.cross_attn.attn.out_proj.bias
2025/06/30 10:49:13 - mmengine - INFO - Training parameters: panoptic_head.dp_polygonize_head.decoder.layers.0.ffn.layers.0.0.weight
2025/06/30 10:49:13 - mmengine - INFO - Training parameters: panoptic_head.dp_polygonize_head.decoder.layers.0.ffn.layers.0.0.bias
2025/06/30 10:49:13 - mmengine - INFO - Training parameters: panoptic_head.dp_polygonize_head.decoder.layers.0.ffn.layers.1.weight
2025/06/30 10:49:13 - mmengine - INFO - Training parameters: panoptic_head.dp_polygonize_head.decoder.layers.0.ffn.layers.1.bias
2025/06/30 10:49:13 - mmengine - INFO - Training parameters: panoptic_head.dp_polygonize_head.decoder.layers.0.norms.0.weight
2025/06/30 10:49:13 - mmengine - INFO - Training parameters: panoptic_head.dp_polygonize_head.decoder.layers.0.norms.0.bias
2025/06/30 10:49:13 - mmengine - INFO - Training parameters: panoptic_head.dp_polygonize_head.decoder.layers.0.norms.1.weight
2025/06/30 10:49:13 - mmengine - INFO - Training parameters: panoptic_head.dp_polygonize_head.decoder.layers.0.norms.1.bias
2025/06/30 10:49:13 - mmengine - INFO - Training parameters: panoptic_head.dp_polygonize_head.decoder.layers.0.norms.2.weight
2025/06/30 10:49:13 - mmengine - INFO - Training parameters: panoptic_head.dp_polygonize_head.decoder.layers.0.norms.2.bias
2025/06/30 10:49:13 - mmengine - INFO - Training parameters: panoptic_head.dp_polygonize_head.decoder.layers.1.self_attn.attn.in_proj_weight
2025/06/30 10:49:13 - mmengine - INFO - Training parameters: panoptic_head.dp_polygonize_head.decoder.layers.1.self_attn.attn.in_proj_bias
2025/06/30 10:49:13 - mmengine - INFO - Training parameters: panoptic_head.dp_polygonize_head.decoder.layers.1.self_attn.attn.out_proj.weight
2025/06/30 10:49:13 - mmengine - INFO - Training parameters: panoptic_head.dp_polygonize_head.decoder.layers.1.self_attn.attn.out_proj.bias
2025/06/30 10:49:13 - mmengine - INFO - Training parameters: panoptic_head.dp_polygonize_head.decoder.layers.1.cross_attn.attn.in_proj_weight
2025/06/30 10:49:13 - mmengine - INFO - Training parameters: panoptic_head.dp_polygonize_head.decoder.layers.1.cross_attn.attn.in_proj_bias
2025/06/30 10:49:13 - mmengine - INFO - Training parameters: panoptic_head.dp_polygonize_head.decoder.layers.1.cross_attn.attn.out_proj.weight
2025/06/30 10:49:13 - mmengine - INFO - Training parameters: panoptic_head.dp_polygonize_head.decoder.layers.1.cross_attn.attn.out_proj.bias
2025/06/30 10:49:13 - mmengine - INFO - Training parameters: panoptic_head.dp_polygonize_head.decoder.layers.1.ffn.layers.0.0.weight
2025/06/30 10:49:13 - mmengine - INFO - Training parameters: panoptic_head.dp_polygonize_head.decoder.layers.1.ffn.layers.0.0.bias
2025/06/30 10:49:13 - mmengine - INFO - Training parameters: panoptic_head.dp_polygonize_head.decoder.layers.1.ffn.layers.1.weight
2025/06/30 10:49:13 - mmengine - INFO - Training parameters: panoptic_head.dp_polygonize_head.decoder.layers.1.ffn.layers.1.bias
2025/06/30 10:49:13 - mmengine - INFO - Training parameters: panoptic_head.dp_polygonize_head.decoder.layers.1.norms.0.weight
2025/06/30 10:49:13 - mmengine - INFO - Training parameters: panoptic_head.dp_polygonize_head.decoder.layers.1.norms.0.bias
2025/06/30 10:49:13 - mmengine - INFO - Training parameters: panoptic_head.dp_polygonize_head.decoder.layers.1.norms.1.weight
2025/06/30 10:49:13 - mmengine - INFO - Training parameters: panoptic_head.dp_polygonize_head.decoder.layers.1.norms.1.bias
2025/06/30 10:49:13 - mmengine - INFO - Training parameters: panoptic_head.dp_polygonize_head.decoder.layers.1.norms.2.weight
2025/06/30 10:49:13 - mmengine - INFO - Training parameters: panoptic_head.dp_polygonize_head.decoder.layers.1.norms.2.bias
2025/06/30 10:49:13 - mmengine - INFO - Training parameters: panoptic_head.dp_polygonize_head.decoder.layers.2.self_attn.attn.in_proj_weight
2025/06/30 10:49:13 - mmengine - INFO - Training parameters: panoptic_head.dp_polygonize_head.decoder.layers.2.self_attn.attn.in_proj_bias
2025/06/30 10:49:13 - mmengine - INFO - Training parameters: panoptic_head.dp_polygonize_head.decoder.layers.2.self_attn.attn.out_proj.weight
2025/06/30 10:49:13 - mmengine - INFO - Training parameters: panoptic_head.dp_polygonize_head.decoder.layers.2.self_attn.attn.out_proj.bias
2025/06/30 10:49:13 - mmengine - INFO - Training parameters: panoptic_head.dp_polygonize_head.decoder.layers.2.cross_attn.attn.in_proj_weight
2025/06/30 10:49:13 - mmengine - INFO - Training parameters: panoptic_head.dp_polygonize_head.decoder.layers.2.cross_attn.attn.in_proj_bias
2025/06/30 10:49:13 - mmengine - INFO - Training parameters: panoptic_head.dp_polygonize_head.decoder.layers.2.cross_attn.attn.out_proj.weight
2025/06/30 10:49:13 - mmengine - INFO - Training parameters: panoptic_head.dp_polygonize_head.decoder.layers.2.cross_attn.attn.out_proj.bias
2025/06/30 10:49:13 - mmengine - INFO - Training parameters: panoptic_head.dp_polygonize_head.decoder.layers.2.ffn.layers.0.0.weight
2025/06/30 10:49:13 - mmengine - INFO - Training parameters: panoptic_head.dp_polygonize_head.decoder.layers.2.ffn.layers.0.0.bias
2025/06/30 10:49:13 - mmengine - INFO - Training parameters: panoptic_head.dp_polygonize_head.decoder.layers.2.ffn.layers.1.weight
2025/06/30 10:49:13 - mmengine - INFO - Training parameters: panoptic_head.dp_polygonize_head.decoder.layers.2.ffn.layers.1.bias
2025/06/30 10:49:13 - mmengine - INFO - Training parameters: panoptic_head.dp_polygonize_head.decoder.layers.2.norms.0.weight
2025/06/30 10:49:13 - mmengine - INFO - Training parameters: panoptic_head.dp_polygonize_head.decoder.layers.2.norms.0.bias
2025/06/30 10:49:13 - mmengine - INFO - Training parameters: panoptic_head.dp_polygonize_head.decoder.layers.2.norms.1.weight
2025/06/30 10:49:13 - mmengine - INFO - Training parameters: panoptic_head.dp_polygonize_head.decoder.layers.2.norms.1.bias
2025/06/30 10:49:13 - mmengine - INFO - Training parameters: panoptic_head.dp_polygonize_head.decoder.layers.2.norms.2.weight
2025/06/30 10:49:13 - mmengine - INFO - Training parameters: panoptic_head.dp_polygonize_head.decoder.layers.2.norms.2.bias
2025/06/30 10:49:13 - mmengine - INFO - Training parameters: panoptic_head.dp_polygonize_head.decoder.post_norm.weight
2025/06/30 10:49:13 - mmengine - INFO - Training parameters: panoptic_head.dp_polygonize_head.decoder.post_norm.bias
2025/06/30 10:49:13 - mmengine - INFO - Training parameters: panoptic_head.dp_polygonize_head.poly_reg_head.0.weight
2025/06/30 10:49:13 - mmengine - INFO - Training parameters: panoptic_head.dp_polygonize_head.poly_reg_head.0.bias
2025/06/30 10:49:13 - mmengine - INFO - Training parameters: panoptic_head.dp_polygonize_head.poly_reg_head.2.weight
2025/06/30 10:49:13 - mmengine - INFO - Training parameters: panoptic_head.dp_polygonize_head.poly_reg_head.2.bias
2025/06/30 10:49:13 - mmengine - INFO - Training parameters: panoptic_head.dp_polygonize_head.poly_reg_head.4.weight
2025/06/30 10:49:13 - mmengine - INFO - Training parameters: panoptic_head.dp_polygonize_head.poly_reg_head.4.bias
2025/06/30 10:49:13 - mmengine - INFO - Training parameters: panoptic_head.dp_polygonize_head.poly_embed.weight
2025/06/30 10:49:13 - mmengine - INFO - Training parameters: panoptic_head.dp_polygonize_head.poly_embed.bias
2025/06/30 10:49:13 - mmengine - INFO - Load checkpoint from checkpoints/mask2former_e10_lre-5_kostanai-afs_v1.pth
2025/06/30 10:49:13 - mmengine - WARNING - "FileClient" will be deprecated in future. Please use io functions in https://mmengine.readthedocs.io/en/latest/api/fileio.html#file-io
2025/06/30 10:49:13 - mmengine - WARNING - "HardDiskBackend" is the alias of "LocalBackend" and the former will be deprecated in future.
2025/06/30 10:49:13 - mmengine - INFO - Checkpoints will be saved to D:\Sagi\GCP\GCP\work_dir\gcp_training\gcp_e5_lre-5_kostanai_afs_v1.
2025/06/30 10:50:45 - mmengine - INFO - Epoch(train) [1][ 50/942]  base_lr: 1.0000e-05 lr: 1.0000e-07  eta: 3:49:10  time: 1.1659  data_time: 0.0016  memory: 7001  grad_norm: 4.5264  loss: 11.9108  loss_cls: 0.1702  loss_mask: 0.0689  loss_dice: 0.5295  loss_poly_reg: 1.3848  loss_poly_ang: 0.8834  loss_dp: 0.4112  d0.loss_cls: 0.7069  d0.loss_mask: 0.1075  d0.loss_dice: 0.6552  d1.loss_cls: 0.2364  d1.loss_mask: 0.0782  d1.loss_dice: 0.5820  d2.loss_cls: 0.2147  d2.loss_mask: 0.0777  d2.loss_dice: 0.5831  d3.loss_cls: 0.2075  d3.loss_mask: 0.0823  d3.loss_dice: 0.5711  d4.loss_cls: 0.1735  d4.loss_mask: 0.0785  d4.loss_dice: 0.5474  d5.loss_cls: 0.1595  d5.loss_mask: 0.0691  d5.loss_dice: 0.5420  d6.loss_cls: 0.1500  d6.loss_mask: 0.0700  d6.loss_dice: 0.5372  d7.loss_cls: 0.1569  d7.loss_mask: 0.0721  d7.loss_dice: 0.5378  d8.loss_cls: 0.1535  d8.loss_mask: 0.0726  d8.loss_dice: 0.5631  d9.loss_cls: 0.1702  d9.loss_mask: 0.0689  d9.loss_dice: 0.5295
2025/06/30 10:52:07 - mmengine - INFO - Epoch(train) [1][100/942]  base_lr: 1.0000e-05 lr: 1.0000e-07  eta: 3:36:07  time: 1.2309  data_time: 0.0017  memory: 6981  grad_norm: 3.8450  loss: 17.7658  loss_cls: 0.2779  loss_mask: 0.0904  loss_dice: 0.8327  loss_poly_reg: 1.4605  loss_poly_ang: 1.0128  loss_dp: 0.4368  d0.loss_cls: 0.7426  d0.loss_mask: 0.1196  d0.loss_dice: 0.9592  d1.loss_cls: 0.4337  d1.loss_mask: 0.1180  d1.loss_dice: 0.9688  d2.loss_cls: 0.3397  d2.loss_mask: 0.1082  d2.loss_dice: 0.9247  d3.loss_cls: 0.3597  d3.loss_mask: 0.1067  d3.loss_dice: 0.8953  d4.loss_cls: 0.3478  d4.loss_mask: 0.1106  d4.loss_dice: 0.9006  d5.loss_cls: 0.3238  d5.loss_mask: 0.1067  d5.loss_dice: 0.8568  d6.loss_cls: 0.2969  d6.loss_mask: 0.1032  d6.loss_dice: 0.9079  d7.loss_cls: 0.3119  d7.loss_mask: 0.0962  d7.loss_dice: 0.8105  d8.loss_cls: 0.2991  d8.loss_mask: 0.0938  d8.loss_dice: 0.8120  d9.loss_cls: 0.2779  d9.loss_mask: 0.0904  d9.loss_dice: 0.8327
2025/06/30 10:53:46 - mmengine - INFO - Epoch(train) [1][150/942]  base_lr: 1.0000e-05 lr: 1.0000e-07  eta: 3:44:03  time: 2.0164  data_time: 0.0000  memory: 6904  grad_norm: 4.2747  loss: 14.8852  loss_cls: 0.2203  loss_mask: 0.0786  loss_dice: 0.6524  loss_poly_reg: 1.2876  loss_poly_ang: 0.9220  loss_dp: 0.4243  d0.loss_cls: 0.9788  d0.loss_mask: 0.1205  d0.loss_dice: 0.7861  d1.loss_cls: 0.3914  d1.loss_mask: 0.0890  d1.loss_dice: 0.7176  d2.loss_cls: 0.3077  d2.loss_mask: 0.0897  d2.loss_dice: 0.7247  d3.loss_cls: 0.2759  d3.loss_mask: 0.0815  d3.loss_dice: 0.7375  d4.loss_cls: 0.2416  d4.loss_mask: 0.0827  d4.loss_dice: 0.7384  d5.loss_cls: 0.2272  d5.loss_mask: 0.0810  d5.loss_dice: 0.6580  d6.loss_cls: 0.2203  d6.loss_mask: 0.0812  d6.loss_dice: 0.7162  d7.loss_cls: 0.2114  d7.loss_mask: 0.0793  d7.loss_dice: 0.7251  d8.loss_cls: 0.2097  d8.loss_mask: 0.0820  d8.loss_dice: 0.6940  d9.loss_cls: 0.2203  d9.loss_mask: 0.0786  d9.loss_dice: 0.6524
2025/06/30 10:54:56 - mmengine - INFO - Epoch(train) [1][200/942]  base_lr: 1.0000e-05 lr: 1.0000e-07  eta: 3:29:20  time: 1.8670  data_time: 0.0041  memory: 5601  grad_norm: 5.1026  loss: 16.1547  loss_cls: 0.2425  loss_mask: 0.0676  loss_dice: 0.7663  loss_poly_reg: 1.1990  loss_poly_ang: 0.8813  loss_dp: 0.4133  d0.loss_cls: 1.0978  d0.loss_mask: 0.1169  d0.loss_dice: 0.9904  d1.loss_cls: 0.3861  d1.loss_mask: 0.0814  d1.loss_dice: 0.9304  d2.loss_cls: 0.3605  d2.loss_mask: 0.0842  d2.loss_dice: 0.8216  d3.loss_cls: 0.3082  d3.loss_mask: 0.0737  d3.loss_dice: 0.8727  d4.loss_cls: 0.2785  d4.loss_mask: 0.0744  d4.loss_dice: 0.7786  d5.loss_cls: 0.2240  d5.loss_mask: 0.0741  d5.loss_dice: 0.7600  d6.loss_cls: 0.2112  d6.loss_mask: 0.0693  d6.loss_dice: 0.7830  d7.loss_cls: 0.2033  d7.loss_mask: 0.0709  d7.loss_dice: 0.8522  d8.loss_cls: 0.2099  d8.loss_mask: 0.0669  d8.loss_dice: 0.7280  d9.loss_cls: 0.2425  d9.loss_mask: 0.0676  d9.loss_dice: 0.7663
2025/06/30 10:56:28 - mmengine - INFO - Epoch(train) [1][250/942]  base_lr: 1.0000e-05 lr: 1.0000e-07  eta: 3:31:10  time: 1.6057  data_time: 0.0021  memory: 6771  grad_norm: 4.7140  loss: 17.1537  loss_cls: 0.2245  loss_mask: 0.0644  loss_dice: 0.9152  loss_poly_reg: 1.1209  loss_poly_ang: 0.8738  loss_dp: 0.4117  d0.loss_cls: 0.8508  d0.loss_mask: 0.0804  d0.loss_dice: 1.0115  d1.loss_cls: 0.3944  d1.loss_mask: 0.0758  d1.loss_dice: 1.0005  d2.loss_cls: 0.3264  d2.loss_mask: 0.0761  d2.loss_dice: 0.9582  d3.loss_cls: 0.3129  d3.loss_mask: 0.0721  d3.loss_dice: 0.9602  d4.loss_cls: 0.2822  d4.loss_mask: 0.0674  d4.loss_dice: 0.9524  d5.loss_cls: 0.2360  d5.loss_mask: 0.0670  d5.loss_dice: 0.9498  d6.loss_cls: 0.2445  d6.loss_mask: 0.0682  d6.loss_dice: 0.9298  d7.loss_cls: 0.2110  d7.loss_mask: 0.0688  d7.loss_dice: 0.9241  d8.loss_cls: 0.2242  d8.loss_mask: 0.0673  d8.loss_dice: 0.9270  d9.loss_cls: 0.2245  d9.loss_mask: 0.0644  d9.loss_dice: 0.9152
2025/06/30 10:57:54 - mmengine - INFO - Epoch(train) [1][300/942]  base_lr: 1.0000e-05 lr: 1.0000e-07  eta: 3:29:28  time: 1.8448  data_time: 0.0033  memory: 6089  grad_norm: 4.0705  loss: 17.0061  loss_cls: 0.2697  loss_mask: 0.0731  loss_dice: 0.8052  loss_poly_reg: 1.2644  loss_poly_ang: 1.0062  loss_dp: 0.4314  d0.loss_cls: 1.0686  d0.loss_mask: 0.1016  d0.loss_dice: 0.9945  d1.loss_cls: 0.4716  d1.loss_mask: 0.0853  d1.loss_dice: 0.8980  d2.loss_cls: 0.3859  d2.loss_mask: 0.0847  d2.loss_dice: 0.9440  d3.loss_cls: 0.3333  d3.loss_mask: 0.0838  d3.loss_dice: 0.8480  d4.loss_cls: 0.2918  d4.loss_mask: 0.0753  d4.loss_dice: 0.8113  d5.loss_cls: 0.2385  d5.loss_mask: 0.0823  d5.loss_dice: 0.8495  d6.loss_cls: 0.2222  d6.loss_mask: 0.0753  d6.loss_dice: 0.8347  d7.loss_cls: 0.2595  d7.loss_mask: 0.0731  d7.loss_dice: 0.7899  d8.loss_cls: 0.2553  d8.loss_mask: 0.0712  d8.loss_dice: 0.7788  d9.loss_cls: 0.2697  d9.loss_mask: 0.0731  d9.loss_dice: 0.8052
