2025/06/30 12:33:18 - mmengine - INFO - 
------------------------------------------------------------
System environment:
    sys.platform: win32
    Python: 3.10.18 | packaged by Anaconda, Inc. | (main, Jun  5 2025, 13:08:55) [MSC v.1929 64 bit (AMD64)]
    CUDA available: True
    MUSA available: False
    numpy_random_seed: 1910675100
    GPU 0: NVIDIA GeForce GTX 1660
    CUDA_HOME: C:\Users\Sagi\Miniconda3\envs\gcp-env\Library
    NVCC: Not Available
    MSVC: Оптимизирующий компилятор Microsoft (R) C/C++ версии 19.43.34810 для x64
    GCC: n/a
    PyTorch: 2.2.2+cu118
    PyTorch compiling details: PyTorch built with:
  - C++ Version: 201703
  - MSVC 192930151
  - Intel(R) Math Kernel Library Version 2020.0.2 Product Build 20200624 for Intel(R) 64 architecture applications
  - Intel(R) MKL-DNN v3.3.2 (Git Hash 2dc95a2ad0841e29db8b22fbccaf3e5da7992b01)
  - OpenMP 2019
  - LAPACK is enabled (usually provided by MKL)
  - CPU capability usage: AVX2
  - CUDA Runtime 11.8
  - NVCC architecture flags: -gencode;arch=compute_37,code=sm_37;-gencode;arch=compute_50,code=sm_50;-gencode;arch=compute_60,code=sm_60;-gencode;arch=compute_61,code=sm_61;-gencode;arch=compute_70,code=sm_70;-gencode;arch=compute_75,code=sm_75;-gencode;arch=compute_80,code=sm_80;-gencode;arch=compute_86,code=sm_86;-gencode;arch=compute_90,code=sm_90;-gencode;arch=compute_37,code=compute_37
  - CuDNN 8.7
  - Magma 2.5.4
  - Build settings: BLAS_INFO=mkl, BUILD_TYPE=Release, CUDA_VERSION=11.8, CUDNN_VERSION=8.7.0, CXX_COMPILER=C:/actions-runner/_work/pytorch/pytorch/builder/windows/tmp_bin/sccache-cl.exe, CXX_FLAGS=/DWIN32 /D_WINDOWS /GR /EHsc /Zc:__cplusplus /bigobj /FS /utf-8 -DUSE_PTHREADPOOL -DNDEBUG -DUSE_KINETO -DLIBKINETO_NOCUPTI -DLIBKINETO_NOROCTRACER -DUSE_FBGEMM -DUSE_XNNPACK -DSYMBOLICATE_MOBILE_DEBUG_HANDLE /wd4624 /wd4068 /wd4067 /wd4267 /wd4661 /wd4717 /wd4244 /wd4804 /wd4273, LAPACK_INFO=mkl, PERF_WITH_AVX=1, PERF_WITH_AVX2=1, PERF_WITH_AVX512=1, TORCH_VERSION=2.2.2, USE_CUDA=ON, USE_CUDNN=ON, USE_EXCEPTION_PTR=1, USE_GFLAGS=OFF, USE_GLOG=OFF, USE_MKL=ON, USE_MKLDNN=ON, USE_MPI=OFF, USE_NCCL=OFF, USE_NNPACK=OFF, USE_OPENMP=ON, USE_ROCM=OFF, USE_ROCM_KERNEL_ASSERT=OFF, 

    TorchVision: 0.17.2+cu118
    OpenCV: 4.11.0
    MMEngine: 0.10.7

Runtime environment:
    cudnn_benchmark: False
    mp_cfg: {'mp_start_method': 'fork', 'opencv_num_threads': 0}
    dist_cfg: {'backend': 'nccl'}
    seed: 1910675100
    Distributed launcher: none
    Distributed training: False
    GPU number: 1
------------------------------------------------------------

2025/06/30 12:33:19 - mmengine - INFO - Config:
auto_scale_lr = dict(base_batch_size=4, enable=False)
backend_args = None
batch_augments = [
    dict(
        img_pad_value=0,
        mask_pad_value=0,
        pad_mask=True,
        pad_seg=True,
        seg_pad_value=255,
        size=(
            512,
            512,
        ),
        type='BatchFixedSizePad'),
]
crop_size = (
    512,
    512,
)
data_preprocessor = dict(
    batch_augments=[
        dict(
            img_pad_value=0,
            mask_pad_value=0,
            pad_mask=True,
            pad_seg=True,
            seg_pad_value=255,
            size=(
                512,
                512,
            ),
            type='BatchFixedSizePad'),
    ],
    bgr_to_rgb=True,
    mask_pad_value=0,
    mean=[
        123.675,
        116.28,
        103.53,
    ],
    pad_mask=True,
    pad_seg=True,
    pad_size_divisor=32,
    seg_pad_value=255,
    std=[
        58.395,
        57.12,
        57.375,
    ],
    type='DetDataPreprocessor')
data_root = 'data/kostanai'
dataset_type = 'WHUMixVectorDataset'
default_hooks = dict(
    checkpoint=dict(
        by_epoch=True,
        interval=1,
        max_keep_ckpts=3,
        save_last=True,
        type='CheckpointHook'),
    logger=dict(interval=50, type='LoggerHook'),
    param_scheduler=dict(type='ParamSchedulerHook'),
    sampler_seed=dict(type='DistSamplerSeedHook'),
    timer=dict(type='IterTimerHook'),
    visualization=dict(
        draw=True, interval=3, score_thr=0.6, type='TanmlhVisualizationHook'))
default_scope = 'mmdet'
embed_multi = dict(decay_mult=0.0, lr_mult=1.0)
env_cfg = dict(
    cudnn_benchmark=False,
    dist_cfg=dict(backend='nccl'),
    mp_cfg=dict(mp_start_method='fork', opencv_num_threads=0))
img_norm_cfg = dict(
    mean=[
        123.675,
        116.28,
        103.53,
    ],
    std=[
        58.395,
        57.12,
        57.375,
    ],
    to_rgb=True)
launcher = 'none'
load_from = None
log_level = 'INFO'
log_processor = dict(by_epoch=True, type='LogProcessor', window_size=10)
max_epochs = 8
model = dict(
    backbone=dict(
        depth=50,
        frozen_stages=-1,
        init_cfg=dict(checkpoint='torchvision://resnet50', type='Pretrained'),
        norm_cfg=dict(requires_grad=False, type='BN'),
        norm_eval=True,
        num_stages=4,
        out_indices=(
            0,
            1,
            2,
            3,
        ),
        style='pytorch',
        type='ResNet'),
    data_preprocessor=dict(
        bgr_to_rgb=True,
        mask_pad_value=0,
        mean=[
            123.675,
            116.28,
            103.53,
        ],
        pad_mask=True,
        pad_seg=True,
        pad_size_divisor=32,
        seg_pad_value=255,
        std=[
            58.395,
            57.12,
            57.375,
        ],
        type='DetDataPreprocessor'),
    frozen_parameters=[
        'backbone',
        'panoptic_head.pixel_decoder',
        'panoptic_head.transformer_decoder',
        'panoptic_head.decoder_input_projs',
        'panoptic_head.query_embed',
        'panoptic_head.query_feat',
        'panoptic_head.level_embed',
        'panoptic_head.cls_embed',
        'panoptic_head.mask_embed',
    ],
    init_cfg=None,
    panoptic_fusion_head=dict(
        init_cfg=None,
        loss_panoptic=None,
        num_stuff_classes=0,
        num_things_classes=1,
        type='PolyFormerFusionHeadV2'),
    panoptic_head=dict(
        dp_polygonize_head=dict(
            init_cfg=None,
            layer_cfg=dict(
                cross_attn_cfg=dict(
                    batch_first=True, dropout=0.0, embed_dims=256,
                    num_heads=8),
                ffn_cfg=dict(
                    act_cfg=dict(inplace=True, type='ReLU'),
                    embed_dims=256,
                    feedforward_channels=2048,
                    ffn_drop=0.0,
                    num_fcs=2),
                self_attn_cfg=dict(
                    batch_first=True, dropout=0.0, embed_dims=256,
                    num_heads=8)),
            num_layers=3,
            return_intermediate=True),
        enforce_decoder_input_project=False,
        feat_channels=256,
        in_channels=[
            256,
            512,
            1024,
            2048,
        ],
        loss_cls=dict(
            class_weight=[
                1.0,
                0.1,
            ],
            loss_weight=2.0,
            reduction='mean',
            type='CrossEntropyLoss',
            use_sigmoid=False),
        loss_dice=dict(
            activate=True,
            eps=1.0,
            loss_weight=5.0,
            naive_dice=True,
            reduction='mean',
            type='DiceLoss',
            use_sigmoid=True),
        loss_mask=dict(
            loss_weight=5.0,
            reduction='mean',
            type='CrossEntropyLoss',
            use_sigmoid=True),
        loss_poly_ang=dict(
            loss_weight=1.0, reduction='mean', type='SmoothL1Loss'),
        loss_poly_reg=dict(
            loss_weight=1.0, reduction='mean', type='SmoothL1Loss'),
        num_queries=300,
        num_stuff_classes=0,
        num_things_classes=1,
        num_transformer_feat_level=3,
        out_channels=256,
        pixel_decoder=dict(
            act_cfg=dict(type='ReLU'),
            encoder=dict(
                layer_cfg=dict(
                    ffn_cfg=dict(
                        act_cfg=dict(inplace=True, type='ReLU'),
                        embed_dims=256,
                        feedforward_channels=1024,
                        ffn_drop=0.0,
                        num_fcs=2),
                    self_attn_cfg=dict(
                        batch_first=True,
                        dropout=0.0,
                        embed_dims=256,
                        num_heads=8,
                        num_levels=3,
                        num_points=4)),
                num_layers=6),
            norm_cfg=dict(num_groups=32, type='GN'),
            num_outs=3,
            positional_encoding=dict(normalize=True, num_feats=128),
            type='MSDeformAttnPixelDecoder'),
        poly_cfg=dict(
            align_iou_thre=0.5,
            apply_angle_loss=True,
            apply_prim_pred=True,
            lam=4,
            loss_weight_dp=0.01,
            map_features=True,
            mask_cls_thre=0.0,
            max_align_dis=15,
            max_match_dis=10,
            max_offsets=5,
            max_step_size=128,
            num_cls_channels=2,
            num_inter_points=64,
            num_min_bins=32,
            point_as_prim=True,
            poly_decode_type='dp',
            polygonize_mode='cv2_single_mask',
            polygonized_scale=4.0,
            pred_angle=False,
            prim_cls_thre=0.1,
            proj_gt=False,
            reg_targets_type='vertice',
            return_poly_json=False,
            sample_points=True,
            step_size=4,
            stride_size=64,
            use_coords_in_poly_feat=True,
            use_decoded_feat_in_poly_feat=True,
            use_gt_jsons=False,
            use_ind_offset=True,
            use_point_feat_in_poly_feat=True,
            use_ref_rings=False),
        positional_encoding=dict(normalize=True, num_feats=128),
        strides=[
            4,
            8,
            16,
            32,
        ],
        transformer_decoder=dict(
            init_cfg=None,
            layer_cfg=dict(
                cross_attn_cfg=dict(
                    batch_first=True, dropout=0.0, embed_dims=256,
                    num_heads=8),
                ffn_cfg=dict(
                    act_cfg=dict(inplace=True, type='ReLU'),
                    embed_dims=256,
                    feedforward_channels=2048,
                    ffn_drop=0.0,
                    num_fcs=2),
                self_attn_cfg=dict(
                    batch_first=True, dropout=0.0, embed_dims=256,
                    num_heads=8)),
            num_layers=9,
            return_intermediate=True),
        type='PolygonizerHead'),
    test_cfg=dict(
        filter_low_score=True,
        instance_on=True,
        iou_thr=0.8,
        max_per_image=300,
        panoptic_on=False,
        score_thr=0.6,
        semantic_on=False),
    train_cfg=dict(
        add_target_to_data_samples=True,
        assigner=dict(
            match_costs=[
                dict(type='ClassificationCost', weight=2.0),
                dict(
                    type='CrossEntropyLossCost', use_sigmoid=True, weight=5.0),
                dict(eps=1.0, pred_act=True, type='DiceCost', weight=5.0),
            ],
            type='HungarianAssigner'),
        importance_sample_ratio=0.75,
        num_points=12544,
        oversample_ratio=3.0,
        prim_assigner=dict(
            match_costs=[
                dict(type='PointL1Cost', weight=0.1),
            ],
            type='HungarianAssigner'),
        sampler=dict(type='MaskPseudoSampler')),
    type='PolyFormerV2')
num_classes = 1
num_stuff_classes = 0
num_things_classes = 1
optim_wrapper = dict(
    clip_grad=dict(max_norm=0.01, norm_type=2),
    optimizer=dict(
        betas=(
            0.9,
            0.999,
        ),
        eps=1e-08,
        lr=0.0001,
        type='AdamW',
        weight_decay=0.05),
    paramwise_cfg=dict(
        custom_keys=dict(
            backbone=dict(decay_mult=1.0, lr_mult=0.1),
            level_embed=dict(decay_mult=0.0, lr_mult=1.0),
            query_embed=dict(decay_mult=0.0, lr_mult=1.0),
            query_feat=dict(decay_mult=0.0, lr_mult=1.0)),
        norm_decay_mult=0.0),
    type='OptimWrapper')
param_scheduler = [
    dict(
        begin=0,
        by_epoch=True,
        end=8,
        gamma=0.1,
        milestones=[
            9,
        ],
        type='MultiStepLR'),
]
resume = True
test_cfg = dict(type='TestLoop')
test_dataloader = dict(
    batch_size=1,
    dataset=dict(
        ann_file='test/test.json',
        backend_args=None,
        data_prefix=dict(img='test/images'),
        data_root='data/kostanai',
        pipeline=[
            dict(backend_args=None, type='LoadImageFromFile'),
            dict(keep_ratio=True, scale=(
                512,
                512,
            ), type='Resize'),
            dict(
                poly2mask=False,
                type='LoadAnnotations',
                with_bbox=False,
                with_mask=True,
                with_poly_json=False),
            dict(
                meta_keys=(
                    'img_id',
                    'img_path',
                    'ori_shape',
                    'img_shape',
                    'scale_factor',
                ),
                type='PackDetInputs'),
        ],
        test_mode=True,
        type='WHUMixVectorDataset'),
    drop_last=False,
    num_workers=1,
    persistent_workers=False,
    sampler=dict(shuffle=False, type='DefaultSampler'))
test_evaluator = [
    dict(
        ann_file='data/kostanai/test/test.json',
        backend_args=None,
        calculate_iou_ciou=True,
        calculate_mta=True,
        mask_type='polygon',
        metric=[
            'segm',
        ],
        score_thre=0.5,
        type='CocoMetric'),
]
test_pipeline = [
    dict(backend_args=None, type='LoadImageFromFile'),
    dict(keep_ratio=True, scale=(
        512,
        512,
    ), type='Resize'),
    dict(
        poly2mask=False,
        type='LoadAnnotations',
        with_bbox=False,
        with_mask=True,
        with_poly_json=False),
    dict(
        meta_keys=(
            'img_id',
            'img_path',
            'ori_shape',
            'img_shape',
            'scale_factor',
        ),
        type='PackDetInputs'),
]
train_cfg = dict(max_epochs=8, type='EpochBasedTrainLoop', val_interval=1)
train_dataloader = dict(
    batch_sampler=dict(type='AspectRatioBatchSampler'),
    batch_size=2,
    dataset=dict(
        ann_file='train/train.json',
        backend_args=None,
        data_prefix=dict(img='train/images'),
        data_root='data/kostanai',
        pipeline=[
            dict(backend_args=None, type='LoadImageFromFile'),
            dict(
                poly2mask=False,
                type='LoadAnnotations',
                with_bbox=True,
                with_mask=True,
                with_poly_json=False),
            dict(keep_ratio=True, scale=(
                512,
                512,
            ), type='Resize'),
            dict(
                direction=[
                    'horizontal',
                    'vertical',
                    'diagonal',
                ],
                prob=0.75,
                type='RandomFlip'),
            dict(prob=0.75, type='Rotate90'),
            dict(
                meta_keys=(
                    'img_id',
                    'img_path',
                    'ori_shape',
                    'img_shape',
                    'scale_factor',
                ),
                type='PackDetInputs'),
        ],
        type='WHUMixVectorDataset'),
    num_workers=2,
    persistent_workers=False,
    sampler=dict(shuffle=True, type='DefaultSampler'))
train_pipeline = [
    dict(backend_args=None, type='LoadImageFromFile'),
    dict(
        poly2mask=False,
        type='LoadAnnotations',
        with_bbox=True,
        with_mask=True,
        with_poly_json=False),
    dict(keep_ratio=True, scale=(
        512,
        512,
    ), type='Resize'),
    dict(
        direction=[
            'horizontal',
            'vertical',
            'diagonal',
        ],
        prob=0.75,
        type='RandomFlip'),
    dict(prob=0.75, type='Rotate90'),
    dict(
        meta_keys=(
            'img_id',
            'img_path',
            'ori_shape',
            'img_shape',
            'scale_factor',
        ),
        type='PackDetInputs'),
]
val_cfg = dict(type='ValLoop')
val_dataloader = dict(
    batch_size=2,
    dataset=dict(
        ann_file='val/val.json',
        backend_args=None,
        data_prefix=dict(img='val/images'),
        data_root='data/kostanai',
        pipeline=[
            dict(backend_args=None, type='LoadImageFromFile'),
            dict(keep_ratio=True, scale=(
                512,
                512,
            ), type='Resize'),
            dict(
                poly2mask=False,
                type='LoadAnnotations',
                with_bbox=False,
                with_mask=True,
                with_poly_json=False),
            dict(
                meta_keys=(
                    'img_id',
                    'img_path',
                    'ori_shape',
                    'img_shape',
                    'scale_factor',
                ),
                type='PackDetInputs'),
        ],
        test_mode=True,
        type='WHUMixVectorDataset'),
    drop_last=False,
    num_workers=2,
    persistent_workers=False,
    sampler=dict(shuffle=False, type='DefaultSampler'))
val_evaluator = [
    dict(
        ann_file='data/kostanai/val/val.json',
        backend_args=None,
        calculate_iou_ciou=True,
        calculate_mta=True,
        mask_type='polygon',
        metric=[
            'segm',
        ],
        score_thre=0.5,
        type='CocoMetric'),
]
vis_backends = [
    dict(
        init_kwargs=dict(
            allow_val_change=True,
            group='gcp_training',
            id='uyfqo770',
            name='gcp_e5_lre-4_kostanai_afs_v2',
            project='building-segmentation-gcp',
            resume='must'),
        save_dir='work_dir\\gcp_training\\gcp_e5_lre-4_kostanai_afs_v2\\wandb',
        type='WandbVisBackend'),
]
visualizer = dict(
    name='visualizer',
    type='TanmlhVisualizer',
    vis_backends=[
        dict(
            init_kwargs=dict(
                allow_val_change=True,
                group='gcp_training',
                id='uyfqo770',
                name='gcp_e5_lre-4_kostanai_afs_v2',
                project='building-segmentation-gcp',
                resume='must'),
            save_dir=
            'work_dir\\gcp_training\\gcp_e5_lre-4_kostanai_afs_v2\\wandb',
            type='WandbVisBackend'),
    ])
work_dir = 'work_dir\\gcp_training\\gcp_e5_lre-4_kostanai_afs_v2'

2025/06/30 12:33:27 - mmengine - INFO - Distributed training is not used, all SyncBatchNorm (SyncBN) layers in the model will be automatically reverted to BatchNormXd layers if they are used.
2025/06/30 12:33:27 - mmengine - INFO - Hooks will be executed in the following order:
before_run:
(VERY_HIGH   ) RuntimeInfoHook                    
(BELOW_NORMAL) LoggerHook                         
 -------------------- 
before_train:
(VERY_HIGH   ) RuntimeInfoHook                    
(NORMAL      ) IterTimerHook                      
(VERY_LOW    ) CheckpointHook                     
 -------------------- 
before_train_epoch:
(VERY_HIGH   ) RuntimeInfoHook                    
(NORMAL      ) IterTimerHook                      
(NORMAL      ) DistSamplerSeedHook                
 -------------------- 
before_train_iter:
(VERY_HIGH   ) RuntimeInfoHook                    
(NORMAL      ) IterTimerHook                      
 -------------------- 
after_train_iter:
(VERY_HIGH   ) RuntimeInfoHook                    
(NORMAL      ) IterTimerHook                      
(BELOW_NORMAL) LoggerHook                         
(LOW         ) ParamSchedulerHook                 
(VERY_LOW    ) CheckpointHook                     
 -------------------- 
after_train_epoch:
(NORMAL      ) IterTimerHook                      
(LOW         ) ParamSchedulerHook                 
(VERY_LOW    ) CheckpointHook                     
 -------------------- 
before_val:
(VERY_HIGH   ) RuntimeInfoHook                    
 -------------------- 
before_val_epoch:
(NORMAL      ) IterTimerHook                      
 -------------------- 
before_val_iter:
(NORMAL      ) IterTimerHook                      
 -------------------- 
after_val_iter:
(NORMAL      ) IterTimerHook                      
(NORMAL      ) TanmlhVisualizationHook            
(BELOW_NORMAL) LoggerHook                         
 -------------------- 
after_val_epoch:
(VERY_HIGH   ) RuntimeInfoHook                    
(NORMAL      ) IterTimerHook                      
(BELOW_NORMAL) LoggerHook                         
(LOW         ) ParamSchedulerHook                 
(VERY_LOW    ) CheckpointHook                     
 -------------------- 
after_val:
(VERY_HIGH   ) RuntimeInfoHook                    
 -------------------- 
after_train:
(VERY_HIGH   ) RuntimeInfoHook                    
(VERY_LOW    ) CheckpointHook                     
 -------------------- 
before_test:
(VERY_HIGH   ) RuntimeInfoHook                    
 -------------------- 
before_test_epoch:
(NORMAL      ) IterTimerHook                      
 -------------------- 
before_test_iter:
(NORMAL      ) IterTimerHook                      
 -------------------- 
after_test_iter:
(NORMAL      ) IterTimerHook                      
(NORMAL      ) TanmlhVisualizationHook            
(BELOW_NORMAL) LoggerHook                         
 -------------------- 
after_test_epoch:
(VERY_HIGH   ) RuntimeInfoHook                    
(NORMAL      ) IterTimerHook                      
(BELOW_NORMAL) LoggerHook                         
 -------------------- 
after_test:
(VERY_HIGH   ) RuntimeInfoHook                    
 -------------------- 
after_run:
(BELOW_NORMAL) LoggerHook                         
 -------------------- 
2025/06/30 12:33:30 - mmengine - INFO - paramwise_options -- backbone.conv1.weight:lr=1e-05
2025/06/30 12:33:30 - mmengine - INFO - paramwise_options -- backbone.conv1.weight:weight_decay=0.05
2025/06/30 12:33:30 - mmengine - INFO - paramwise_options -- backbone.conv1.weight:lr_mult=0.1
2025/06/30 12:33:30 - mmengine - INFO - paramwise_options -- backbone.conv1.weight:decay_mult=1.0
2025/06/30 12:33:30 - mmengine - WARNING - backbone.bn1.weight is skipped since its requires_grad=False
2025/06/30 12:33:30 - mmengine - WARNING - backbone.bn1.bias is skipped since its requires_grad=False
2025/06/30 12:33:30 - mmengine - INFO - paramwise_options -- backbone.layer1.0.conv1.weight:lr=1e-05
2025/06/30 12:33:30 - mmengine - INFO - paramwise_options -- backbone.layer1.0.conv1.weight:weight_decay=0.05
2025/06/30 12:33:30 - mmengine - INFO - paramwise_options -- backbone.layer1.0.conv1.weight:lr_mult=0.1
2025/06/30 12:33:30 - mmengine - INFO - paramwise_options -- backbone.layer1.0.conv1.weight:decay_mult=1.0
2025/06/30 12:33:30 - mmengine - WARNING - backbone.layer1.0.bn1.weight is skipped since its requires_grad=False
2025/06/30 12:33:30 - mmengine - WARNING - backbone.layer1.0.bn1.bias is skipped since its requires_grad=False
2025/06/30 12:33:30 - mmengine - INFO - paramwise_options -- backbone.layer1.0.conv2.weight:lr=1e-05
2025/06/30 12:33:30 - mmengine - INFO - paramwise_options -- backbone.layer1.0.conv2.weight:weight_decay=0.05
2025/06/30 12:33:30 - mmengine - INFO - paramwise_options -- backbone.layer1.0.conv2.weight:lr_mult=0.1
2025/06/30 12:33:30 - mmengine - INFO - paramwise_options -- backbone.layer1.0.conv2.weight:decay_mult=1.0
2025/06/30 12:33:30 - mmengine - WARNING - backbone.layer1.0.bn2.weight is skipped since its requires_grad=False
2025/06/30 12:33:30 - mmengine - WARNING - backbone.layer1.0.bn2.bias is skipped since its requires_grad=False
2025/06/30 12:33:30 - mmengine - INFO - paramwise_options -- backbone.layer1.0.conv3.weight:lr=1e-05
2025/06/30 12:33:30 - mmengine - INFO - paramwise_options -- backbone.layer1.0.conv3.weight:weight_decay=0.05
2025/06/30 12:33:30 - mmengine - INFO - paramwise_options -- backbone.layer1.0.conv3.weight:lr_mult=0.1
2025/06/30 12:33:30 - mmengine - INFO - paramwise_options -- backbone.layer1.0.conv3.weight:decay_mult=1.0
2025/06/30 12:33:30 - mmengine - WARNING - backbone.layer1.0.bn3.weight is skipped since its requires_grad=False
2025/06/30 12:33:30 - mmengine - WARNING - backbone.layer1.0.bn3.bias is skipped since its requires_grad=False
2025/06/30 12:33:30 - mmengine - INFO - paramwise_options -- backbone.layer1.0.downsample.0.weight:lr=1e-05
2025/06/30 12:33:30 - mmengine - INFO - paramwise_options -- backbone.layer1.0.downsample.0.weight:weight_decay=0.05
2025/06/30 12:33:30 - mmengine - INFO - paramwise_options -- backbone.layer1.0.downsample.0.weight:lr_mult=0.1
2025/06/30 12:33:30 - mmengine - INFO - paramwise_options -- backbone.layer1.0.downsample.0.weight:decay_mult=1.0
2025/06/30 12:33:30 - mmengine - WARNING - backbone.layer1.0.downsample.1.weight is skipped since its requires_grad=False
2025/06/30 12:33:30 - mmengine - WARNING - backbone.layer1.0.downsample.1.bias is skipped since its requires_grad=False
2025/06/30 12:33:30 - mmengine - INFO - paramwise_options -- backbone.layer1.1.conv1.weight:lr=1e-05
2025/06/30 12:33:30 - mmengine - INFO - paramwise_options -- backbone.layer1.1.conv1.weight:weight_decay=0.05
2025/06/30 12:33:30 - mmengine - INFO - paramwise_options -- backbone.layer1.1.conv1.weight:lr_mult=0.1
2025/06/30 12:33:30 - mmengine - INFO - paramwise_options -- backbone.layer1.1.conv1.weight:decay_mult=1.0
2025/06/30 12:33:30 - mmengine - WARNING - backbone.layer1.1.bn1.weight is skipped since its requires_grad=False
2025/06/30 12:33:30 - mmengine - WARNING - backbone.layer1.1.bn1.bias is skipped since its requires_grad=False
2025/06/30 12:33:30 - mmengine - INFO - paramwise_options -- backbone.layer1.1.conv2.weight:lr=1e-05
2025/06/30 12:33:30 - mmengine - INFO - paramwise_options -- backbone.layer1.1.conv2.weight:weight_decay=0.05
2025/06/30 12:33:30 - mmengine - INFO - paramwise_options -- backbone.layer1.1.conv2.weight:lr_mult=0.1
2025/06/30 12:33:30 - mmengine - INFO - paramwise_options -- backbone.layer1.1.conv2.weight:decay_mult=1.0
2025/06/30 12:33:30 - mmengine - WARNING - backbone.layer1.1.bn2.weight is skipped since its requires_grad=False
2025/06/30 12:33:30 - mmengine - WARNING - backbone.layer1.1.bn2.bias is skipped since its requires_grad=False
2025/06/30 12:33:30 - mmengine - INFO - paramwise_options -- backbone.layer1.1.conv3.weight:lr=1e-05
2025/06/30 12:33:30 - mmengine - INFO - paramwise_options -- backbone.layer1.1.conv3.weight:weight_decay=0.05
2025/06/30 12:33:30 - mmengine - INFO - paramwise_options -- backbone.layer1.1.conv3.weight:lr_mult=0.1
2025/06/30 12:33:30 - mmengine - INFO - paramwise_options -- backbone.layer1.1.conv3.weight:decay_mult=1.0
2025/06/30 12:33:30 - mmengine - WARNING - backbone.layer1.1.bn3.weight is skipped since its requires_grad=False
2025/06/30 12:33:30 - mmengine - WARNING - backbone.layer1.1.bn3.bias is skipped since its requires_grad=False
2025/06/30 12:33:30 - mmengine - INFO - paramwise_options -- backbone.layer1.2.conv1.weight:lr=1e-05
2025/06/30 12:33:30 - mmengine - INFO - paramwise_options -- backbone.layer1.2.conv1.weight:weight_decay=0.05
2025/06/30 12:33:30 - mmengine - INFO - paramwise_options -- backbone.layer1.2.conv1.weight:lr_mult=0.1
2025/06/30 12:33:30 - mmengine - INFO - paramwise_options -- backbone.layer1.2.conv1.weight:decay_mult=1.0
2025/06/30 12:33:30 - mmengine - WARNING - backbone.layer1.2.bn1.weight is skipped since its requires_grad=False
2025/06/30 12:33:30 - mmengine - WARNING - backbone.layer1.2.bn1.bias is skipped since its requires_grad=False
2025/06/30 12:33:30 - mmengine - INFO - paramwise_options -- backbone.layer1.2.conv2.weight:lr=1e-05
2025/06/30 12:33:30 - mmengine - INFO - paramwise_options -- backbone.layer1.2.conv2.weight:weight_decay=0.05
2025/06/30 12:33:30 - mmengine - INFO - paramwise_options -- backbone.layer1.2.conv2.weight:lr_mult=0.1
2025/06/30 12:33:30 - mmengine - INFO - paramwise_options -- backbone.layer1.2.conv2.weight:decay_mult=1.0
2025/06/30 12:33:30 - mmengine - WARNING - backbone.layer1.2.bn2.weight is skipped since its requires_grad=False
2025/06/30 12:33:30 - mmengine - WARNING - backbone.layer1.2.bn2.bias is skipped since its requires_grad=False
2025/06/30 12:33:30 - mmengine - INFO - paramwise_options -- backbone.layer1.2.conv3.weight:lr=1e-05
2025/06/30 12:33:30 - mmengine - INFO - paramwise_options -- backbone.layer1.2.conv3.weight:weight_decay=0.05
2025/06/30 12:33:30 - mmengine - INFO - paramwise_options -- backbone.layer1.2.conv3.weight:lr_mult=0.1
2025/06/30 12:33:30 - mmengine - INFO - paramwise_options -- backbone.layer1.2.conv3.weight:decay_mult=1.0
2025/06/30 12:33:30 - mmengine - WARNING - backbone.layer1.2.bn3.weight is skipped since its requires_grad=False
2025/06/30 12:33:30 - mmengine - WARNING - backbone.layer1.2.bn3.bias is skipped since its requires_grad=False
2025/06/30 12:33:30 - mmengine - INFO - paramwise_options -- backbone.layer2.0.conv1.weight:lr=1e-05
2025/06/30 12:33:30 - mmengine - INFO - paramwise_options -- backbone.layer2.0.conv1.weight:weight_decay=0.05
2025/06/30 12:33:30 - mmengine - INFO - paramwise_options -- backbone.layer2.0.conv1.weight:lr_mult=0.1
2025/06/30 12:33:30 - mmengine - INFO - paramwise_options -- backbone.layer2.0.conv1.weight:decay_mult=1.0
2025/06/30 12:33:30 - mmengine - WARNING - backbone.layer2.0.bn1.weight is skipped since its requires_grad=False
2025/06/30 12:33:30 - mmengine - WARNING - backbone.layer2.0.bn1.bias is skipped since its requires_grad=False
2025/06/30 12:33:30 - mmengine - INFO - paramwise_options -- backbone.layer2.0.conv2.weight:lr=1e-05
2025/06/30 12:33:30 - mmengine - INFO - paramwise_options -- backbone.layer2.0.conv2.weight:weight_decay=0.05
2025/06/30 12:33:30 - mmengine - INFO - paramwise_options -- backbone.layer2.0.conv2.weight:lr_mult=0.1
2025/06/30 12:33:30 - mmengine - INFO - paramwise_options -- backbone.layer2.0.conv2.weight:decay_mult=1.0
2025/06/30 12:33:30 - mmengine - WARNING - backbone.layer2.0.bn2.weight is skipped since its requires_grad=False
2025/06/30 12:33:30 - mmengine - WARNING - backbone.layer2.0.bn2.bias is skipped since its requires_grad=False
2025/06/30 12:33:30 - mmengine - INFO - paramwise_options -- backbone.layer2.0.conv3.weight:lr=1e-05
2025/06/30 12:33:30 - mmengine - INFO - paramwise_options -- backbone.layer2.0.conv3.weight:weight_decay=0.05
2025/06/30 12:33:30 - mmengine - INFO - paramwise_options -- backbone.layer2.0.conv3.weight:lr_mult=0.1
2025/06/30 12:33:30 - mmengine - INFO - paramwise_options -- backbone.layer2.0.conv3.weight:decay_mult=1.0
2025/06/30 12:33:30 - mmengine - WARNING - backbone.layer2.0.bn3.weight is skipped since its requires_grad=False
2025/06/30 12:33:30 - mmengine - WARNING - backbone.layer2.0.bn3.bias is skipped since its requires_grad=False
2025/06/30 12:33:30 - mmengine - INFO - paramwise_options -- backbone.layer2.0.downsample.0.weight:lr=1e-05
2025/06/30 12:33:30 - mmengine - INFO - paramwise_options -- backbone.layer2.0.downsample.0.weight:weight_decay=0.05
2025/06/30 12:33:30 - mmengine - INFO - paramwise_options -- backbone.layer2.0.downsample.0.weight:lr_mult=0.1
2025/06/30 12:33:30 - mmengine - INFO - paramwise_options -- backbone.layer2.0.downsample.0.weight:decay_mult=1.0
2025/06/30 12:33:30 - mmengine - WARNING - backbone.layer2.0.downsample.1.weight is skipped since its requires_grad=False
2025/06/30 12:33:30 - mmengine - WARNING - backbone.layer2.0.downsample.1.bias is skipped since its requires_grad=False
2025/06/30 12:33:30 - mmengine - INFO - paramwise_options -- backbone.layer2.1.conv1.weight:lr=1e-05
2025/06/30 12:33:30 - mmengine - INFO - paramwise_options -- backbone.layer2.1.conv1.weight:weight_decay=0.05
2025/06/30 12:33:30 - mmengine - INFO - paramwise_options -- backbone.layer2.1.conv1.weight:lr_mult=0.1
2025/06/30 12:33:30 - mmengine - INFO - paramwise_options -- backbone.layer2.1.conv1.weight:decay_mult=1.0
2025/06/30 12:33:30 - mmengine - WARNING - backbone.layer2.1.bn1.weight is skipped since its requires_grad=False
2025/06/30 12:33:30 - mmengine - WARNING - backbone.layer2.1.bn1.bias is skipped since its requires_grad=False
2025/06/30 12:33:30 - mmengine - INFO - paramwise_options -- backbone.layer2.1.conv2.weight:lr=1e-05
2025/06/30 12:33:30 - mmengine - INFO - paramwise_options -- backbone.layer2.1.conv2.weight:weight_decay=0.05
2025/06/30 12:33:30 - mmengine - INFO - paramwise_options -- backbone.layer2.1.conv2.weight:lr_mult=0.1
2025/06/30 12:33:30 - mmengine - INFO - paramwise_options -- backbone.layer2.1.conv2.weight:decay_mult=1.0
2025/06/30 12:33:30 - mmengine - WARNING - backbone.layer2.1.bn2.weight is skipped since its requires_grad=False
2025/06/30 12:33:30 - mmengine - WARNING - backbone.layer2.1.bn2.bias is skipped since its requires_grad=False
2025/06/30 12:33:30 - mmengine - INFO - paramwise_options -- backbone.layer2.1.conv3.weight:lr=1e-05
2025/06/30 12:33:30 - mmengine - INFO - paramwise_options -- backbone.layer2.1.conv3.weight:weight_decay=0.05
2025/06/30 12:33:30 - mmengine - INFO - paramwise_options -- backbone.layer2.1.conv3.weight:lr_mult=0.1
2025/06/30 12:33:30 - mmengine - INFO - paramwise_options -- backbone.layer2.1.conv3.weight:decay_mult=1.0
2025/06/30 12:33:30 - mmengine - WARNING - backbone.layer2.1.bn3.weight is skipped since its requires_grad=False
2025/06/30 12:33:30 - mmengine - WARNING - backbone.layer2.1.bn3.bias is skipped since its requires_grad=False
2025/06/30 12:33:30 - mmengine - INFO - paramwise_options -- backbone.layer2.2.conv1.weight:lr=1e-05
2025/06/30 12:33:30 - mmengine - INFO - paramwise_options -- backbone.layer2.2.conv1.weight:weight_decay=0.05
2025/06/30 12:33:30 - mmengine - INFO - paramwise_options -- backbone.layer2.2.conv1.weight:lr_mult=0.1
2025/06/30 12:33:30 - mmengine - INFO - paramwise_options -- backbone.layer2.2.conv1.weight:decay_mult=1.0
2025/06/30 12:33:30 - mmengine - WARNING - backbone.layer2.2.bn1.weight is skipped since its requires_grad=False
2025/06/30 12:33:30 - mmengine - WARNING - backbone.layer2.2.bn1.bias is skipped since its requires_grad=False
2025/06/30 12:33:30 - mmengine - INFO - paramwise_options -- backbone.layer2.2.conv2.weight:lr=1e-05
2025/06/30 12:33:30 - mmengine - INFO - paramwise_options -- backbone.layer2.2.conv2.weight:weight_decay=0.05
2025/06/30 12:33:30 - mmengine - INFO - paramwise_options -- backbone.layer2.2.conv2.weight:lr_mult=0.1
2025/06/30 12:33:30 - mmengine - INFO - paramwise_options -- backbone.layer2.2.conv2.weight:decay_mult=1.0
2025/06/30 12:33:30 - mmengine - WARNING - backbone.layer2.2.bn2.weight is skipped since its requires_grad=False
2025/06/30 12:33:30 - mmengine - WARNING - backbone.layer2.2.bn2.bias is skipped since its requires_grad=False
2025/06/30 12:33:30 - mmengine - INFO - paramwise_options -- backbone.layer2.2.conv3.weight:lr=1e-05
2025/06/30 12:33:30 - mmengine - INFO - paramwise_options -- backbone.layer2.2.conv3.weight:weight_decay=0.05
2025/06/30 12:33:30 - mmengine - INFO - paramwise_options -- backbone.layer2.2.conv3.weight:lr_mult=0.1
2025/06/30 12:33:30 - mmengine - INFO - paramwise_options -- backbone.layer2.2.conv3.weight:decay_mult=1.0
2025/06/30 12:33:30 - mmengine - WARNING - backbone.layer2.2.bn3.weight is skipped since its requires_grad=False
2025/06/30 12:33:30 - mmengine - WARNING - backbone.layer2.2.bn3.bias is skipped since its requires_grad=False
2025/06/30 12:33:30 - mmengine - INFO - paramwise_options -- backbone.layer2.3.conv1.weight:lr=1e-05
2025/06/30 12:33:30 - mmengine - INFO - paramwise_options -- backbone.layer2.3.conv1.weight:weight_decay=0.05
2025/06/30 12:33:30 - mmengine - INFO - paramwise_options -- backbone.layer2.3.conv1.weight:lr_mult=0.1
2025/06/30 12:33:30 - mmengine - INFO - paramwise_options -- backbone.layer2.3.conv1.weight:decay_mult=1.0
2025/06/30 12:33:30 - mmengine - WARNING - backbone.layer2.3.bn1.weight is skipped since its requires_grad=False
2025/06/30 12:33:30 - mmengine - WARNING - backbone.layer2.3.bn1.bias is skipped since its requires_grad=False
2025/06/30 12:33:30 - mmengine - INFO - paramwise_options -- backbone.layer2.3.conv2.weight:lr=1e-05
2025/06/30 12:33:30 - mmengine - INFO - paramwise_options -- backbone.layer2.3.conv2.weight:weight_decay=0.05
2025/06/30 12:33:30 - mmengine - INFO - paramwise_options -- backbone.layer2.3.conv2.weight:lr_mult=0.1
2025/06/30 12:33:30 - mmengine - INFO - paramwise_options -- backbone.layer2.3.conv2.weight:decay_mult=1.0
2025/06/30 12:33:30 - mmengine - WARNING - backbone.layer2.3.bn2.weight is skipped since its requires_grad=False
2025/06/30 12:33:30 - mmengine - WARNING - backbone.layer2.3.bn2.bias is skipped since its requires_grad=False
2025/06/30 12:33:30 - mmengine - INFO - paramwise_options -- backbone.layer2.3.conv3.weight:lr=1e-05
2025/06/30 12:33:30 - mmengine - INFO - paramwise_options -- backbone.layer2.3.conv3.weight:weight_decay=0.05
2025/06/30 12:33:30 - mmengine - INFO - paramwise_options -- backbone.layer2.3.conv3.weight:lr_mult=0.1
2025/06/30 12:33:30 - mmengine - INFO - paramwise_options -- backbone.layer2.3.conv3.weight:decay_mult=1.0
2025/06/30 12:33:30 - mmengine - WARNING - backbone.layer2.3.bn3.weight is skipped since its requires_grad=False
2025/06/30 12:33:30 - mmengine - WARNING - backbone.layer2.3.bn3.bias is skipped since its requires_grad=False
2025/06/30 12:33:30 - mmengine - INFO - paramwise_options -- backbone.layer3.0.conv1.weight:lr=1e-05
2025/06/30 12:33:30 - mmengine - INFO - paramwise_options -- backbone.layer3.0.conv1.weight:weight_decay=0.05
2025/06/30 12:33:30 - mmengine - INFO - paramwise_options -- backbone.layer3.0.conv1.weight:lr_mult=0.1
2025/06/30 12:33:30 - mmengine - INFO - paramwise_options -- backbone.layer3.0.conv1.weight:decay_mult=1.0
2025/06/30 12:33:30 - mmengine - WARNING - backbone.layer3.0.bn1.weight is skipped since its requires_grad=False
2025/06/30 12:33:30 - mmengine - WARNING - backbone.layer3.0.bn1.bias is skipped since its requires_grad=False
2025/06/30 12:33:30 - mmengine - INFO - paramwise_options -- backbone.layer3.0.conv2.weight:lr=1e-05
2025/06/30 12:33:30 - mmengine - INFO - paramwise_options -- backbone.layer3.0.conv2.weight:weight_decay=0.05
2025/06/30 12:33:30 - mmengine - INFO - paramwise_options -- backbone.layer3.0.conv2.weight:lr_mult=0.1
2025/06/30 12:33:30 - mmengine - INFO - paramwise_options -- backbone.layer3.0.conv2.weight:decay_mult=1.0
2025/06/30 12:33:30 - mmengine - WARNING - backbone.layer3.0.bn2.weight is skipped since its requires_grad=False
2025/06/30 12:33:30 - mmengine - WARNING - backbone.layer3.0.bn2.bias is skipped since its requires_grad=False
2025/06/30 12:33:30 - mmengine - INFO - paramwise_options -- backbone.layer3.0.conv3.weight:lr=1e-05
2025/06/30 12:33:30 - mmengine - INFO - paramwise_options -- backbone.layer3.0.conv3.weight:weight_decay=0.05
2025/06/30 12:33:30 - mmengine - INFO - paramwise_options -- backbone.layer3.0.conv3.weight:lr_mult=0.1
2025/06/30 12:33:30 - mmengine - INFO - paramwise_options -- backbone.layer3.0.conv3.weight:decay_mult=1.0
2025/06/30 12:33:30 - mmengine - WARNING - backbone.layer3.0.bn3.weight is skipped since its requires_grad=False
2025/06/30 12:33:30 - mmengine - WARNING - backbone.layer3.0.bn3.bias is skipped since its requires_grad=False
2025/06/30 12:33:30 - mmengine - INFO - paramwise_options -- backbone.layer3.0.downsample.0.weight:lr=1e-05
2025/06/30 12:33:30 - mmengine - INFO - paramwise_options -- backbone.layer3.0.downsample.0.weight:weight_decay=0.05
2025/06/30 12:33:30 - mmengine - INFO - paramwise_options -- backbone.layer3.0.downsample.0.weight:lr_mult=0.1
2025/06/30 12:33:30 - mmengine - INFO - paramwise_options -- backbone.layer3.0.downsample.0.weight:decay_mult=1.0
2025/06/30 12:33:30 - mmengine - WARNING - backbone.layer3.0.downsample.1.weight is skipped since its requires_grad=False
2025/06/30 12:33:30 - mmengine - WARNING - backbone.layer3.0.downsample.1.bias is skipped since its requires_grad=False
2025/06/30 12:33:30 - mmengine - INFO - paramwise_options -- backbone.layer3.1.conv1.weight:lr=1e-05
2025/06/30 12:33:30 - mmengine - INFO - paramwise_options -- backbone.layer3.1.conv1.weight:weight_decay=0.05
2025/06/30 12:33:30 - mmengine - INFO - paramwise_options -- backbone.layer3.1.conv1.weight:lr_mult=0.1
2025/06/30 12:33:30 - mmengine - INFO - paramwise_options -- backbone.layer3.1.conv1.weight:decay_mult=1.0
2025/06/30 12:33:30 - mmengine - WARNING - backbone.layer3.1.bn1.weight is skipped since its requires_grad=False
2025/06/30 12:33:30 - mmengine - WARNING - backbone.layer3.1.bn1.bias is skipped since its requires_grad=False
2025/06/30 12:33:30 - mmengine - INFO - paramwise_options -- backbone.layer3.1.conv2.weight:lr=1e-05
2025/06/30 12:33:30 - mmengine - INFO - paramwise_options -- backbone.layer3.1.conv2.weight:weight_decay=0.05
2025/06/30 12:33:30 - mmengine - INFO - paramwise_options -- backbone.layer3.1.conv2.weight:lr_mult=0.1
2025/06/30 12:33:30 - mmengine - INFO - paramwise_options -- backbone.layer3.1.conv2.weight:decay_mult=1.0
2025/06/30 12:33:30 - mmengine - WARNING - backbone.layer3.1.bn2.weight is skipped since its requires_grad=False
2025/06/30 12:33:30 - mmengine - WARNING - backbone.layer3.1.bn2.bias is skipped since its requires_grad=False
2025/06/30 12:33:30 - mmengine - INFO - paramwise_options -- backbone.layer3.1.conv3.weight:lr=1e-05
2025/06/30 12:33:30 - mmengine - INFO - paramwise_options -- backbone.layer3.1.conv3.weight:weight_decay=0.05
2025/06/30 12:33:30 - mmengine - INFO - paramwise_options -- backbone.layer3.1.conv3.weight:lr_mult=0.1
2025/06/30 12:33:30 - mmengine - INFO - paramwise_options -- backbone.layer3.1.conv3.weight:decay_mult=1.0
2025/06/30 12:33:30 - mmengine - WARNING - backbone.layer3.1.bn3.weight is skipped since its requires_grad=False
2025/06/30 12:33:30 - mmengine - WARNING - backbone.layer3.1.bn3.bias is skipped since its requires_grad=False
2025/06/30 12:33:30 - mmengine - INFO - paramwise_options -- backbone.layer3.2.conv1.weight:lr=1e-05
2025/06/30 12:33:30 - mmengine - INFO - paramwise_options -- backbone.layer3.2.conv1.weight:weight_decay=0.05
2025/06/30 12:33:30 - mmengine - INFO - paramwise_options -- backbone.layer3.2.conv1.weight:lr_mult=0.1
2025/06/30 12:33:30 - mmengine - INFO - paramwise_options -- backbone.layer3.2.conv1.weight:decay_mult=1.0
2025/06/30 12:33:30 - mmengine - WARNING - backbone.layer3.2.bn1.weight is skipped since its requires_grad=False
2025/06/30 12:33:30 - mmengine - WARNING - backbone.layer3.2.bn1.bias is skipped since its requires_grad=False
2025/06/30 12:33:30 - mmengine - INFO - paramwise_options -- backbone.layer3.2.conv2.weight:lr=1e-05
2025/06/30 12:33:30 - mmengine - INFO - paramwise_options -- backbone.layer3.2.conv2.weight:weight_decay=0.05
2025/06/30 12:33:30 - mmengine - INFO - paramwise_options -- backbone.layer3.2.conv2.weight:lr_mult=0.1
2025/06/30 12:33:30 - mmengine - INFO - paramwise_options -- backbone.layer3.2.conv2.weight:decay_mult=1.0
2025/06/30 12:33:30 - mmengine - WARNING - backbone.layer3.2.bn2.weight is skipped since its requires_grad=False
2025/06/30 12:33:30 - mmengine - WARNING - backbone.layer3.2.bn2.bias is skipped since its requires_grad=False
2025/06/30 12:33:30 - mmengine - INFO - paramwise_options -- backbone.layer3.2.conv3.weight:lr=1e-05
2025/06/30 12:33:30 - mmengine - INFO - paramwise_options -- backbone.layer3.2.conv3.weight:weight_decay=0.05
2025/06/30 12:33:30 - mmengine - INFO - paramwise_options -- backbone.layer3.2.conv3.weight:lr_mult=0.1
2025/06/30 12:33:30 - mmengine - INFO - paramwise_options -- backbone.layer3.2.conv3.weight:decay_mult=1.0
2025/06/30 12:33:30 - mmengine - WARNING - backbone.layer3.2.bn3.weight is skipped since its requires_grad=False
2025/06/30 12:33:30 - mmengine - WARNING - backbone.layer3.2.bn3.bias is skipped since its requires_grad=False
2025/06/30 12:33:30 - mmengine - INFO - paramwise_options -- backbone.layer3.3.conv1.weight:lr=1e-05
2025/06/30 12:33:30 - mmengine - INFO - paramwise_options -- backbone.layer3.3.conv1.weight:weight_decay=0.05
2025/06/30 12:33:30 - mmengine - INFO - paramwise_options -- backbone.layer3.3.conv1.weight:lr_mult=0.1
2025/06/30 12:33:30 - mmengine - INFO - paramwise_options -- backbone.layer3.3.conv1.weight:decay_mult=1.0
2025/06/30 12:33:30 - mmengine - WARNING - backbone.layer3.3.bn1.weight is skipped since its requires_grad=False
2025/06/30 12:33:30 - mmengine - WARNING - backbone.layer3.3.bn1.bias is skipped since its requires_grad=False
2025/06/30 12:33:30 - mmengine - INFO - paramwise_options -- backbone.layer3.3.conv2.weight:lr=1e-05
2025/06/30 12:33:30 - mmengine - INFO - paramwise_options -- backbone.layer3.3.conv2.weight:weight_decay=0.05
2025/06/30 12:33:30 - mmengine - INFO - paramwise_options -- backbone.layer3.3.conv2.weight:lr_mult=0.1
2025/06/30 12:33:30 - mmengine - INFO - paramwise_options -- backbone.layer3.3.conv2.weight:decay_mult=1.0
2025/06/30 12:33:30 - mmengine - WARNING - backbone.layer3.3.bn2.weight is skipped since its requires_grad=False
2025/06/30 12:33:30 - mmengine - WARNING - backbone.layer3.3.bn2.bias is skipped since its requires_grad=False
2025/06/30 12:33:30 - mmengine - INFO - paramwise_options -- backbone.layer3.3.conv3.weight:lr=1e-05
2025/06/30 12:33:30 - mmengine - INFO - paramwise_options -- backbone.layer3.3.conv3.weight:weight_decay=0.05
2025/06/30 12:33:30 - mmengine - INFO - paramwise_options -- backbone.layer3.3.conv3.weight:lr_mult=0.1
2025/06/30 12:33:30 - mmengine - INFO - paramwise_options -- backbone.layer3.3.conv3.weight:decay_mult=1.0
2025/06/30 12:33:30 - mmengine - WARNING - backbone.layer3.3.bn3.weight is skipped since its requires_grad=False
2025/06/30 12:33:30 - mmengine - WARNING - backbone.layer3.3.bn3.bias is skipped since its requires_grad=False
2025/06/30 12:33:30 - mmengine - INFO - paramwise_options -- backbone.layer3.4.conv1.weight:lr=1e-05
2025/06/30 12:33:30 - mmengine - INFO - paramwise_options -- backbone.layer3.4.conv1.weight:weight_decay=0.05
2025/06/30 12:33:30 - mmengine - INFO - paramwise_options -- backbone.layer3.4.conv1.weight:lr_mult=0.1
2025/06/30 12:33:30 - mmengine - INFO - paramwise_options -- backbone.layer3.4.conv1.weight:decay_mult=1.0
2025/06/30 12:33:30 - mmengine - WARNING - backbone.layer3.4.bn1.weight is skipped since its requires_grad=False
2025/06/30 12:33:30 - mmengine - WARNING - backbone.layer3.4.bn1.bias is skipped since its requires_grad=False
2025/06/30 12:33:30 - mmengine - INFO - paramwise_options -- backbone.layer3.4.conv2.weight:lr=1e-05
2025/06/30 12:33:30 - mmengine - INFO - paramwise_options -- backbone.layer3.4.conv2.weight:weight_decay=0.05
2025/06/30 12:33:30 - mmengine - INFO - paramwise_options -- backbone.layer3.4.conv2.weight:lr_mult=0.1
2025/06/30 12:33:30 - mmengine - INFO - paramwise_options -- backbone.layer3.4.conv2.weight:decay_mult=1.0
2025/06/30 12:33:30 - mmengine - WARNING - backbone.layer3.4.bn2.weight is skipped since its requires_grad=False
2025/06/30 12:33:30 - mmengine - WARNING - backbone.layer3.4.bn2.bias is skipped since its requires_grad=False
2025/06/30 12:33:30 - mmengine - INFO - paramwise_options -- backbone.layer3.4.conv3.weight:lr=1e-05
2025/06/30 12:33:30 - mmengine - INFO - paramwise_options -- backbone.layer3.4.conv3.weight:weight_decay=0.05
2025/06/30 12:33:30 - mmengine - INFO - paramwise_options -- backbone.layer3.4.conv3.weight:lr_mult=0.1
2025/06/30 12:33:30 - mmengine - INFO - paramwise_options -- backbone.layer3.4.conv3.weight:decay_mult=1.0
2025/06/30 12:33:30 - mmengine - WARNING - backbone.layer3.4.bn3.weight is skipped since its requires_grad=False
2025/06/30 12:33:30 - mmengine - WARNING - backbone.layer3.4.bn3.bias is skipped since its requires_grad=False
2025/06/30 12:33:30 - mmengine - INFO - paramwise_options -- backbone.layer3.5.conv1.weight:lr=1e-05
2025/06/30 12:33:30 - mmengine - INFO - paramwise_options -- backbone.layer3.5.conv1.weight:weight_decay=0.05
2025/06/30 12:33:30 - mmengine - INFO - paramwise_options -- backbone.layer3.5.conv1.weight:lr_mult=0.1
2025/06/30 12:33:30 - mmengine - INFO - paramwise_options -- backbone.layer3.5.conv1.weight:decay_mult=1.0
2025/06/30 12:33:30 - mmengine - WARNING - backbone.layer3.5.bn1.weight is skipped since its requires_grad=False
2025/06/30 12:33:30 - mmengine - WARNING - backbone.layer3.5.bn1.bias is skipped since its requires_grad=False
2025/06/30 12:33:30 - mmengine - INFO - paramwise_options -- backbone.layer3.5.conv2.weight:lr=1e-05
2025/06/30 12:33:30 - mmengine - INFO - paramwise_options -- backbone.layer3.5.conv2.weight:weight_decay=0.05
2025/06/30 12:33:30 - mmengine - INFO - paramwise_options -- backbone.layer3.5.conv2.weight:lr_mult=0.1
2025/06/30 12:33:30 - mmengine - INFO - paramwise_options -- backbone.layer3.5.conv2.weight:decay_mult=1.0
2025/06/30 12:33:30 - mmengine - WARNING - backbone.layer3.5.bn2.weight is skipped since its requires_grad=False
2025/06/30 12:33:30 - mmengine - WARNING - backbone.layer3.5.bn2.bias is skipped since its requires_grad=False
2025/06/30 12:33:30 - mmengine - INFO - paramwise_options -- backbone.layer3.5.conv3.weight:lr=1e-05
2025/06/30 12:33:30 - mmengine - INFO - paramwise_options -- backbone.layer3.5.conv3.weight:weight_decay=0.05
2025/06/30 12:33:30 - mmengine - INFO - paramwise_options -- backbone.layer3.5.conv3.weight:lr_mult=0.1
2025/06/30 12:33:30 - mmengine - INFO - paramwise_options -- backbone.layer3.5.conv3.weight:decay_mult=1.0
2025/06/30 12:33:30 - mmengine - WARNING - backbone.layer3.5.bn3.weight is skipped since its requires_grad=False
2025/06/30 12:33:30 - mmengine - WARNING - backbone.layer3.5.bn3.bias is skipped since its requires_grad=False
2025/06/30 12:33:30 - mmengine - INFO - paramwise_options -- backbone.layer4.0.conv1.weight:lr=1e-05
2025/06/30 12:33:30 - mmengine - INFO - paramwise_options -- backbone.layer4.0.conv1.weight:weight_decay=0.05
2025/06/30 12:33:30 - mmengine - INFO - paramwise_options -- backbone.layer4.0.conv1.weight:lr_mult=0.1
2025/06/30 12:33:30 - mmengine - INFO - paramwise_options -- backbone.layer4.0.conv1.weight:decay_mult=1.0
2025/06/30 12:33:30 - mmengine - WARNING - backbone.layer4.0.bn1.weight is skipped since its requires_grad=False
2025/06/30 12:33:30 - mmengine - WARNING - backbone.layer4.0.bn1.bias is skipped since its requires_grad=False
2025/06/30 12:33:30 - mmengine - INFO - paramwise_options -- backbone.layer4.0.conv2.weight:lr=1e-05
2025/06/30 12:33:30 - mmengine - INFO - paramwise_options -- backbone.layer4.0.conv2.weight:weight_decay=0.05
2025/06/30 12:33:30 - mmengine - INFO - paramwise_options -- backbone.layer4.0.conv2.weight:lr_mult=0.1
2025/06/30 12:33:30 - mmengine - INFO - paramwise_options -- backbone.layer4.0.conv2.weight:decay_mult=1.0
2025/06/30 12:33:30 - mmengine - WARNING - backbone.layer4.0.bn2.weight is skipped since its requires_grad=False
2025/06/30 12:33:30 - mmengine - WARNING - backbone.layer4.0.bn2.bias is skipped since its requires_grad=False
2025/06/30 12:33:30 - mmengine - INFO - paramwise_options -- backbone.layer4.0.conv3.weight:lr=1e-05
2025/06/30 12:33:30 - mmengine - INFO - paramwise_options -- backbone.layer4.0.conv3.weight:weight_decay=0.05
2025/06/30 12:33:30 - mmengine - INFO - paramwise_options -- backbone.layer4.0.conv3.weight:lr_mult=0.1
2025/06/30 12:33:30 - mmengine - INFO - paramwise_options -- backbone.layer4.0.conv3.weight:decay_mult=1.0
2025/06/30 12:33:30 - mmengine - WARNING - backbone.layer4.0.bn3.weight is skipped since its requires_grad=False
2025/06/30 12:33:30 - mmengine - WARNING - backbone.layer4.0.bn3.bias is skipped since its requires_grad=False
2025/06/30 12:33:30 - mmengine - INFO - paramwise_options -- backbone.layer4.0.downsample.0.weight:lr=1e-05
2025/06/30 12:33:30 - mmengine - INFO - paramwise_options -- backbone.layer4.0.downsample.0.weight:weight_decay=0.05
2025/06/30 12:33:30 - mmengine - INFO - paramwise_options -- backbone.layer4.0.downsample.0.weight:lr_mult=0.1
2025/06/30 12:33:30 - mmengine - INFO - paramwise_options -- backbone.layer4.0.downsample.0.weight:decay_mult=1.0
2025/06/30 12:33:30 - mmengine - WARNING - backbone.layer4.0.downsample.1.weight is skipped since its requires_grad=False
2025/06/30 12:33:30 - mmengine - WARNING - backbone.layer4.0.downsample.1.bias is skipped since its requires_grad=False
2025/06/30 12:33:30 - mmengine - INFO - paramwise_options -- backbone.layer4.1.conv1.weight:lr=1e-05
2025/06/30 12:33:30 - mmengine - INFO - paramwise_options -- backbone.layer4.1.conv1.weight:weight_decay=0.05
2025/06/30 12:33:30 - mmengine - INFO - paramwise_options -- backbone.layer4.1.conv1.weight:lr_mult=0.1
2025/06/30 12:33:30 - mmengine - INFO - paramwise_options -- backbone.layer4.1.conv1.weight:decay_mult=1.0
2025/06/30 12:33:30 - mmengine - WARNING - backbone.layer4.1.bn1.weight is skipped since its requires_grad=False
2025/06/30 12:33:30 - mmengine - WARNING - backbone.layer4.1.bn1.bias is skipped since its requires_grad=False
2025/06/30 12:33:30 - mmengine - INFO - paramwise_options -- backbone.layer4.1.conv2.weight:lr=1e-05
2025/06/30 12:33:30 - mmengine - INFO - paramwise_options -- backbone.layer4.1.conv2.weight:weight_decay=0.05
2025/06/30 12:33:30 - mmengine - INFO - paramwise_options -- backbone.layer4.1.conv2.weight:lr_mult=0.1
2025/06/30 12:33:30 - mmengine - INFO - paramwise_options -- backbone.layer4.1.conv2.weight:decay_mult=1.0
2025/06/30 12:33:30 - mmengine - WARNING - backbone.layer4.1.bn2.weight is skipped since its requires_grad=False
2025/06/30 12:33:30 - mmengine - WARNING - backbone.layer4.1.bn2.bias is skipped since its requires_grad=False
2025/06/30 12:33:30 - mmengine - INFO - paramwise_options -- backbone.layer4.1.conv3.weight:lr=1e-05
2025/06/30 12:33:30 - mmengine - INFO - paramwise_options -- backbone.layer4.1.conv3.weight:weight_decay=0.05
2025/06/30 12:33:30 - mmengine - INFO - paramwise_options -- backbone.layer4.1.conv3.weight:lr_mult=0.1
2025/06/30 12:33:30 - mmengine - INFO - paramwise_options -- backbone.layer4.1.conv3.weight:decay_mult=1.0
2025/06/30 12:33:30 - mmengine - WARNING - backbone.layer4.1.bn3.weight is skipped since its requires_grad=False
2025/06/30 12:33:30 - mmengine - WARNING - backbone.layer4.1.bn3.bias is skipped since its requires_grad=False
2025/06/30 12:33:30 - mmengine - INFO - paramwise_options -- backbone.layer4.2.conv1.weight:lr=1e-05
2025/06/30 12:33:30 - mmengine - INFO - paramwise_options -- backbone.layer4.2.conv1.weight:weight_decay=0.05
2025/06/30 12:33:30 - mmengine - INFO - paramwise_options -- backbone.layer4.2.conv1.weight:lr_mult=0.1
2025/06/30 12:33:30 - mmengine - INFO - paramwise_options -- backbone.layer4.2.conv1.weight:decay_mult=1.0
2025/06/30 12:33:30 - mmengine - WARNING - backbone.layer4.2.bn1.weight is skipped since its requires_grad=False
2025/06/30 12:33:30 - mmengine - WARNING - backbone.layer4.2.bn1.bias is skipped since its requires_grad=False
2025/06/30 12:33:30 - mmengine - INFO - paramwise_options -- backbone.layer4.2.conv2.weight:lr=1e-05
2025/06/30 12:33:30 - mmengine - INFO - paramwise_options -- backbone.layer4.2.conv2.weight:weight_decay=0.05
2025/06/30 12:33:30 - mmengine - INFO - paramwise_options -- backbone.layer4.2.conv2.weight:lr_mult=0.1
2025/06/30 12:33:30 - mmengine - INFO - paramwise_options -- backbone.layer4.2.conv2.weight:decay_mult=1.0
2025/06/30 12:33:30 - mmengine - WARNING - backbone.layer4.2.bn2.weight is skipped since its requires_grad=False
2025/06/30 12:33:30 - mmengine - WARNING - backbone.layer4.2.bn2.bias is skipped since its requires_grad=False
2025/06/30 12:33:30 - mmengine - INFO - paramwise_options -- backbone.layer4.2.conv3.weight:lr=1e-05
2025/06/30 12:33:30 - mmengine - INFO - paramwise_options -- backbone.layer4.2.conv3.weight:weight_decay=0.05
2025/06/30 12:33:30 - mmengine - INFO - paramwise_options -- backbone.layer4.2.conv3.weight:lr_mult=0.1
2025/06/30 12:33:30 - mmengine - INFO - paramwise_options -- backbone.layer4.2.conv3.weight:decay_mult=1.0
2025/06/30 12:33:30 - mmengine - WARNING - backbone.layer4.2.bn3.weight is skipped since its requires_grad=False
2025/06/30 12:33:30 - mmengine - WARNING - backbone.layer4.2.bn3.bias is skipped since its requires_grad=False
2025/06/30 12:33:30 - mmengine - INFO - paramwise_options -- panoptic_head.pixel_decoder.input_convs.0.gn.weight:weight_decay=0.0
2025/06/30 12:33:30 - mmengine - INFO - paramwise_options -- panoptic_head.pixel_decoder.input_convs.0.gn.bias:weight_decay=0.0
2025/06/30 12:33:30 - mmengine - INFO - paramwise_options -- panoptic_head.pixel_decoder.input_convs.1.gn.weight:weight_decay=0.0
2025/06/30 12:33:30 - mmengine - INFO - paramwise_options -- panoptic_head.pixel_decoder.input_convs.1.gn.bias:weight_decay=0.0
2025/06/30 12:33:30 - mmengine - INFO - paramwise_options -- panoptic_head.pixel_decoder.input_convs.2.gn.weight:weight_decay=0.0
2025/06/30 12:33:30 - mmengine - INFO - paramwise_options -- panoptic_head.pixel_decoder.input_convs.2.gn.bias:weight_decay=0.0
2025/06/30 12:33:30 - mmengine - INFO - paramwise_options -- panoptic_head.pixel_decoder.encoder.layers.0.norms.0.weight:weight_decay=0.0
2025/06/30 12:33:30 - mmengine - INFO - paramwise_options -- panoptic_head.pixel_decoder.encoder.layers.0.norms.0.bias:weight_decay=0.0
2025/06/30 12:33:30 - mmengine - INFO - paramwise_options -- panoptic_head.pixel_decoder.encoder.layers.0.norms.1.weight:weight_decay=0.0
2025/06/30 12:33:30 - mmengine - INFO - paramwise_options -- panoptic_head.pixel_decoder.encoder.layers.0.norms.1.bias:weight_decay=0.0
2025/06/30 12:33:30 - mmengine - INFO - paramwise_options -- panoptic_head.pixel_decoder.encoder.layers.1.norms.0.weight:weight_decay=0.0
2025/06/30 12:33:30 - mmengine - INFO - paramwise_options -- panoptic_head.pixel_decoder.encoder.layers.1.norms.0.bias:weight_decay=0.0
2025/06/30 12:33:30 - mmengine - INFO - paramwise_options -- panoptic_head.pixel_decoder.encoder.layers.1.norms.1.weight:weight_decay=0.0
2025/06/30 12:33:30 - mmengine - INFO - paramwise_options -- panoptic_head.pixel_decoder.encoder.layers.1.norms.1.bias:weight_decay=0.0
2025/06/30 12:33:30 - mmengine - INFO - paramwise_options -- panoptic_head.pixel_decoder.encoder.layers.2.norms.0.weight:weight_decay=0.0
2025/06/30 12:33:30 - mmengine - INFO - paramwise_options -- panoptic_head.pixel_decoder.encoder.layers.2.norms.0.bias:weight_decay=0.0
2025/06/30 12:33:30 - mmengine - INFO - paramwise_options -- panoptic_head.pixel_decoder.encoder.layers.2.norms.1.weight:weight_decay=0.0
2025/06/30 12:33:30 - mmengine - INFO - paramwise_options -- panoptic_head.pixel_decoder.encoder.layers.2.norms.1.bias:weight_decay=0.0
2025/06/30 12:33:30 - mmengine - INFO - paramwise_options -- panoptic_head.pixel_decoder.encoder.layers.3.norms.0.weight:weight_decay=0.0
2025/06/30 12:33:30 - mmengine - INFO - paramwise_options -- panoptic_head.pixel_decoder.encoder.layers.3.norms.0.bias:weight_decay=0.0
2025/06/30 12:33:30 - mmengine - INFO - paramwise_options -- panoptic_head.pixel_decoder.encoder.layers.3.norms.1.weight:weight_decay=0.0
2025/06/30 12:33:30 - mmengine - INFO - paramwise_options -- panoptic_head.pixel_decoder.encoder.layers.3.norms.1.bias:weight_decay=0.0
2025/06/30 12:33:30 - mmengine - INFO - paramwise_options -- panoptic_head.pixel_decoder.encoder.layers.4.norms.0.weight:weight_decay=0.0
2025/06/30 12:33:30 - mmengine - INFO - paramwise_options -- panoptic_head.pixel_decoder.encoder.layers.4.norms.0.bias:weight_decay=0.0
2025/06/30 12:33:30 - mmengine - INFO - paramwise_options -- panoptic_head.pixel_decoder.encoder.layers.4.norms.1.weight:weight_decay=0.0
2025/06/30 12:33:30 - mmengine - INFO - paramwise_options -- panoptic_head.pixel_decoder.encoder.layers.4.norms.1.bias:weight_decay=0.0
2025/06/30 12:33:30 - mmengine - INFO - paramwise_options -- panoptic_head.pixel_decoder.encoder.layers.5.norms.0.weight:weight_decay=0.0
2025/06/30 12:33:30 - mmengine - INFO - paramwise_options -- panoptic_head.pixel_decoder.encoder.layers.5.norms.0.bias:weight_decay=0.0
2025/06/30 12:33:30 - mmengine - INFO - paramwise_options -- panoptic_head.pixel_decoder.encoder.layers.5.norms.1.weight:weight_decay=0.0
2025/06/30 12:33:30 - mmengine - INFO - paramwise_options -- panoptic_head.pixel_decoder.encoder.layers.5.norms.1.bias:weight_decay=0.0
2025/06/30 12:33:30 - mmengine - INFO - paramwise_options -- panoptic_head.pixel_decoder.lateral_convs.0.gn.weight:weight_decay=0.0
2025/06/30 12:33:30 - mmengine - INFO - paramwise_options -- panoptic_head.pixel_decoder.lateral_convs.0.gn.bias:weight_decay=0.0
2025/06/30 12:33:30 - mmengine - INFO - paramwise_options -- panoptic_head.pixel_decoder.output_convs.0.gn.weight:weight_decay=0.0
2025/06/30 12:33:30 - mmengine - INFO - paramwise_options -- panoptic_head.pixel_decoder.output_convs.0.gn.bias:weight_decay=0.0
2025/06/30 12:33:30 - mmengine - INFO - paramwise_options -- panoptic_head.transformer_decoder.layers.0.norms.0.weight:weight_decay=0.0
2025/06/30 12:33:30 - mmengine - INFO - paramwise_options -- panoptic_head.transformer_decoder.layers.0.norms.0.bias:weight_decay=0.0
2025/06/30 12:33:30 - mmengine - INFO - paramwise_options -- panoptic_head.transformer_decoder.layers.0.norms.1.weight:weight_decay=0.0
2025/06/30 12:33:30 - mmengine - INFO - paramwise_options -- panoptic_head.transformer_decoder.layers.0.norms.1.bias:weight_decay=0.0
2025/06/30 12:33:30 - mmengine - INFO - paramwise_options -- panoptic_head.transformer_decoder.layers.0.norms.2.weight:weight_decay=0.0
2025/06/30 12:33:30 - mmengine - INFO - paramwise_options -- panoptic_head.transformer_decoder.layers.0.norms.2.bias:weight_decay=0.0
2025/06/30 12:33:30 - mmengine - INFO - paramwise_options -- panoptic_head.transformer_decoder.layers.1.norms.0.weight:weight_decay=0.0
2025/06/30 12:33:30 - mmengine - INFO - paramwise_options -- panoptic_head.transformer_decoder.layers.1.norms.0.bias:weight_decay=0.0
2025/06/30 12:33:30 - mmengine - INFO - paramwise_options -- panoptic_head.transformer_decoder.layers.1.norms.1.weight:weight_decay=0.0
2025/06/30 12:33:30 - mmengine - INFO - paramwise_options -- panoptic_head.transformer_decoder.layers.1.norms.1.bias:weight_decay=0.0
2025/06/30 12:33:30 - mmengine - INFO - paramwise_options -- panoptic_head.transformer_decoder.layers.1.norms.2.weight:weight_decay=0.0
2025/06/30 12:33:30 - mmengine - INFO - paramwise_options -- panoptic_head.transformer_decoder.layers.1.norms.2.bias:weight_decay=0.0
2025/06/30 12:33:30 - mmengine - INFO - paramwise_options -- panoptic_head.transformer_decoder.layers.2.norms.0.weight:weight_decay=0.0
2025/06/30 12:33:30 - mmengine - INFO - paramwise_options -- panoptic_head.transformer_decoder.layers.2.norms.0.bias:weight_decay=0.0
2025/06/30 12:33:30 - mmengine - INFO - paramwise_options -- panoptic_head.transformer_decoder.layers.2.norms.1.weight:weight_decay=0.0
2025/06/30 12:33:30 - mmengine - INFO - paramwise_options -- panoptic_head.transformer_decoder.layers.2.norms.1.bias:weight_decay=0.0
2025/06/30 12:33:30 - mmengine - INFO - paramwise_options -- panoptic_head.transformer_decoder.layers.2.norms.2.weight:weight_decay=0.0
2025/06/30 12:33:30 - mmengine - INFO - paramwise_options -- panoptic_head.transformer_decoder.layers.2.norms.2.bias:weight_decay=0.0
2025/06/30 12:33:30 - mmengine - INFO - paramwise_options -- panoptic_head.transformer_decoder.layers.3.norms.0.weight:weight_decay=0.0
2025/06/30 12:33:30 - mmengine - INFO - paramwise_options -- panoptic_head.transformer_decoder.layers.3.norms.0.bias:weight_decay=0.0
2025/06/30 12:33:30 - mmengine - INFO - paramwise_options -- panoptic_head.transformer_decoder.layers.3.norms.1.weight:weight_decay=0.0
2025/06/30 12:33:30 - mmengine - INFO - paramwise_options -- panoptic_head.transformer_decoder.layers.3.norms.1.bias:weight_decay=0.0
2025/06/30 12:33:30 - mmengine - INFO - paramwise_options -- panoptic_head.transformer_decoder.layers.3.norms.2.weight:weight_decay=0.0
2025/06/30 12:33:30 - mmengine - INFO - paramwise_options -- panoptic_head.transformer_decoder.layers.3.norms.2.bias:weight_decay=0.0
2025/06/30 12:33:30 - mmengine - INFO - paramwise_options -- panoptic_head.transformer_decoder.layers.4.norms.0.weight:weight_decay=0.0
2025/06/30 12:33:30 - mmengine - INFO - paramwise_options -- panoptic_head.transformer_decoder.layers.4.norms.0.bias:weight_decay=0.0
2025/06/30 12:33:30 - mmengine - INFO - paramwise_options -- panoptic_head.transformer_decoder.layers.4.norms.1.weight:weight_decay=0.0
2025/06/30 12:33:30 - mmengine - INFO - paramwise_options -- panoptic_head.transformer_decoder.layers.4.norms.1.bias:weight_decay=0.0
2025/06/30 12:33:30 - mmengine - INFO - paramwise_options -- panoptic_head.transformer_decoder.layers.4.norms.2.weight:weight_decay=0.0
2025/06/30 12:33:30 - mmengine - INFO - paramwise_options -- panoptic_head.transformer_decoder.layers.4.norms.2.bias:weight_decay=0.0
2025/06/30 12:33:30 - mmengine - INFO - paramwise_options -- panoptic_head.transformer_decoder.layers.5.norms.0.weight:weight_decay=0.0
2025/06/30 12:33:30 - mmengine - INFO - paramwise_options -- panoptic_head.transformer_decoder.layers.5.norms.0.bias:weight_decay=0.0
2025/06/30 12:33:30 - mmengine - INFO - paramwise_options -- panoptic_head.transformer_decoder.layers.5.norms.1.weight:weight_decay=0.0
2025/06/30 12:33:30 - mmengine - INFO - paramwise_options -- panoptic_head.transformer_decoder.layers.5.norms.1.bias:weight_decay=0.0
2025/06/30 12:33:30 - mmengine - INFO - paramwise_options -- panoptic_head.transformer_decoder.layers.5.norms.2.weight:weight_decay=0.0
2025/06/30 12:33:30 - mmengine - INFO - paramwise_options -- panoptic_head.transformer_decoder.layers.5.norms.2.bias:weight_decay=0.0
2025/06/30 12:33:30 - mmengine - INFO - paramwise_options -- panoptic_head.transformer_decoder.layers.6.norms.0.weight:weight_decay=0.0
2025/06/30 12:33:30 - mmengine - INFO - paramwise_options -- panoptic_head.transformer_decoder.layers.6.norms.0.bias:weight_decay=0.0
2025/06/30 12:33:30 - mmengine - INFO - paramwise_options -- panoptic_head.transformer_decoder.layers.6.norms.1.weight:weight_decay=0.0
2025/06/30 12:33:30 - mmengine - INFO - paramwise_options -- panoptic_head.transformer_decoder.layers.6.norms.1.bias:weight_decay=0.0
2025/06/30 12:33:30 - mmengine - INFO - paramwise_options -- panoptic_head.transformer_decoder.layers.6.norms.2.weight:weight_decay=0.0
2025/06/30 12:33:30 - mmengine - INFO - paramwise_options -- panoptic_head.transformer_decoder.layers.6.norms.2.bias:weight_decay=0.0
2025/06/30 12:33:30 - mmengine - INFO - paramwise_options -- panoptic_head.transformer_decoder.layers.7.norms.0.weight:weight_decay=0.0
2025/06/30 12:33:30 - mmengine - INFO - paramwise_options -- panoptic_head.transformer_decoder.layers.7.norms.0.bias:weight_decay=0.0
2025/06/30 12:33:30 - mmengine - INFO - paramwise_options -- panoptic_head.transformer_decoder.layers.7.norms.1.weight:weight_decay=0.0
2025/06/30 12:33:30 - mmengine - INFO - paramwise_options -- panoptic_head.transformer_decoder.layers.7.norms.1.bias:weight_decay=0.0
2025/06/30 12:33:30 - mmengine - INFO - paramwise_options -- panoptic_head.transformer_decoder.layers.7.norms.2.weight:weight_decay=0.0
2025/06/30 12:33:30 - mmengine - INFO - paramwise_options -- panoptic_head.transformer_decoder.layers.7.norms.2.bias:weight_decay=0.0
2025/06/30 12:33:30 - mmengine - INFO - paramwise_options -- panoptic_head.transformer_decoder.layers.8.norms.0.weight:weight_decay=0.0
2025/06/30 12:33:30 - mmengine - INFO - paramwise_options -- panoptic_head.transformer_decoder.layers.8.norms.0.bias:weight_decay=0.0
2025/06/30 12:33:30 - mmengine - INFO - paramwise_options -- panoptic_head.transformer_decoder.layers.8.norms.1.weight:weight_decay=0.0
2025/06/30 12:33:30 - mmengine - INFO - paramwise_options -- panoptic_head.transformer_decoder.layers.8.norms.1.bias:weight_decay=0.0
2025/06/30 12:33:30 - mmengine - INFO - paramwise_options -- panoptic_head.transformer_decoder.layers.8.norms.2.weight:weight_decay=0.0
2025/06/30 12:33:30 - mmengine - INFO - paramwise_options -- panoptic_head.transformer_decoder.layers.8.norms.2.bias:weight_decay=0.0
2025/06/30 12:33:30 - mmengine - INFO - paramwise_options -- panoptic_head.transformer_decoder.post_norm.weight:weight_decay=0.0
2025/06/30 12:33:30 - mmengine - INFO - paramwise_options -- panoptic_head.transformer_decoder.post_norm.bias:weight_decay=0.0
2025/06/30 12:33:30 - mmengine - INFO - paramwise_options -- panoptic_head.query_embed.weight:lr=0.0001
2025/06/30 12:33:30 - mmengine - INFO - paramwise_options -- panoptic_head.query_embed.weight:weight_decay=0.0
2025/06/30 12:33:30 - mmengine - INFO - paramwise_options -- panoptic_head.query_embed.weight:lr_mult=1.0
2025/06/30 12:33:30 - mmengine - INFO - paramwise_options -- panoptic_head.query_embed.weight:decay_mult=0.0
2025/06/30 12:33:30 - mmengine - INFO - paramwise_options -- panoptic_head.query_feat.weight:lr=0.0001
2025/06/30 12:33:30 - mmengine - INFO - paramwise_options -- panoptic_head.query_feat.weight:weight_decay=0.0
2025/06/30 12:33:30 - mmengine - INFO - paramwise_options -- panoptic_head.query_feat.weight:lr_mult=1.0
2025/06/30 12:33:30 - mmengine - INFO - paramwise_options -- panoptic_head.query_feat.weight:decay_mult=0.0
2025/06/30 12:33:30 - mmengine - INFO - paramwise_options -- panoptic_head.level_embed.weight:lr=0.0001
2025/06/30 12:33:30 - mmengine - INFO - paramwise_options -- panoptic_head.level_embed.weight:weight_decay=0.0
2025/06/30 12:33:30 - mmengine - INFO - paramwise_options -- panoptic_head.level_embed.weight:lr_mult=1.0
2025/06/30 12:33:30 - mmengine - INFO - paramwise_options -- panoptic_head.level_embed.weight:decay_mult=0.0
2025/06/30 12:33:30 - mmengine - INFO - paramwise_options -- panoptic_head.mask_feat_proj.1.weight:weight_decay=0.0
2025/06/30 12:33:30 - mmengine - INFO - paramwise_options -- panoptic_head.mask_feat_proj.1.bias:weight_decay=0.0
2025/06/30 12:33:30 - mmengine - INFO - paramwise_options -- panoptic_head.mask_feat_proj.4.weight:weight_decay=0.0
2025/06/30 12:33:30 - mmengine - INFO - paramwise_options -- panoptic_head.mask_feat_proj.4.bias:weight_decay=0.0
2025/06/30 12:33:30 - mmengine - INFO - paramwise_options -- panoptic_head.dp_polygonize_head.decoder.layers.0.norms.0.weight:weight_decay=0.0
2025/06/30 12:33:30 - mmengine - INFO - paramwise_options -- panoptic_head.dp_polygonize_head.decoder.layers.0.norms.0.bias:weight_decay=0.0
2025/06/30 12:33:30 - mmengine - INFO - paramwise_options -- panoptic_head.dp_polygonize_head.decoder.layers.0.norms.1.weight:weight_decay=0.0
2025/06/30 12:33:30 - mmengine - INFO - paramwise_options -- panoptic_head.dp_polygonize_head.decoder.layers.0.norms.1.bias:weight_decay=0.0
2025/06/30 12:33:30 - mmengine - INFO - paramwise_options -- panoptic_head.dp_polygonize_head.decoder.layers.0.norms.2.weight:weight_decay=0.0
2025/06/30 12:33:30 - mmengine - INFO - paramwise_options -- panoptic_head.dp_polygonize_head.decoder.layers.0.norms.2.bias:weight_decay=0.0
2025/06/30 12:33:30 - mmengine - INFO - paramwise_options -- panoptic_head.dp_polygonize_head.decoder.layers.1.norms.0.weight:weight_decay=0.0
2025/06/30 12:33:30 - mmengine - INFO - paramwise_options -- panoptic_head.dp_polygonize_head.decoder.layers.1.norms.0.bias:weight_decay=0.0
2025/06/30 12:33:30 - mmengine - INFO - paramwise_options -- panoptic_head.dp_polygonize_head.decoder.layers.1.norms.1.weight:weight_decay=0.0
2025/06/30 12:33:30 - mmengine - INFO - paramwise_options -- panoptic_head.dp_polygonize_head.decoder.layers.1.norms.1.bias:weight_decay=0.0
2025/06/30 12:33:30 - mmengine - INFO - paramwise_options -- panoptic_head.dp_polygonize_head.decoder.layers.1.norms.2.weight:weight_decay=0.0
2025/06/30 12:33:30 - mmengine - INFO - paramwise_options -- panoptic_head.dp_polygonize_head.decoder.layers.1.norms.2.bias:weight_decay=0.0
2025/06/30 12:33:30 - mmengine - INFO - paramwise_options -- panoptic_head.dp_polygonize_head.decoder.layers.2.norms.0.weight:weight_decay=0.0
2025/06/30 12:33:30 - mmengine - INFO - paramwise_options -- panoptic_head.dp_polygonize_head.decoder.layers.2.norms.0.bias:weight_decay=0.0
2025/06/30 12:33:30 - mmengine - INFO - paramwise_options -- panoptic_head.dp_polygonize_head.decoder.layers.2.norms.1.weight:weight_decay=0.0
2025/06/30 12:33:30 - mmengine - INFO - paramwise_options -- panoptic_head.dp_polygonize_head.decoder.layers.2.norms.1.bias:weight_decay=0.0
2025/06/30 12:33:30 - mmengine - INFO - paramwise_options -- panoptic_head.dp_polygonize_head.decoder.layers.2.norms.2.weight:weight_decay=0.0
2025/06/30 12:33:30 - mmengine - INFO - paramwise_options -- panoptic_head.dp_polygonize_head.decoder.layers.2.norms.2.bias:weight_decay=0.0
2025/06/30 12:33:30 - mmengine - INFO - paramwise_options -- panoptic_head.dp_polygonize_head.decoder.post_norm.weight:weight_decay=0.0
2025/06/30 12:33:30 - mmengine - INFO - paramwise_options -- panoptic_head.dp_polygonize_head.decoder.post_norm.bias:weight_decay=0.0
2025/06/30 12:33:31 - mmengine - INFO - Frozen parameters: ['backbone', 'panoptic_head.pixel_decoder', 'panoptic_head.transformer_decoder', 'panoptic_head.decoder_input_projs', 'panoptic_head.query_embed', 'panoptic_head.query_feat', 'panoptic_head.level_embed', 'panoptic_head.cls_embed', 'panoptic_head.mask_embed']
2025/06/30 12:33:31 - mmengine - INFO - Training parameters: panoptic_head.mask_feat_proj.0.weight
2025/06/30 12:33:31 - mmengine - INFO - Training parameters: panoptic_head.mask_feat_proj.0.bias
2025/06/30 12:33:31 - mmengine - INFO - Training parameters: panoptic_head.mask_feat_proj.1.weight
2025/06/30 12:33:31 - mmengine - INFO - Training parameters: panoptic_head.mask_feat_proj.1.bias
2025/06/30 12:33:31 - mmengine - INFO - Training parameters: panoptic_head.mask_feat_proj.3.weight
2025/06/30 12:33:31 - mmengine - INFO - Training parameters: panoptic_head.mask_feat_proj.3.bias
2025/06/30 12:33:31 - mmengine - INFO - Training parameters: panoptic_head.mask_feat_proj.4.weight
2025/06/30 12:33:31 - mmengine - INFO - Training parameters: panoptic_head.mask_feat_proj.4.bias
2025/06/30 12:33:31 - mmengine - INFO - Training parameters: panoptic_head.mask_feat_proj.6.weight
2025/06/30 12:33:31 - mmengine - INFO - Training parameters: panoptic_head.mask_feat_proj.6.bias
2025/06/30 12:33:31 - mmengine - INFO - Training parameters: panoptic_head.dp_polygonize_head.decoder.layers.0.self_attn.attn.in_proj_weight
2025/06/30 12:33:31 - mmengine - INFO - Training parameters: panoptic_head.dp_polygonize_head.decoder.layers.0.self_attn.attn.in_proj_bias
2025/06/30 12:33:31 - mmengine - INFO - Training parameters: panoptic_head.dp_polygonize_head.decoder.layers.0.self_attn.attn.out_proj.weight
2025/06/30 12:33:31 - mmengine - INFO - Training parameters: panoptic_head.dp_polygonize_head.decoder.layers.0.self_attn.attn.out_proj.bias
2025/06/30 12:33:31 - mmengine - INFO - Training parameters: panoptic_head.dp_polygonize_head.decoder.layers.0.cross_attn.attn.in_proj_weight
2025/06/30 12:33:31 - mmengine - INFO - Training parameters: panoptic_head.dp_polygonize_head.decoder.layers.0.cross_attn.attn.in_proj_bias
2025/06/30 12:33:31 - mmengine - INFO - Training parameters: panoptic_head.dp_polygonize_head.decoder.layers.0.cross_attn.attn.out_proj.weight
2025/06/30 12:33:31 - mmengine - INFO - Training parameters: panoptic_head.dp_polygonize_head.decoder.layers.0.cross_attn.attn.out_proj.bias
2025/06/30 12:33:31 - mmengine - INFO - Training parameters: panoptic_head.dp_polygonize_head.decoder.layers.0.ffn.layers.0.0.weight
2025/06/30 12:33:31 - mmengine - INFO - Training parameters: panoptic_head.dp_polygonize_head.decoder.layers.0.ffn.layers.0.0.bias
2025/06/30 12:33:31 - mmengine - INFO - Training parameters: panoptic_head.dp_polygonize_head.decoder.layers.0.ffn.layers.1.weight
2025/06/30 12:33:31 - mmengine - INFO - Training parameters: panoptic_head.dp_polygonize_head.decoder.layers.0.ffn.layers.1.bias
2025/06/30 12:33:31 - mmengine - INFO - Training parameters: panoptic_head.dp_polygonize_head.decoder.layers.0.norms.0.weight
2025/06/30 12:33:31 - mmengine - INFO - Training parameters: panoptic_head.dp_polygonize_head.decoder.layers.0.norms.0.bias
2025/06/30 12:33:31 - mmengine - INFO - Training parameters: panoptic_head.dp_polygonize_head.decoder.layers.0.norms.1.weight
2025/06/30 12:33:31 - mmengine - INFO - Training parameters: panoptic_head.dp_polygonize_head.decoder.layers.0.norms.1.bias
2025/06/30 12:33:31 - mmengine - INFO - Training parameters: panoptic_head.dp_polygonize_head.decoder.layers.0.norms.2.weight
2025/06/30 12:33:31 - mmengine - INFO - Training parameters: panoptic_head.dp_polygonize_head.decoder.layers.0.norms.2.bias
2025/06/30 12:33:31 - mmengine - INFO - Training parameters: panoptic_head.dp_polygonize_head.decoder.layers.1.self_attn.attn.in_proj_weight
2025/06/30 12:33:31 - mmengine - INFO - Training parameters: panoptic_head.dp_polygonize_head.decoder.layers.1.self_attn.attn.in_proj_bias
2025/06/30 12:33:31 - mmengine - INFO - Training parameters: panoptic_head.dp_polygonize_head.decoder.layers.1.self_attn.attn.out_proj.weight
2025/06/30 12:33:31 - mmengine - INFO - Training parameters: panoptic_head.dp_polygonize_head.decoder.layers.1.self_attn.attn.out_proj.bias
2025/06/30 12:33:31 - mmengine - INFO - Training parameters: panoptic_head.dp_polygonize_head.decoder.layers.1.cross_attn.attn.in_proj_weight
2025/06/30 12:33:31 - mmengine - INFO - Training parameters: panoptic_head.dp_polygonize_head.decoder.layers.1.cross_attn.attn.in_proj_bias
2025/06/30 12:33:31 - mmengine - INFO - Training parameters: panoptic_head.dp_polygonize_head.decoder.layers.1.cross_attn.attn.out_proj.weight
2025/06/30 12:33:31 - mmengine - INFO - Training parameters: panoptic_head.dp_polygonize_head.decoder.layers.1.cross_attn.attn.out_proj.bias
2025/06/30 12:33:31 - mmengine - INFO - Training parameters: panoptic_head.dp_polygonize_head.decoder.layers.1.ffn.layers.0.0.weight
2025/06/30 12:33:31 - mmengine - INFO - Training parameters: panoptic_head.dp_polygonize_head.decoder.layers.1.ffn.layers.0.0.bias
2025/06/30 12:33:31 - mmengine - INFO - Training parameters: panoptic_head.dp_polygonize_head.decoder.layers.1.ffn.layers.1.weight
2025/06/30 12:33:31 - mmengine - INFO - Training parameters: panoptic_head.dp_polygonize_head.decoder.layers.1.ffn.layers.1.bias
2025/06/30 12:33:31 - mmengine - INFO - Training parameters: panoptic_head.dp_polygonize_head.decoder.layers.1.norms.0.weight
2025/06/30 12:33:31 - mmengine - INFO - Training parameters: panoptic_head.dp_polygonize_head.decoder.layers.1.norms.0.bias
2025/06/30 12:33:31 - mmengine - INFO - Training parameters: panoptic_head.dp_polygonize_head.decoder.layers.1.norms.1.weight
2025/06/30 12:33:31 - mmengine - INFO - Training parameters: panoptic_head.dp_polygonize_head.decoder.layers.1.norms.1.bias
2025/06/30 12:33:31 - mmengine - INFO - Training parameters: panoptic_head.dp_polygonize_head.decoder.layers.1.norms.2.weight
2025/06/30 12:33:31 - mmengine - INFO - Training parameters: panoptic_head.dp_polygonize_head.decoder.layers.1.norms.2.bias
2025/06/30 12:33:31 - mmengine - INFO - Training parameters: panoptic_head.dp_polygonize_head.decoder.layers.2.self_attn.attn.in_proj_weight
2025/06/30 12:33:31 - mmengine - INFO - Training parameters: panoptic_head.dp_polygonize_head.decoder.layers.2.self_attn.attn.in_proj_bias
2025/06/30 12:33:31 - mmengine - INFO - Training parameters: panoptic_head.dp_polygonize_head.decoder.layers.2.self_attn.attn.out_proj.weight
2025/06/30 12:33:31 - mmengine - INFO - Training parameters: panoptic_head.dp_polygonize_head.decoder.layers.2.self_attn.attn.out_proj.bias
2025/06/30 12:33:31 - mmengine - INFO - Training parameters: panoptic_head.dp_polygonize_head.decoder.layers.2.cross_attn.attn.in_proj_weight
2025/06/30 12:33:31 - mmengine - INFO - Training parameters: panoptic_head.dp_polygonize_head.decoder.layers.2.cross_attn.attn.in_proj_bias
2025/06/30 12:33:31 - mmengine - INFO - Training parameters: panoptic_head.dp_polygonize_head.decoder.layers.2.cross_attn.attn.out_proj.weight
2025/06/30 12:33:31 - mmengine - INFO - Training parameters: panoptic_head.dp_polygonize_head.decoder.layers.2.cross_attn.attn.out_proj.bias
2025/06/30 12:33:31 - mmengine - INFO - Training parameters: panoptic_head.dp_polygonize_head.decoder.layers.2.ffn.layers.0.0.weight
2025/06/30 12:33:31 - mmengine - INFO - Training parameters: panoptic_head.dp_polygonize_head.decoder.layers.2.ffn.layers.0.0.bias
2025/06/30 12:33:31 - mmengine - INFO - Training parameters: panoptic_head.dp_polygonize_head.decoder.layers.2.ffn.layers.1.weight
2025/06/30 12:33:31 - mmengine - INFO - Training parameters: panoptic_head.dp_polygonize_head.decoder.layers.2.ffn.layers.1.bias
2025/06/30 12:33:31 - mmengine - INFO - Training parameters: panoptic_head.dp_polygonize_head.decoder.layers.2.norms.0.weight
2025/06/30 12:33:31 - mmengine - INFO - Training parameters: panoptic_head.dp_polygonize_head.decoder.layers.2.norms.0.bias
2025/06/30 12:33:31 - mmengine - INFO - Training parameters: panoptic_head.dp_polygonize_head.decoder.layers.2.norms.1.weight
2025/06/30 12:33:31 - mmengine - INFO - Training parameters: panoptic_head.dp_polygonize_head.decoder.layers.2.norms.1.bias
2025/06/30 12:33:31 - mmengine - INFO - Training parameters: panoptic_head.dp_polygonize_head.decoder.layers.2.norms.2.weight
2025/06/30 12:33:31 - mmengine - INFO - Training parameters: panoptic_head.dp_polygonize_head.decoder.layers.2.norms.2.bias
2025/06/30 12:33:31 - mmengine - INFO - Training parameters: panoptic_head.dp_polygonize_head.decoder.post_norm.weight
2025/06/30 12:33:31 - mmengine - INFO - Training parameters: panoptic_head.dp_polygonize_head.decoder.post_norm.bias
2025/06/30 12:33:31 - mmengine - INFO - Training parameters: panoptic_head.dp_polygonize_head.poly_reg_head.0.weight
2025/06/30 12:33:31 - mmengine - INFO - Training parameters: panoptic_head.dp_polygonize_head.poly_reg_head.0.bias
2025/06/30 12:33:31 - mmengine - INFO - Training parameters: panoptic_head.dp_polygonize_head.poly_reg_head.2.weight
2025/06/30 12:33:31 - mmengine - INFO - Training parameters: panoptic_head.dp_polygonize_head.poly_reg_head.2.bias
2025/06/30 12:33:31 - mmengine - INFO - Training parameters: panoptic_head.dp_polygonize_head.poly_reg_head.4.weight
2025/06/30 12:33:31 - mmengine - INFO - Training parameters: panoptic_head.dp_polygonize_head.poly_reg_head.4.bias
2025/06/30 12:33:31 - mmengine - INFO - Training parameters: panoptic_head.dp_polygonize_head.poly_embed.weight
2025/06/30 12:33:31 - mmengine - INFO - Training parameters: panoptic_head.dp_polygonize_head.poly_embed.bias
2025/06/30 12:33:31 - mmengine - INFO - Auto resumed from the latest checkpoint D:\Sagi\GCP\GCP\work_dir\gcp_training\gcp_e5_lre-4_kostanai_afs_v2\epoch_2.pth.
2025/06/30 12:33:35 - mmengine - INFO - Load checkpoint from D:\Sagi\GCP\GCP\work_dir\gcp_training\gcp_e5_lre-4_kostanai_afs_v2\epoch_2.pth
2025/06/30 12:33:35 - mmengine - INFO - resumed epoch: 2, iter: 1884
2025/06/30 12:33:35 - mmengine - WARNING - "FileClient" will be deprecated in future. Please use io functions in https://mmengine.readthedocs.io/en/latest/api/fileio.html#file-io
2025/06/30 12:33:35 - mmengine - WARNING - "HardDiskBackend" is the alias of "LocalBackend" and the former will be deprecated in future.
2025/06/30 12:33:35 - mmengine - INFO - Checkpoints will be saved to D:\Sagi\GCP\GCP\work_dir\gcp_training\gcp_e5_lre-4_kostanai_afs_v2.
2025/06/30 12:34:34 - mmengine - INFO - Epoch(train) [3][ 50/942]  base_lr: 1.0000e-04 lr: 1.0000e-05  eta: 1:50:23  time: 0.9978  data_time: 0.0013  memory: 5942  grad_norm: 2.7018  loss: 16.2364  loss_cls: 0.2654  loss_mask: 0.0655  loss_dice: 0.7737  loss_poly_reg: 1.0559  loss_poly_ang: 0.9761  loss_dp: 0.3721  d0.loss_cls: 1.0139  d0.loss_mask: 0.0929  d0.loss_dice: 0.8994  d1.loss_cls: 0.3873  d1.loss_mask: 0.0802  d1.loss_dice: 0.8487  d2.loss_cls: 0.3425  d2.loss_mask: 0.0912  d2.loss_dice: 0.8636  d3.loss_cls: 0.3176  d3.loss_mask: 0.0897  d3.loss_dice: 0.8581  d4.loss_cls: 0.2529  d4.loss_mask: 0.0727  d4.loss_dice: 0.8480  d5.loss_cls: 0.2570  d5.loss_mask: 0.0736  d5.loss_dice: 0.8481  d6.loss_cls: 0.2509  d6.loss_mask: 0.0679  d6.loss_dice: 0.7786  d7.loss_cls: 0.2699  d7.loss_mask: 0.0714  d7.loss_dice: 0.8387  d8.loss_cls: 0.2372  d8.loss_mask: 0.0665  d8.loss_dice: 0.8049  d9.loss_cls: 0.2654  d9.loss_mask: 0.0655  d9.loss_dice: 0.7737
2025/06/30 12:35:30 - mmengine - INFO - Epoch(train) [3][100/942]  base_lr: 1.0000e-04 lr: 1.0000e-05  eta: 1:46:44  time: 0.9912  data_time: 0.0027  memory: 7488  grad_norm: 3.2269  loss: 15.1041  loss_cls: 0.1941  loss_mask: 0.0876  loss_dice: 0.6600  loss_poly_reg: 1.3179  loss_poly_ang: 0.8647  loss_dp: 0.3781  d0.loss_cls: 0.7847  d0.loss_mask: 0.1171  d0.loss_dice: 0.8559  d1.loss_cls: 0.4020  d1.loss_mask: 0.1006  d1.loss_dice: 0.7883  d2.loss_cls: 0.3482  d2.loss_mask: 0.0954  d2.loss_dice: 0.7770  d3.loss_cls: 0.3094  d3.loss_mask: 0.0982  d3.loss_dice: 0.7306  d4.loss_cls: 0.3050  d4.loss_mask: 0.0947  d4.loss_dice: 0.7346  d5.loss_cls: 0.2339  d5.loss_mask: 0.0919  d5.loss_dice: 0.7187  d6.loss_cls: 0.2240  d6.loss_mask: 0.0895  d6.loss_dice: 0.7182  d7.loss_cls: 0.2161  d7.loss_mask: 0.0864  d7.loss_dice: 0.7063  d8.loss_cls: 0.2232  d8.loss_mask: 0.0881  d8.loss_dice: 0.7223  d9.loss_cls: 0.1941  d9.loss_mask: 0.0876  d9.loss_dice: 0.6600
2025/06/30 12:35:50 - mmengine - INFO - Exp name: gcp_r50_kazgisa-kostanai_20250630_123312
2025/06/30 12:36:30 - mmengine - INFO - Epoch(train) [3][150/942]  base_lr: 1.0000e-04 lr: 1.0000e-05  eta: 1:47:11  time: 1.1880  data_time: 0.0017  memory: 6665  grad_norm: 2.7749  loss: 15.8231  loss_cls: 0.2211  loss_mask: 0.0788  loss_dice: 0.7079  loss_poly_reg: 1.1762  loss_poly_ang: 0.8669  loss_dp: 0.4260  d0.loss_cls: 1.0664  d0.loss_mask: 0.1076  d0.loss_dice: 0.8889  d1.loss_cls: 0.3459  d1.loss_mask: 0.0901  d1.loss_dice: 0.8302  d2.loss_cls: 0.3202  d2.loss_mask: 0.0907  d2.loss_dice: 0.8231  d3.loss_cls: 0.3077  d3.loss_mask: 0.0885  d3.loss_dice: 0.8409  d4.loss_cls: 0.2915  d4.loss_mask: 0.0882  d4.loss_dice: 0.8166  d5.loss_cls: 0.2446  d5.loss_mask: 0.0878  d5.loss_dice: 0.8065  d6.loss_cls: 0.2095  d6.loss_mask: 0.0822  d6.loss_dice: 0.7763  d7.loss_cls: 0.2176  d7.loss_mask: 0.0803  d7.loss_dice: 0.7519  d8.loss_cls: 0.2292  d8.loss_mask: 0.0807  d8.loss_dice: 0.7752  d9.loss_cls: 0.2211  d9.loss_mask: 0.0788  d9.loss_dice: 0.7079
2025/06/30 12:37:34 - mmengine - INFO - Epoch(train) [3][200/942]  base_lr: 1.0000e-04 lr: 1.0000e-05  eta: 1:48:53  time: 1.3888  data_time: 0.0047  memory: 8040  grad_norm: 2.4202  loss: 17.6889  loss_cls: 0.2622  loss_mask: 0.0696  loss_dice: 0.8069  loss_poly_reg: 1.1232  loss_poly_ang: 1.0463  loss_dp: 0.3974  d0.loss_cls: 1.3858  d0.loss_mask: 0.1039  d0.loss_dice: 1.0107  d1.loss_cls: 0.5258  d1.loss_mask: 0.0829  d1.loss_dice: 0.9353  d2.loss_cls: 0.4659  d2.loss_mask: 0.0823  d2.loss_dice: 0.8985  d3.loss_cls: 0.4002  d3.loss_mask: 0.0755  d3.loss_dice: 0.8719  d4.loss_cls: 0.2944  d4.loss_mask: 0.0790  d4.loss_dice: 0.8743  d5.loss_cls: 0.2703  d5.loss_mask: 0.0764  d5.loss_dice: 0.8693  d6.loss_cls: 0.2855  d6.loss_mask: 0.0731  d6.loss_dice: 0.8459  d7.loss_cls: 0.2698  d7.loss_mask: 0.0719  d7.loss_dice: 0.8577  d8.loss_cls: 0.2715  d8.loss_mask: 0.0706  d8.loss_dice: 0.7965  d9.loss_cls: 0.2622  d9.loss_mask: 0.0696  d9.loss_dice: 0.8069
2025/06/30 12:39:06 - mmengine - INFO - Epoch(train) [3][250/942]  base_lr: 1.0000e-04 lr: 1.0000e-05  eta: 1:59:25  time: 1.5522  data_time: 0.0024  memory: 9673  grad_norm: 3.9450  loss: 17.3307  loss_cls: 0.3075  loss_mask: 0.1070  loss_dice: 0.8329  loss_poly_reg: 1.2482  loss_poly_ang: 0.7825  loss_dp: 0.3951  d0.loss_cls: 0.7451  d0.loss_mask: 0.1656  d0.loss_dice: 0.9430  d1.loss_cls: 0.3648  d1.loss_mask: 0.1426  d1.loss_dice: 0.9778  d2.loss_cls: 0.3416  d2.loss_mask: 0.1298  d2.loss_dice: 0.9150  d3.loss_cls: 0.3279  d3.loss_mask: 0.1552  d3.loss_dice: 0.8506  d4.loss_cls: 0.3120  d4.loss_mask: 0.1452  d4.loss_dice: 0.8105  d5.loss_cls: 0.2920  d5.loss_mask: 0.1213  d5.loss_dice: 0.8361  d6.loss_cls: 0.3325  d6.loss_mask: 0.1189  d6.loss_dice: 0.8463  d7.loss_cls: 0.2902  d7.loss_mask: 0.1254  d7.loss_dice: 0.8753  d8.loss_cls: 0.3422  d8.loss_mask: 0.1117  d8.loss_dice: 0.7917  d9.loss_cls: 0.3075  d9.loss_mask: 0.1070  d9.loss_dice: 0.8329
2025/06/30 12:41:11 - mmengine - INFO - Epoch(train) [3][300/942]  base_lr: 1.0000e-04 lr: 1.0000e-05  eta: 2:15:35  time: 1.6850  data_time: 0.0015  memory: 7707  grad_norm: 2.8005  loss: 15.7696  loss_cls: 0.2618  loss_mask: 0.0668  loss_dice: 0.6691  loss_poly_reg: 1.3488  loss_poly_ang: 1.0645  loss_dp: 0.3878  d0.loss_cls: 0.8320  d0.loss_mask: 0.1077  d0.loss_dice: 0.8937  d1.loss_cls: 0.4037  d1.loss_mask: 0.0964  d1.loss_dice: 0.8081  d2.loss_cls: 0.3781  d2.loss_mask: 0.0907  d2.loss_dice: 0.7981  d3.loss_cls: 0.3246  d3.loss_mask: 0.0828  d3.loss_dice: 0.7977  d4.loss_cls: 0.2963  d4.loss_mask: 0.0827  d4.loss_dice: 0.7722  d5.loss_cls: 0.2663  d5.loss_mask: 0.0802  d5.loss_dice: 0.7404  d6.loss_cls: 0.2575  d6.loss_mask: 0.0726  d6.loss_dice: 0.7010  d7.loss_cls: 0.2407  d7.loss_mask: 0.0701  d7.loss_dice: 0.7208  d8.loss_cls: 0.2414  d8.loss_mask: 0.0704  d8.loss_dice: 0.7468  d9.loss_cls: 0.2618  d9.loss_mask: 0.0668  d9.loss_dice: 0.6691
2025/06/30 12:42:55 - mmengine - INFO - Epoch(train) [3][350/942]  base_lr: 1.0000e-04 lr: 1.0000e-05  eta: 2:21:31  time: 2.5567  data_time: 0.0033  memory: 6352  grad_norm: 2.6814  loss: 20.2820  loss_cls: 0.2698  loss_mask: 0.1305  loss_dice: 0.9903  loss_poly_reg: 1.2468  loss_poly_ang: 0.8738  loss_dp: 0.4152  d0.loss_cls: 1.3794  d0.loss_mask: 0.1763  d0.loss_dice: 1.1120  d1.loss_cls: 0.5205  d1.loss_mask: 0.1597  d1.loss_dice: 1.1170  d2.loss_cls: 0.4717  d2.loss_mask: 0.1338  d2.loss_dice: 1.0211  d3.loss_cls: 0.4009  d3.loss_mask: 0.2090  d3.loss_dice: 0.9784  d4.loss_cls: 0.3387  d4.loss_mask: 0.1481  d4.loss_dice: 1.0587  d5.loss_cls: 0.2911  d5.loss_mask: 0.1512  d5.loss_dice: 1.0234  d6.loss_cls: 0.2769  d6.loss_mask: 0.1721  d6.loss_dice: 1.0202  d7.loss_cls: 0.3011  d7.loss_mask: 0.1377  d7.loss_dice: 0.9549  d8.loss_cls: 0.2970  d8.loss_mask: 0.1369  d8.loss_dice: 0.9771  d9.loss_cls: 0.2698  d9.loss_mask: 0.1305  d9.loss_dice: 0.9903
2025/06/30 12:44:39 - mmengine - INFO - Epoch(train) [3][400/942]  base_lr: 1.0000e-04 lr: 1.0000e-05  eta: 2:25:24  time: 2.1480  data_time: 0.0032  memory: 7340  grad_norm: 2.6130  loss: 18.1440  loss_cls: 0.2555  loss_mask: 0.0928  loss_dice: 0.8537  loss_poly_reg: 1.1053  loss_poly_ang: 0.9719  loss_dp: 0.4055  d0.loss_cls: 1.3629  d0.loss_mask: 0.1349  d0.loss_dice: 1.0836  d1.loss_cls: 0.4713  d1.loss_mask: 0.1090  d1.loss_dice: 0.9963  d2.loss_cls: 0.3889  d2.loss_mask: 0.1117  d2.loss_dice: 0.9615  d3.loss_cls: 0.3350  d3.loss_mask: 0.1048  d3.loss_dice: 0.9655  d4.loss_cls: 0.3146  d4.loss_mask: 0.1047  d4.loss_dice: 0.9383  d5.loss_cls: 0.2708  d5.loss_mask: 0.0990  d5.loss_dice: 0.9034  d6.loss_cls: 0.2500  d6.loss_mask: 0.0995  d6.loss_dice: 0.8944  d7.loss_cls: 0.2453  d7.loss_mask: 0.0970  d7.loss_dice: 0.8597  d8.loss_cls: 0.2513  d8.loss_mask: 0.0943  d8.loss_dice: 0.8096  d9.loss_cls: 0.2555  d9.loss_mask: 0.0928  d9.loss_dice: 0.8537
2025/06/30 12:46:12 - mmengine - INFO - Epoch(train) [3][450/942]  base_lr: 1.0000e-04 lr: 1.0000e-05  eta: 2:25:49  time: 2.0683  data_time: 0.0020  memory: 6029  grad_norm: 2.5702  loss: 16.5487  loss_cls: 0.2794  loss_mask: 0.0739  loss_dice: 0.7257  loss_poly_reg: 1.0852  loss_poly_ang: 0.8111  loss_dp: 0.3858  d0.loss_cls: 1.1551  d0.loss_mask: 0.1158  d0.loss_dice: 0.9752  d1.loss_cls: 0.4293  d1.loss_mask: 0.1047  d1.loss_dice: 0.9267  d2.loss_cls: 0.4133  d2.loss_mask: 0.1000  d2.loss_dice: 0.8656  d3.loss_cls: 0.3462  d3.loss_mask: 0.1124  d3.loss_dice: 0.8943  d4.loss_cls: 0.3680  d4.loss_mask: 0.0926  d4.loss_dice: 0.8031  d5.loss_cls: 0.3242  d5.loss_mask: 0.0833  d5.loss_dice: 0.7548  d6.loss_cls: 0.2855  d6.loss_mask: 0.0770  d6.loss_dice: 0.7293  d7.loss_cls: 0.2905  d7.loss_mask: 0.0753  d7.loss_dice: 0.7400  d8.loss_cls: 0.2684  d8.loss_mask: 0.0755  d8.loss_dice: 0.7024  d9.loss_cls: 0.2794  d9.loss_mask: 0.0739  d9.loss_dice: 0.7257
2025/06/30 12:48:02 - mmengine - INFO - Epoch(train) [3][500/942]  base_lr: 1.0000e-04 lr: 1.0000e-05  eta: 2:28:52  time: 2.3986  data_time: 0.0026  memory: 7838  grad_norm: 3.3199  loss: 17.0333  loss_cls: 0.2316  loss_mask: 0.0629  loss_dice: 0.8282  loss_poly_reg: 1.1806  loss_poly_ang: 0.8696  loss_dp: 0.3890  d0.loss_cls: 1.0600  d0.loss_mask: 0.0964  d0.loss_dice: 1.0003  d1.loss_cls: 0.3993  d1.loss_mask: 0.0703  d1.loss_dice: 0.9450  d2.loss_cls: 0.3680  d2.loss_mask: 0.0801  d2.loss_dice: 0.8997  d3.loss_cls: 0.3821  d3.loss_mask: 0.0648  d3.loss_dice: 0.9177  d4.loss_cls: 0.3344  d4.loss_mask: 0.0678  d4.loss_dice: 0.8800  d5.loss_cls: 0.2663  d5.loss_mask: 0.0671  d5.loss_dice: 0.8860  d6.loss_cls: 0.2108  d6.loss_mask: 0.0667  d6.loss_dice: 0.8746  d7.loss_cls: 0.2591  d7.loss_mask: 0.0630  d7.loss_dice: 0.8983  d8.loss_cls: 0.2681  d8.loss_mask: 0.0646  d8.loss_dice: 0.8582  d9.loss_cls: 0.2316  d9.loss_mask: 0.0629  d9.loss_dice: 0.8282
2025/06/30 12:49:39 - mmengine - INFO - Epoch(train) [3][550/942]  base_lr: 1.0000e-04 lr: 1.0000e-05  eta: 2:29:07  time: 2.1227  data_time: 0.0005  memory: 7234  grad_norm: 2.4945  loss: 16.0559  loss_cls: 0.2421  loss_mask: 0.0801  loss_dice: 0.7639  loss_poly_reg: 1.1071  loss_poly_ang: 0.7985  loss_dp: 0.3602  d0.loss_cls: 0.9088  d0.loss_mask: 0.1114  d0.loss_dice: 1.0199  d1.loss_cls: 0.3903  d1.loss_mask: 0.0927  d1.loss_dice: 0.9091  d2.loss_cls: 0.3588  d2.loss_mask: 0.0897  d2.loss_dice: 0.8309  d3.loss_cls: 0.3476  d3.loss_mask: 0.0870  d3.loss_dice: 0.7884  d4.loss_cls: 0.3068  d4.loss_mask: 0.0927  d4.loss_dice: 0.8134  d5.loss_cls: 0.2711  d5.loss_mask: 0.0902  d5.loss_dice: 0.8077  d6.loss_cls: 0.2434  d6.loss_mask: 0.0827  d6.loss_dice: 0.8175  d7.loss_cls: 0.2391  d7.loss_mask: 0.0828  d7.loss_dice: 0.7622  d8.loss_cls: 0.2429  d8.loss_mask: 0.0822  d8.loss_dice: 0.7485  d9.loss_cls: 0.2421  d9.loss_mask: 0.0801  d9.loss_dice: 0.7639
2025/06/30 12:51:19 - mmengine - INFO - Epoch(train) [3][600/942]  base_lr: 1.0000e-04 lr: 1.0000e-05  eta: 2:29:17  time: 1.9832  data_time: 0.0019  memory: 8101  grad_norm: 3.6355  loss: 14.4307  loss_cls: 0.2249  loss_mask: 0.0561  loss_dice: 0.6925  loss_poly_reg: 1.1153  loss_poly_ang: 0.7946  loss_dp: 0.3617  d0.loss_cls: 0.9157  d0.loss_mask: 0.0953  d0.loss_dice: 0.8690  d1.loss_cls: 0.3809  d1.loss_mask: 0.0651  d1.loss_dice: 0.7848  d2.loss_cls: 0.3519  d2.loss_mask: 0.0624  d2.loss_dice: 0.7002  d3.loss_cls: 0.2950  d3.loss_mask: 0.0669  d3.loss_dice: 0.7505  d4.loss_cls: 0.2642  d4.loss_mask: 0.0691  d4.loss_dice: 0.7419  d5.loss_cls: 0.2514  d5.loss_mask: 0.0572  d5.loss_dice: 0.6979  d6.loss_cls: 0.2139  d6.loss_mask: 0.0574  d6.loss_dice: 0.6570  d7.loss_cls: 0.2111  d7.loss_mask: 0.0562  d7.loss_dice: 0.6657  d8.loss_cls: 0.2332  d8.loss_mask: 0.0575  d8.loss_dice: 0.6406  d9.loss_cls: 0.2249  d9.loss_mask: 0.0561  d9.loss_dice: 0.6925
2025/06/30 12:53:10 - mmengine - INFO - Epoch(train) [3][650/942]  base_lr: 1.0000e-04 lr: 1.0000e-05  eta: 2:30:42  time: 2.6446  data_time: 0.0015  memory: 7759  grad_norm: 2.8086  loss: 19.1070  loss_cls: 0.3213  loss_mask: 0.0867  loss_dice: 0.8951  loss_poly_reg: 1.1248  loss_poly_ang: 0.8496  loss_dp: 0.3941  d0.loss_cls: 1.3153  d0.loss_mask: 0.1144  d0.loss_dice: 1.0894  d1.loss_cls: 0.4828  d1.loss_mask: 0.1056  d1.loss_dice: 1.0350  d2.loss_cls: 0.4751  d2.loss_mask: 0.1023  d2.loss_dice: 1.0141  d3.loss_cls: 0.3951  d3.loss_mask: 0.0947  d3.loss_dice: 1.0309  d4.loss_cls: 0.3438  d4.loss_mask: 0.0997  d4.loss_dice: 0.9789  d5.loss_cls: 0.3403  d5.loss_mask: 0.0902  d5.loss_dice: 0.9736  d6.loss_cls: 0.3200  d6.loss_mask: 0.0886  d6.loss_dice: 0.9764  d7.loss_cls: 0.3244  d7.loss_mask: 0.0862  d7.loss_dice: 0.9804  d8.loss_cls: 0.3021  d8.loss_mask: 0.0872  d8.loss_dice: 0.8858  d9.loss_cls: 0.3213  d9.loss_mask: 0.0867  d9.loss_dice: 0.8951
2025/06/30 12:54:42 - mmengine - INFO - Epoch(train) [3][700/942]  base_lr: 1.0000e-04 lr: 1.0000e-05  eta: 2:29:26  time: 1.7492  data_time: 0.0028  memory: 7970  grad_norm: 2.5304  loss: 15.0198  loss_cls: 0.2095  loss_mask: 0.0743  loss_dice: 0.7339  loss_poly_reg: 1.0132  loss_poly_ang: 0.7862  loss_dp: 0.3648  d0.loss_cls: 0.8841  d0.loss_mask: 0.0907  d0.loss_dice: 0.8479  d1.loss_cls: 0.4114  d1.loss_mask: 0.0764  d1.loss_dice: 0.8030  d2.loss_cls: 0.3219  d2.loss_mask: 0.0845  d2.loss_dice: 0.7782  d3.loss_cls: 0.3515  d3.loss_mask: 0.0768  d3.loss_dice: 0.7610  d4.loss_cls: 0.2879  d4.loss_mask: 0.0768  d4.loss_dice: 0.7700  d5.loss_cls: 0.2495  d5.loss_mask: 0.0802  d5.loss_dice: 0.7707  d6.loss_cls: 0.2232  d6.loss_mask: 0.0790  d6.loss_dice: 0.7604  d7.loss_cls: 0.2284  d7.loss_mask: 0.0757  d7.loss_dice: 0.7102  d8.loss_cls: 0.2047  d8.loss_mask: 0.0755  d8.loss_dice: 0.7407  d9.loss_cls: 0.2095  d9.loss_mask: 0.0743  d9.loss_dice: 0.7339
2025/06/30 12:56:18 - mmengine - INFO - Epoch(train) [3][750/942]  base_lr: 1.0000e-04 lr: 1.0000e-05  eta: 2:28:30  time: 2.3793  data_time: 0.0033  memory: 6386  grad_norm: 3.1030  loss: 15.8355  loss_cls: 0.2092  loss_mask: 0.0601  loss_dice: 0.7366  loss_poly_reg: 1.1239  loss_poly_ang: 0.8644  loss_dp: 0.3756  d0.loss_cls: 1.2026  d0.loss_mask: 0.0856  d0.loss_dice: 0.9174  d1.loss_cls: 0.4369  d1.loss_mask: 0.0668  d1.loss_dice: 0.8340  d2.loss_cls: 0.3639  d2.loss_mask: 0.0722  d2.loss_dice: 0.8834  d3.loss_cls: 0.3192  d3.loss_mask: 0.0668  d3.loss_dice: 0.7792  d4.loss_cls: 0.2858  d4.loss_mask: 0.0651  d4.loss_dice: 0.7970  d5.loss_cls: 0.2301  d5.loss_mask: 0.0642  d5.loss_dice: 0.7961  d6.loss_cls: 0.2646  d6.loss_mask: 0.0606  d6.loss_dice: 0.7480  d7.loss_cls: 0.2562  d7.loss_mask: 0.0597  d7.loss_dice: 0.7440  d8.loss_cls: 0.2375  d8.loss_mask: 0.0620  d8.loss_dice: 0.7611  d9.loss_cls: 0.2092  d9.loss_mask: 0.0601  d9.loss_dice: 0.7366
2025/06/30 12:57:56 - mmengine - INFO - Epoch(train) [3][800/942]  base_lr: 1.0000e-04 lr: 1.0000e-05  eta: 2:27:41  time: 1.5566  data_time: 0.0037  memory: 6674  grad_norm: 3.1688  loss: 13.8606  loss_cls: 0.2022  loss_mask: 0.0658  loss_dice: 0.6850  loss_poly_reg: 0.9973  loss_poly_ang: 0.7379  loss_dp: 0.3673  d0.loss_cls: 0.7714  d0.loss_mask: 0.0854  d0.loss_dice: 0.7834  d1.loss_cls: 0.3307  d1.loss_mask: 0.0784  d1.loss_dice: 0.7367  d2.loss_cls: 0.3365  d2.loss_mask: 0.0677  d2.loss_dice: 0.7301  d3.loss_cls: 0.3229  d3.loss_mask: 0.0647  d3.loss_dice: 0.6893  d4.loss_cls: 0.2827  d4.loss_mask: 0.0673  d4.loss_dice: 0.6956  d5.loss_cls: 0.2322  d5.loss_mask: 0.0613  d5.loss_dice: 0.6861  d6.loss_cls: 0.2095  d6.loss_mask: 0.0643  d6.loss_dice: 0.6482  d7.loss_cls: 0.2096  d7.loss_mask: 0.0630  d7.loss_dice: 0.7480  d8.loss_cls: 0.1993  d8.loss_mask: 0.0606  d8.loss_dice: 0.6272  d9.loss_cls: 0.2022  d9.loss_mask: 0.0658  d9.loss_dice: 0.6850
